<?xml version="1.0" encoding="utf-8"?><testsuites name="pytest tests"><testsuite name="pytest" errors="0" failures="0" skipped="0" tests="4" time="2.769" timestamp="2026-06-28T15:14:33.339689+00:00" hostname="agent-env-39ee56db-deb0-48b0-874c-813f7d832e48"><testcase classname="backend.tests.test_backup_center_replace_mode" name="test_01_import_preview_reports_to_delete_count" time="0.832" /><testcase classname="backend.tests.test_backup_center_replace_mode" name="test_02_replace_mode_deletes_missing_docs_then_upsert_restores" time="1.002" /><testcase classname="backend.tests.test_backup_center_replace_mode" name="test_03_upsert_default_never_deletes" time="0.359" /><testcase classname="backend.tests.test_backup_center_replace_mode" name="test_04_backup_center_import_zip_accepts_mode" time="0.428" /></testsuite></testsuites>