<?xml version="1.0" encoding="utf-8"?><testsuites name="pytest tests"><testsuite name="pytest" errors="0" failures="0" skipped="0" tests="3" time="0.900" timestamp="2026-06-09T02:27:39.286193+00:00" hostname="agent-env-4d2457bf-ab53-41f4-907d-a6f00257e144"><testcase classname="tests.test_iter40_matrix_patrocinador_http" name="test_template_variables_matrix_and_patrocinador" time="0.265" /><testcase classname="tests.test_iter40_matrix_patrocinador_http" name="test_preview_patrocinador_renders_and_table_preserved" time="0.062" /><testcase classname="tests.test_iter40_matrix_patrocinador_http" name="test_preview_patrocinador_sponsored_vs_unsponsored" time="0.430" /></testsuite></testsuites>