<?xml version="1.0" encoding="utf-8"?><testsuites name="pytest tests"><testsuite name="pytest" errors="0" failures="0" skipped="0" tests="8" time="3.897" timestamp="2026-06-03T13:08:35.721848+00:00" hostname="agent-env-b8fcb52a-7e37-4fb8-af01-88e255885fd2"><testcase classname="backend.tests.test_backup_center" name="test_entities_list_returns_9" time="0.752" /><testcase classname="backend.tests.test_backup_center" name="test_export_single_module[banks]" time="0.200" /><testcase classname="backend.tests.test_backup_center" name="test_export_single_module[integrators]" time="0.162" /><testcase classname="backend.tests.test_backup_center" name="test_export_single_module[user-permissions]" time="0.157" /><testcase classname="backend.tests.test_backup_center" name="test_export_zip_multiple_modules" time="0.479" /><testcase classname="backend.tests.test_backup_center" name="test_user_permissions_round_trip_idempotent" time="0.330" /><testcase classname="backend.tests.test_backup_center" name="test_integrators_round_trip_idempotent" time="0.938" /><testcase classname="backend.tests.test_backup_center" name="test_non_admin_blocked" time="0.709" /></testsuite></testsuites>