<?xml version="1.0" encoding="utf-8"?><testsuites name="pytest tests"><testsuite name="pytest" errors="0" failures="0" skipped="0" tests="4" time="5.714" timestamp="2026-06-26T03:36:42.651002+00:00" hostname="agent-env-2634efe4-aa39-4364-be50-28b0c290a24c"><testcase classname="tests.test_iteration206_remove_mail_hosted_images" name="test_embed_body_images_removes_mail_google_and_keeps_others_as_cid" time="1.154" /><testcase classname="tests.test_iteration206_remove_mail_hosted_images" name="test_real_template_notif_proyecto_cliente_strips_all_mail_google" time="0.008" /><testcase classname="tests.test_iteration206_remove_mail_hosted_images" name="test_send_email_real_template_logs_no_mail_google_in_preview" time="3.591" /><testcase classname="tests.test_iteration206_remove_mail_hosted_images" name="test_embed_body_images_only_gmail_is_fast_and_empty" time="0.002" /></testsuite></testsuites>