<?xml version="1.0" encoding="utf-8"?><testsuites name="pytest tests"><testsuite name="pytest" errors="0" failures="0" skipped="0" tests="4" time="11.727" timestamp="2026-06-26T02:30:01.510141+00:00" hostname="agent-env-2634efe4-aa39-4364-be50-28b0c290a24c"><testcase classname="tests.test_iteration205_email_body_images_cid" name="test_embed_body_images_unit_relative_absolute_datauri_and_gmail" time="2.857" /><testcase classname="tests.test_iteration205_email_body_images_cid" name="test_send_email_persists_cid_in_email_logs" time="5.349" /><testcase classname="tests.test_iteration205_email_body_images_cid" name="test_embed_body_images_gmail_only_does_not_raise" time="0.983" /><testcase classname="tests.test_iteration205_email_body_images_cid" name="test_upload_image_returns_absolute_url" time="1.552" /></testsuite></testsuites>