<?xml version="1.0" encoding="utf-8"?><testsuites name="pytest tests"><testsuite name="pytest" errors="0" failures="0" skipped="0" tests="7" time="1.540" timestamp="2026-06-09T01:11:01.209771+00:00" hostname="agent-env-4d2457bf-ab53-41f4-907d-a6f00257e144"><testcase classname="tests.test_iter39_notif_preferred_endpoints" name="test_get_preferences_returns_three_destinations" time="0.691" /><testcase classname="tests.test_iter39_notif_preferred_endpoints" name="test_put_preference_persists_and_replaces" time="0.395" /><testcase classname="tests.test_iter39_notif_preferred_endpoints" name="test_put_preference_invalid_destination_returns_400" time="0.079" /><testcase classname="tests.test_iter39_notif_preferred_endpoints" name="test_put_preference_unknown_template_returns_404" time="0.079" /><testcase classname="tests.test_iter39_notif_preferred_endpoints" name="test_email_templates_context_implementacion_lists_project_defaults" time="0.043" /><testcase classname="tests.test_iter39_notif_preferred_endpoints" name="test_preview_notification_uses_template_and_renders_variables" time="0.051" /><testcase classname="tests.test_iter39_notif_preferred_endpoints" name="test_send_notification_processes_without_500" time="0.082" /></testsuite></testsuites>