<?xml version="1.0" encoding="utf-8"?><testsuites name="pytest tests"><testsuite name="pytest" errors="0" failures="0" skipped="0" tests="17" time="4.707" timestamp="2026-04-24T16:23:09.956025+00:00" hostname="agent-env-ab92b067-cf43-4925-9530-c65ae5b4bcbb"><testcase classname="backend.tests.test_iteration183_profiles_ceiling.TestSeedProfiles" name="test_four_seed_profiles_present" time="0.275" /><testcase classname="backend.tests.test_iteration183_profiles_ceiling.TestSeedProfiles" name="test_profiles_have_user_count" time="0.001" /><testcase classname="backend.tests.test_iteration183_profiles_ceiling.TestSeedProfiles" name="test_vendedor_pyme_shape" time="0.001" /><testcase classname="backend.tests.test_iteration183_profiles_ceiling.TestProfileCRUD" name="test_create_profile_ok" time="0.241" /><testcase classname="backend.tests.test_iteration183_profiles_ceiling.TestProfileCRUD" name="test_create_duplicate_409" time="0.107" /><testcase classname="backend.tests.test_iteration183_profiles_ceiling.TestProfileCRUD" name="test_duplicate_profile_suffix_copia" time="0.217" /><testcase classname="backend.tests.test_iteration183_profiles_ceiling.TestProfileCRUD" name="test_delete_profile_without_users_ok" time="0.214" /><testcase classname="backend.tests.test_iteration183_profiles_ceiling.TestProfileCRUD" name="test_delete_profile_with_users_409" time="0.352" /><testcase classname="backend.tests.test_iteration183_profiles_ceiling.TestAssignProfile" name="test_assign_copies_permissions_baseline" time="0.113" /><testcase classname="backend.tests.test_iteration183_profiles_ceiling.TestAssignProfile" name="test_unassign_profile_null" time="0.127" /><testcase classname="backend.tests.test_iteration183_profiles_ceiling.TestCeiling" name="test_permissions_elevation_blocked_403" time="0.269" /><testcase classname="backend.tests.test_iteration183_profiles_ceiling.TestCeiling" name="test_permissions_downgrade_ok_200" time="0.260" /><testcase classname="backend.tests.test_iteration183_profiles_ceiling.TestCeiling" name="test_menu_groups_elevation_blocked" time="0.277" /><testcase classname="backend.tests.test_iteration183_profiles_ceiling.TestCeiling" name="test_special_permissions_not_in_profile_blocked" time="0.245" /><testcase classname="backend.tests.test_iteration183_profiles_ceiling.TestCeiling" name="test_special_permissions_in_profile_ok" time="0.246" /><testcase classname="backend.tests.test_iteration183_profiles_ceiling.TestAdminExempt" name="test_admin_with_profile_exempt_from_ceiling" time="0.785" /><testcase classname="backend.tests.test_iteration183_profiles_ceiling.TestProfileResync" name="test_downgrade_profile_resyncs_users" time="0.808" /></testsuite></testsuites>