<?xml version="1.0" encoding="utf-8"?><testsuites name="pytest tests"><testsuite name="pytest" errors="0" failures="0" skipped="0" tests="7" time="2.282" timestamp="2026-07-15T23:07:06.092625+00:00" hostname="agent-env-2bfa9d59-f982-4522-a74a-be76ec69bd9b"><testcase classname="backend.tests.test_iter276_pinpad_categories.TestHardwareNewCategories" name="test_create_pinpad_accesorio" time="0.485" /><testcase classname="backend.tests.test_iter276_pinpad_categories.TestHardwareNewCategories" name="test_create_pinpad_licencia" time="0.084" /><testcase classname="backend.tests.test_iter276_pinpad_categories.TestHardwareNewCategories" name="test_create_pinpad_serialized" time="0.083" /><testcase classname="backend.tests.test_iter276_pinpad_categories.TestInventorySerialExemption" name="test_entry_pinpad_licencia_no_seriales" time="0.213" /><testcase classname="backend.tests.test_iter276_pinpad_categories.TestInventorySerialExemption" name="test_entry_pinpad_accesorio_no_seriales" time="0.130" /><testcase classname="backend.tests.test_iter276_pinpad_categories.TestInventorySerialExemption" name="test_entry_pinpad_serializado_requiere_seriales" time="0.237" /><testcase classname="backend.tests.test_iter276_pinpad_categories.TestInventorySerialExemption" name="test_stock_registrado_correctamente" time="0.854" /></testsuite></testsuites>