<?xml version="1.0" encoding="utf-8"?><testsuites name="pytest tests"><testsuite name="pytest" errors="0" failures="0" skipped="0" tests="4" time="15.526" timestamp="2026-08-21T02:09:06.081637+00:00" hostname="agent-env-9ba0d22c-4d60-4c1c-a526-13a9b63dbfe4"><testcase classname="backend.tests.test_last_followup_grid" name="test_project_exists_and_has_implementer" time="0.510" /><testcase classname="backend.tests.test_last_followup_grid" name="test_A_bitacora_updates_only_last_followup" time="0.667" /><testcase classname="backend.tests.test_last_followup_grid" name="test_B_send_notification_client_updates_all_and_resets_business_days" time="10.477" /><testcase classname="backend.tests.test_last_followup_grid" name="test_C_send_adhoc_email_updates_all" time="3.657" /></testsuite></testsuites>