<?xml version="1.0" encoding="utf-8"?><testsuites name="pytest tests"><testsuite name="pytest" errors="0" failures="0" skipped="0" tests="8" time="12.468" timestamp="2026-07-08T02:24:34.313593+00:00" hostname="agent-env-c9d04e39-c6c6-43c6-afcd-53ab5addec71"><testcase classname="backend.tests.test_iter246_quote_impl_attachments.TestQuoteImplAttachmentsHomologation" name="test_manual_upload_pdf_ok" time="0.337" /><testcase classname="backend.tests.test_iter246_quote_impl_attachments.TestQuoteImplAttachmentsHomologation" name="test_manual_upload_png_ok" time="0.129" /><testcase classname="backend.tests.test_iter246_quote_impl_attachments.TestQuoteImplAttachmentsHomologation" name="test_send_to_impl_persists_attachments" time="6.122" /><testcase classname="backend.tests.test_iter246_quote_impl_attachments.TestQuoteImplAttachmentsHomologation" name="test_download_persisted_attachments_ok" time="0.282" /><testcase classname="backend.tests.test_iter246_quote_impl_attachments.TestQuoteImplAttachmentsHomologation" name="test_download_nonexistent_attachment_404" time="0.156" /><testcase classname="backend.tests.test_iter246_quote_impl_attachments.TestQuoteImplAttachmentsHomologation" name="test_send_to_impl_without_attachments_ok" time="4.846" /><testcase classname="backend.tests.test_iter246_quote_impl_attachments.TestQuoteImplAttachmentsHomologation" name="test_no_leak_between_projects" time="0.195" /><testcase classname="backend.tests.test_iter246_quote_impl_attachments.TestQuoteImplAttachmentsHomologation" name="test_send_to_impl_without_reason_fails_422" time="0.172" /></testsuite></testsuites>