<?xml version="1.0" encoding="utf-8"?><testsuites name="pytest tests"><testsuite name="pytest" errors="0" failures="0" skipped="0" tests="6" time="3.468" timestamp="2026-07-16T17:56:06.691631+00:00" hostname="agent-env-e0aed648-17fd-4d67-bd7d-3a922d8d4957"><testcase classname="backend.tests.test_entity_doc_viewer_download.TestEntityDocumentDownload" name="test_download_with_header_returns_attachment" time="1.790" /><testcase classname="backend.tests.test_entity_doc_viewer_download.TestEntityDocumentDownload" name="test_download_inline_with_token_query" time="0.545" /><testcase classname="backend.tests.test_entity_doc_viewer_download.TestEntityDocumentDownload" name="test_download_without_auth_returns_401" time="0.121" /><testcase classname="backend.tests.test_entity_doc_viewer_download.TestEntityDocumentDownload" name="test_download_invalid_token_returns_401" time="0.155" /><testcase classname="backend.tests.test_entity_doc_viewer_download.TestEntityDocumentDownload" name="test_download_nonexistent_document_returns_404" time="0.146" /><testcase classname="backend.tests.test_entity_doc_viewer_download.TestEntityDocumentDownload" name="test_list_documents_includes_uploaded" time="0.400" /></testsuite></testsuites>