<?xml version="1.0" encoding="utf-8"?><testsuites name="pytest tests"><testsuite name="pytest" errors="0" failures="1" skipped="0" tests="6" time="4.508" timestamp="2026-07-08T04:02:35.681370+00:00" hostname="agent-env-c9d04e39-c6c6-43c6-afcd-53ab5addec71"><testcase classname="backend.tests.test_iter250_impl_instructions_pdf.TestRouteBDirectProjectInstructions" name="test_direct_project_plain_instructions_render_in_pdf" time="0.814" /><testcase classname="backend.tests.test_iter250_impl_instructions_pdf.TestSanitization" name="test_direct_project_plain_ampersand_and_newlines" time="0.228" /><testcase classname="backend.tests.test_iter250_impl_instructions_pdf.TestSanitization" name="test_direct_project_plain_with_tag_like_content" time="0.227"><failure message="AssertionError: BUG: plain-text con &quot;&lt;server&gt;&quot; es tratado como HTML y stripped. Extracto: 'INSTRUCCIONES ADICIONALES PARA EL IMPLEMENTADOR\nConfigurar TLS 1.2 en\nReiniciar servicio (uso )\nFin de instrucciones\n Documento generado automaticamente el 8 de julio de 2026 | Ref: PRY-2026-07-023-PRI\n Este documento es de uso interno y exclusivo del equipo de operaciones.\n'&#10;assert '&lt;server&gt;' in 'FICHA TECNICA DE IMPLEMENTACION\nCotizacion: PRY-2026-07-023-PRI\nFecha: 8 de julio de 2026\nA. IDENTIFICACION DEL PROYECTO\nTipo de Proyecto:\nPayment Gateway\nGrupo Económico:\nTEST-ITER250-B2B Grupo\nNombre del Comercio:\nASTROCEL CELULARES, C.A.\nRIF:\nJ-305857695\nNombre de Fantasía:\nTEST-ITER250-B2B Comercio\nB. CONFIGURACION TECNICA (Hardware &amp; Software)\nNombre del Integrador:\nN/A\nNombre del Aplicativo:\nN/A\nModelo de Pinpad:\nN/A\nPatrocinador de Pinpads:\nLos Pinpads son suministrados por el Cliente\nPatrocinador de la\nImplementacion:\nN/A\nServidor de Instalacion:\nMulticomercio MSC\nTipo de Comunicacion:\nSSL\nModelo de Impresora Fiscal\nNo aplica\nC. RESUMEN COMERCIAL\nResumen Ejecutivo\nCliente\nASTROCEL CELULARES, C.A.\nCant. Cajas\n1\nDir. Fiscal\nAV LIBERTADOR CC SAMBIL PLAZA CENTRAL NIVEL AUTOPISTA LOCAL AR46 URB\nCHACAO CARACAS MIRANDA ZONA POSTAL 1060\nN°\nConcepto\nBanco\nObservación\n1\nTarjeta de Crédito/Débito (PG)\nBanco de Venezuela\n\nD. DISTRIBUCION LOGISTICA (Sucursales)\n#\nNombre de Sucursal\nCant. Cajas\n1\nSucursal Unica\n1\nTOTAL\n1\nE. DIRECTORIO DE CONTACTOS\nNombre\nCargo / Rol\nTelefono\nEmail\nISMAEL PITA\nAdministrativo\n4129330590\nyorleny.pacedo@algiornotec\nnologia.com\nINSTRUCCIONES ADICIONALES PARA EL IMPLEMENTADOR\nConfigurar TLS 1.2 en\nReiniciar servicio (uso )\nFin de instrucciones\n Documento generado automaticamente el 8 de julio de 2026 | Ref: PRY-2026-07-023-PRI\n Este documento es de uso interno y exclusivo del equipo de operaciones.\n'">backend/tests/test_iter250_impl_instructions_pdf.py:180: in test_direct_project_plain_with_tag_like_content
    assert '&lt;server&gt;' in text, (
E   AssertionError: BUG: plain-text con "&lt;server&gt;" es tratado como HTML y stripped. Extracto: 'INSTRUCCIONES ADICIONALES PARA EL IMPLEMENTADOR\nConfigurar TLS 1.2 en\nReiniciar servicio (uso )\nFin de instrucciones\n Documento generado automaticamente el 8 de julio de 2026 | Ref: PRY-2026-07-023-PRI\n Este documento es de uso interno y exclusivo del equipo de operaciones.\n'
E   assert '&lt;server&gt;' in 'FICHA TECNICA DE IMPLEMENTACION\nCotizacion: PRY-2026-07-023-PRI\nFecha: 8 de julio de 2026\nA. IDENTIFICACION DEL PROYECTO\nTipo de Proyecto:\nPayment Gateway\nGrupo Económico:\nTEST-ITER250-B2B Grupo\nNombre del Comercio:\nASTROCEL CELULARES, C.A.\nRIF:\nJ-305857695\nNombre de Fantasía:\nTEST-ITER250-B2B Comercio\nB. CONFIGURACION TECNICA (Hardware &amp; Software)\nNombre del Integrador:\nN/A\nNombre del Aplicativo:\nN/A\nModelo de Pinpad:\nN/A\nPatrocinador de Pinpads:\nLos Pinpads son suministrados por el Cliente\nPatrocinador de la\nImplementacion:\nN/A\nServidor de Instalacion:\nMulticomercio MSC\nTipo de Comunicacion:\nSSL\nModelo de Impresora Fiscal\nNo aplica\nC. RESUMEN COMERCIAL\nResumen Ejecutivo\nCliente\nASTROCEL CELULARES, C.A.\nCant. Cajas\n1\nDir. Fiscal\nAV LIBERTADOR CC SAMBIL PLAZA CENTRAL NIVEL AUTOPISTA LOCAL AR46 URB\nCHACAO CARACAS MIRANDA ZONA POSTAL 1060\nN°\nConcepto\nBanco\nObservación\n1\nTarjeta de Crédito/Débito (PG)\nBanco de Venezuela\n\nD. DISTRIBUCION LOGISTICA (Sucursales)\n#\nNombre de Sucursal\nCant. Cajas\n1\nSucursal Unica\n1\nTOTAL\n1\nE. DIRECTORIO DE CONTACTOS\nNombre\nCargo / Rol\nTelefono\nEmail\nISMAEL PITA\nAdministrativo\n4129330590\nyorleny.pacedo@algiornotec\nnologia.com\nINSTRUCCIONES ADICIONALES PARA EL IMPLEMENTADOR\nConfigurar TLS 1.2 en\nReiniciar servicio (uso )\nFin de instrucciones\n Documento generado automaticamente el 8 de julio de 2026 | Ref: PRY-2026-07-023-PRI\n Este documento es de uso interno y exclusivo del equipo de operaciones.\n'</failure></testcase><testcase classname="backend.tests.test_iter250_impl_instructions_pdf.TestSanitization" name="test_direct_project_html_like_from_editor" time="0.219" /><testcase classname="backend.tests.test_iter250_impl_instructions_pdf.TestRegressionNoInstructions" name="test_direct_project_no_instructions_pdf_ok" time="0.207" /><testcase classname="backend.tests.test_iter250_impl_instructions_pdf.TestRouteAQuoteSendToImplementation" name="test_send_paid_quote_with_html_instructions_and_verify_ficha" time="2.239" /></testsuite></testsuites>