<?xml version="1.0" encoding="utf-8"?><testsuites name="pytest tests"><testsuite name="pytest" errors="0" failures="0" skipped="0" tests="8" time="29.502" timestamp="2026-07-07T04:06:37.404622+00:00" hostname="agent-env-dc5e6ea7-e168-4693-9a78-4445a88344e7"><testcase classname="backend.tests.test_iter241_pg_client_segment_corp" name="test_01_gateway_with_corp_persists_corp" time="4.231" /><testcase classname="backend.tests.test_iter241_pg_client_segment_corp" name="test_02_linkpago_with_corp_persists_corp" time="4.794" /><testcase classname="backend.tests.test_iter241_pg_client_segment_corp" name="test_03_gateway_with_pyme_persists_pyme" time="3.203" /><testcase classname="backend.tests.test_iter241_pg_client_segment_corp" name="test_04_fallback_uses_user_sede_admin_pyme" time="2.861" /><testcase classname="backend.tests.test_iter241_pg_client_segment_corp" name="test_05_pydantic_default_pyme_when_no_segment" time="2.821" /><testcase classname="backend.tests.test_iter241_pg_client_segment_corp" name="test_06_vpos_with_corp_still_persists_corp" time="3.701" /><testcase classname="backend.tests.test_iter241_pg_client_segment_corp" name="test_07_corp_user_sees_pg_corp_quote_of_team" time="3.186" /><testcase classname="backend.tests.test_iter241_pg_client_segment_corp" name="test_08_corp_user_sees_pg_corp_quote_created_by_admin" time="4.469" /></testsuite></testsuites>