<?xml version="1.0" encoding="utf-8"?><testsuites name="pytest tests"><testsuite name="pytest" errors="0" failures="0" skipped="0" tests="12" time="2.703" timestamp="2026-05-19T22:48:47.531937+00:00" hostname="agent-env-1f91b2e5-d3d8-4c27-9b7b-87519bca8493"><testcase classname="tests.test_iteration7_lch_fifo_segmented.TestAssetLedgerWarehouse" name="test_lots_have_warehouse_fields" time="0.956" /><testcase classname="tests.test_iteration7_lch_fifo_segmented.TestAssetLedgerWarehouse" name="test_no_lot_mixing_between_warehouses" time="0.106" /><testcase classname="tests.test_iteration7_lch_fifo_segmented.TestFifoSegmented" name="test_fifo_segmented_per_warehouse" time="0.093" /><testcase classname="tests.test_iteration7_lch_fifo_segmented.TestFifoSegmented" name="test_total_units_consistency" time="0.104" /><testcase classname="tests.test_iteration7_lch_fifo_segmented.TestFifoSegmented" name="test_grand_total_consistent" time="0.114" /><testcase classname="tests.test_iteration7_lch_fifo_segmented.TestLchRestriction" name="test_pyme_user_cannot_dispatch_from_lch" time="0.216" /><testcase classname="tests.test_iteration7_lch_fifo_segmented.TestLchRestriction" name="test_pyme_user_can_dispatch_from_tbp" time="0.150" /><testcase classname="tests.test_iteration7_lch_fifo_segmented.TestLchRestriction" name="test_corp_user_can_dispatch_from_lch" time="0.210" /><testcase classname="tests.test_iteration7_lch_fifo_segmented.TestLchRestriction" name="test_admin_can_dispatch_from_lch" time="0.100" /><testcase classname="tests.test_iteration7_lch_fifo_segmented.TestLchRestriction" name="test_pyme_cannot_transfer_from_lch" time="0.127" /><testcase classname="tests.test_iteration7_lch_fifo_segmented.TestLchRestriction" name="test_pyme_cannot_create_temp_assignment_from_lch" time="0.099" /><testcase classname="tests.test_iteration7_lch_fifo_segmented.TestRegression" name="test_admin_ledger_returns_all_warehouses" time="0.119" /></testsuite></testsuites>