<?xml version="1.0" encoding="utf-8"?><testsuites name="pytest tests"><testsuite name="pytest" errors="0" failures="0" skipped="0" tests="7" time="2.050" timestamp="2026-05-14T19:30:05.993620+00:00" hostname="agent-env-1f91b2e5-d3d8-4c27-9b7b-87519bca8493"><testcase classname="backend.tests.test_iteration3_funnel_linkpago.TestCatalog" name="test_catalog_has_link_pago" time="0.762" /><testcase classname="backend.tests.test_iteration3_funnel_linkpago.TestConfigsLinkPago" name="test_put_pyme_link_pago_send_to_client" time="0.176" /><testcase classname="backend.tests.test_iteration3_funnel_linkpago.TestConfigsLinkPago" name="test_put_corp_link_pago_approve" time="0.148" /><testcase classname="backend.tests.test_iteration3_funnel_linkpago.TestFunnel" name="test_funnel_has_delivered_breakdown" time="0.143" /><testcase classname="backend.tests.test_iteration3_funnel_linkpago.TestRecalculate" name="test_recalculate_admin_ok" time="0.150" /><testcase classname="backend.tests.test_iteration3_funnel_linkpago.TestRecalculate" name="test_recalculate_non_admin_forbidden" time="0.275" /><testcase classname="backend.tests.test_iteration3_funnel_linkpago.TestLinkPagoRegression" name="test_quotes_contain_link_pago" time="0.205" /></testsuite></testsuites>