<?xml version="1.0" encoding="utf-8"?><testsuites name="pytest tests"><testsuite name="pytest" errors="0" failures="0" skipped="0" tests="8" time="2.551" timestamp="2026-05-15T18:17:50.065425+00:00" hostname="agent-env-1f91b2e5-d3d8-4c27-9b7b-87519bca8493"><testcase classname="backend.tests.test_iteration4_manual_attachments" name="test_upload_pdf_ok" time="0.378" /><testcase classname="backend.tests.test_iteration4_manual_attachments" name="test_upload_exe_rejected" time="0.193" /><testcase classname="backend.tests.test_iteration4_manual_attachments" name="test_upload_empty_400" time="0.131" /><testcase classname="backend.tests.test_iteration4_manual_attachments" name="test_upload_too_large_413" time="0.447" /><testcase classname="backend.tests.test_iteration4_manual_attachments" name="test_custom_action_endpoint_accepts_header" time="0.628" /><testcase classname="backend.tests.test_iteration4_manual_attachments" name="test_quotes_list_regression" time="0.205" /><testcase classname="backend.tests.test_iteration4_manual_attachments" name="test_funnel_delivered_breakdown_regression" time="0.174" /><testcase classname="backend.tests.test_iteration4_manual_attachments" name="test_auth_login_regression" time="0.133" /></testsuite></testsuites>