<?xml version="1.0" encoding="utf-8"?><testsuites name="pytest tests"><testsuite name="pytest" errors="0" failures="0" skipped="0" tests="5" time="3.220" timestamp="2026-06-13T01:26:03.110772+00:00" hostname="agent-env-3bbd2d48-cee9-446d-8dab-90803b35bcb3"><testcase classname="backend.tests.test_master_override" name="test_master_override_rbac_non_admin_forbidden" time="0.935" /><testcase classname="backend.tests.test_master_override" name="test_master_override_rbac_admin_allowed" time="0.395" /><testcase classname="backend.tests.test_master_override" name="test_master_override_single_reconstructs_relations" time="0.511" /><testcase classname="backend.tests.test_master_override" name="test_master_override_multistore_union" time="0.677" /><testcase classname="backend.tests.test_master_override" name="test_ficha_tecnica_after_override" time="0.556" /></testsuite></testsuites>