<?xml version="1.0" encoding="utf-8"?><testsuites name="pytest tests"><testsuite name="pytest" errors="0" failures="0" skipped="0" tests="3" time="7.451" timestamp="2026-06-09T00:11:24.347035+00:00" hostname="agent-env-4d2457bf-ab53-41f4-907d-a6f00257e144"><testcase classname="tests.test_pdf_homologation_iter38.TestPreviewPdfHydration" name="test_preview_returns_pdf_with_hydrated_names" time="1.637" /><testcase classname="tests.test_pdf_homologation_iter38.TestGeneratePdfParityWithPreview" name="test_export_pdf_matches_preview" time="2.201" /><testcase classname="tests.test_pdf_homologation_iter38.TestCreateWithPdfHydration" name="test_create_gateway_with_empty_names_hydrates" time="3.447" /></testsuite></testsuites>