<?xml version="1.0" encoding="utf-8"?><testsuites name="pytest tests"><testsuite name="pytest" errors="0" failures="0" skipped="0" tests="6" time="9.323" timestamp="2026-05-14T17:40:22.040162+00:00" hostname="agent-env-1f91b2e5-d3d8-4c27-9b7b-87519bca8493"><testcase classname="backend.tests.test_link_pago_flow.TestLinkPagoFlow" name="test_1_create_link_pago_quote" time="3.299" /><testcase classname="backend.tests.test_link_pago_flow.TestLinkPagoFlow" name="test_2_get_quote_persistence" time="0.110" /><testcase classname="backend.tests.test_link_pago_flow.TestLinkPagoFlow" name="test_3_pdf_contents_link_pago" time="1.729" /><testcase classname="backend.tests.test_link_pago_flow.TestGatewayRegression" name="test_1_create_gateway_quote" time="2.286" /><testcase classname="backend.tests.test_link_pago_flow.TestGatewayRegression" name="test_2_pdf_gateway_no_link_pago" time="1.565" /><testcase classname="backend.tests.test_link_pago_flow.TestQuoteFilters" name="test_filter_link_pago" time="0.159" /></testsuite></testsuites>