<?xml version="1.0" encoding="utf-8"?><testsuites name="pytest tests"><testsuite name="pytest" errors="0" failures="0" skipped="0" tests="7" time="5.608" timestamp="2026-07-16T00:17:34.538551+00:00" hostname="agent-env-e0aed648-17fd-4d67-bd7d-3a922d8d4957"><testcase classname="backend.tests.test_iter277_integrator_test_env_persistence.TestAssignTestEnvironmentPreservesCertificado" name="test_assign_test_env_preserves_certificado_status" time="1.337" /><testcase classname="backend.tests.test_iter277_integrator_test_env_persistence.TestListingWhileTestEnvActive" name="test_get_integrators_default_still_returns_test_env_integrator" time="0.589" /><testcase classname="backend.tests.test_iter277_integrator_test_env_persistence.TestCloseTestEnvRestoresStatus" name="test_close_test_env_restores_certificado_and_preserves_record" time="0.754" /><testcase classname="backend.tests.test_iter277_integrator_test_env_persistence.TestCloseTestEnvRestoresStatus" name="test_close_test_env_still_appears_in_default_grid" time="0.615" /><testcase classname="backend.tests.test_iter277_integrator_test_env_persistence.TestStandardCloseStillRequiresComponent" name="test_standard_close_without_component_returns_400" time="0.480" /><testcase classname="backend.tests.test_iter277_integrator_test_env_persistence.TestStandardCloseStillRequiresComponent" name="test_standard_close_with_component_moves_to_certificado" time="0.803" /><testcase classname="backend.tests.test_iter277_integrator_test_env_persistence.TestRoundTripFullScenario" name="test_round_trip_certified_integrator" time="0.839" /></testsuite></testsuites>