<?xml version="1.0" encoding="utf-8"?><testsuites name="pytest tests"><testsuite name="pytest" errors="0" failures="0" skipped="0" tests="3" time="13.343" timestamp="2026-07-04T15:31:15.647658+00:00" hostname="agent-env-0badf352-42ad-4529-9fa1-579c84fe762b"><testcase classname="backend.tests.test_iter236_linkpago_matrix.TestImplementationMatrixLinkPago" name="test_link_pago_populates_matrix_ignoring_na" time="4.981" /><testcase classname="backend.tests.test_iter236_linkpago_matrix.TestImplementationMatrixLinkPago" name="test_gateway_regression_matrix_still_populated" time="3.795" /><testcase classname="backend.tests.test_iter236_linkpago_matrix.TestImplementationMatrixLinkPago" name="test_ficha_tecnica_coherent_with_matrix_linkpago" time="3.872" /></testsuite></testsuites>