<?xml version="1.0" encoding="utf-8"?><testsuites name="pytest tests"><testsuite name="pytest" errors="0" failures="0" skipped="1" tests="10" time="2.906" timestamp="2026-06-09T16:32:39.629202+00:00" hostname="agent-env-ed5755a0-e316-4be7-bafa-b37623448500"><testcase classname="backend.tests.test_iter48_meganexus_package.TestQuoteChannelGateway" name="test_corporativo_client_yields_corp_segment" time="0.677" /><testcase classname="backend.tests.test_iter48_meganexus_package.TestQuoteChannelGateway" name="test_pyme_client_yields_pyme_segment" time="0.492" /><testcase classname="backend.tests.test_iter48_meganexus_package.TestInboxBatchDelete" name="test_batch_delete_empty_returns_400" time="0.320" /><testcase classname="backend.tests.test_iter48_meganexus_package.TestInboxBatchDelete" name="test_batch_delete_unknown_ids_returns_200_zero" time="0.155" /><testcase classname="backend.tests.test_iter48_meganexus_package.TestInboxBatchDelete" name="test_batch_delete_real_message_isolates_to_owner" time="0.146"><skipped type="pytest.skip" message="GET /inbox not available for user: 404">/app/backend/tests/test_iter48_meganexus_package.py:134: GET /inbox not available for user: 404</skipped></testcase><testcase classname="backend.tests.test_iter48_meganexus_package.TestInitialContactEdit" name="test_non_admin_cannot_edit" time="0.367" /><testcase classname="backend.tests.test_iter48_meganexus_package.TestInitialContactEdit" name="test_admin_can_edit_and_bitacora_records_change" time="0.125" /><testcase classname="backend.tests.test_iter48_meganexus_package.TestInitialContactEdit" name="test_admin_edit_invalid_sede_returns_400" time="0.147" /><testcase classname="backend.tests.test_iter48_meganexus_package.TestAssignEndpointRegression" name="test_assign_endpoint_exists" time="0.172" /><testcase classname="backend.tests.test_iter48_meganexus_package.TestBranding" name="test_title_and_no_emergent_badge" time="0.147" /></testsuite></testsuites>