<?xml version="1.0" encoding="utf-8"?><testsuites name="pytest tests"><testsuite name="pytest" errors="0" failures="0" skipped="0" tests="5" time="39.742" timestamp="2026-07-02T20:37:46.376835+00:00" hostname="agent-env-0badf352-42ad-4529-9fa1-579c84fe762b"><testcase classname="backend.tests.test_iter230_notif_title_fix.TestSendNotificationRegression" name="test_target_client_returns_200_and_success_message" time="10.683" /><testcase classname="backend.tests.test_iter230_notif_title_fix.TestSendNotificationRegression" name="test_target_bank_returns_200" time="5.486" /><testcase classname="backend.tests.test_iter230_notif_title_fix.TestPushNotificationTitleFix" name="test_client_target_title_is_cliente_notificado" time="11.055" /><testcase classname="backend.tests.test_iter230_notif_title_fix.TestPushNotificationTitleFix" name="test_bank_target_title_is_banco_named" time="6.274" /><testcase classname="backend.tests.test_iter230_notif_title_fix.TestPushNotificationTitleFix" name="test_bank_client_target_title" time="6.121" /></testsuite></testsuites>