<?xml version="1.0" encoding="utf-8"?><testsuites name="pytest tests"><testsuite name="pytest" errors="0" failures="0" skipped="0" tests="7" time="2.237" timestamp="2026-07-21T18:50:47.798688+00:00" hostname="agent-env-7478e6df-9f02-4370-8ec3-d4073b127f8d"><testcase classname="backend.tests.test_iter290_client_field_recipient.TestClientFieldRecipient" name="test_1_save_client_field_email_returns_200_and_persists" time="0.484" /><testcase classname="backend.tests.test_iter290_client_field_recipient.TestClientFieldRecipient" name="test_2_client_field_inbox_is_forced_to_email" time="0.268" /><testcase classname="backend.tests.test_iter290_client_field_recipient.TestClientFieldRecipient" name="test_3_regression_user_type_without_user_id_returns_400" time="0.122" /><testcase classname="backend.tests.test_iter290_client_field_recipient.TestClientFieldRecipient" name="test_4_regression_existing_types_still_work" time="0.139" /><testcase classname="backend.tests.test_iter290_client_field_recipient.TestClientFieldRecipient" name="test_5_regression_user_with_user_id_works" time="0.251" /><testcase classname="backend.tests.test_iter290_client_field_recipient.TestClientFieldRecipient" name="test_6_invalid_recipient_type_still_rejected" time="0.109" /><testcase classname="backend.tests.test_iter290_client_field_recipient.TestClientFieldRecipient" name="test_7_mixed_row_client_field_and_user" time="0.482" /></testsuite></testsuites>