<?xml version="1.0" encoding="utf-8"?><testsuites name="pytest tests"><testsuite name="pytest" errors="0" failures="0" skipped="0" tests="5" time="1.100" timestamp="2026-07-09T22:27:43.809336+00:00" hostname="agent-env-eadfaf83-f047-4367-b1f7-be69332d6293"><testcase classname="backend.tests.test_iter263_tokenizador_billing_line" name="test_link_pago_variant_returns_applies_false" time="0.279" /><testcase classname="backend.tests.test_iter263_tokenizador_billing_line" name="test_ambos_variant_returns_applies_true_150" time="0.133" /><testcase classname="backend.tests.test_iter263_tokenizador_billing_line" name="test_nonexistent_quote_returns_404" time="0.126" /><testcase classname="backend.tests.test_iter263_tokenizador_billing_line" name="test_unauthenticated_rejected" time="0.102" /><testcase classname="backend.tests.test_iter263_tokenizador_billing_line" name="test_gateway_quote_returns_applies_false" time="0.280" /></testsuite></testsuites>