<?xml version="1.0" encoding="utf-8"?><testsuites name="pytest tests"><testsuite name="pytest" errors="0" failures="0" skipped="0" tests="4" time="4.978" timestamp="2026-07-21T03:26:13.638000+00:00" hostname="agent-env-7478e6df-9f02-4370-8ec3-d4073b127f8d"><testcase classname="tests.test_iter287_taller_fase2.TestEquiposDisponibles" name="test_recepcion_and_available_list" time="0.891" /><testcase classname="tests.test_iter287_taller_fase2.TestEquiposDisponibles" name="test_available_filters_only_recibido" time="0.125" /><testcase classname="tests.test_iter287_taller_fase2.TestFlowLinked" name="test_full_linked_flow" time="1.750" /><testcase classname="tests.test_iter287_taller_fase2.TestFallbackLegacy" name="test_legacy_creates_en_reparacion_on_approve" time="2.027" /></testsuite></testsuites>