<?xml version="1.0" encoding="utf-8"?><testsuites name="pytest tests"><testsuite name="pytest" errors="0" failures="0" skipped="0" tests="4" time="8.990" timestamp="2026-08-06T03:00:42.231447+00:00" hostname="agent-env-9a6efecc-acc4-43fe-b05c-e58b12af4e79"><testcase classname="backend.tests.test_iter312_integrator_sender_dedup" name="test_email_senders_assignment_integradores_is_impl_merchant" time="0.487" /><testcase classname="backend.tests.test_iter312_integrator_sender_dedup" name="test_notify_new_project_uses_impl_merchant_sender_and_no_duplicates" time="3.637" /><testcase classname="backend.tests.test_iter312_integrator_sender_dedup" name="test_dispatch_dedup_when_guaranteed_overlaps_recipients" time="0.767" /><testcase classname="backend.tests.test_iter312_integrator_sender_dedup" name="test_send_email_respects_custom_sender_no_global_override" time="3.562" /></testsuite></testsuites>