<?xml version="1.0" encoding="utf-8"?><testsuites name="pytest tests"><testsuite name="pytest" errors="0" failures="1" skipped="0" tests="7" time="4.445" timestamp="2026-04-29T03:30:10.651902+00:00" hostname="agent-env-21c7d92e-85e8-4b8c-b496-f7dc118a1804"><testcase classname="backend.tests.test_iteration184_banks_contacts_and_irregular" name="test_create_bank_assigns_contact_ids_and_syncs_legacy" time="1.232" /><testcase classname="backend.tests.test_iteration184_banks_contacts_and_irregular" name="test_update_bank_syncs_legacy_from_first_principal" time="0.141" /><testcase classname="backend.tests.test_iteration184_banks_contacts_and_irregular" name="test_get_banks_migrates_legacy_to_contacts" time="0.178" /><testcase classname="backend.tests.test_iteration184_banks_contacts_and_irregular" name="test_suggested_contacts_returns_bank_contacts" time="0.340" /><testcase classname="backend.tests.test_iteration184_banks_contacts_and_irregular" name="test_preview_notification_matrix_qty" time="0.370" /><testcase classname="backend.tests.test_iteration184_banks_contacts_and_irregular" name="test_irregular_quotes_report_includes_proyecto_sin_aprobacion" time="0.132"><failure message="AssertionError: Rule 'Pasó a Proyecto sin Aprobación previa' did not fire. Likely cause: _detect_irregularities checks startswith('enviada a imple') but actual DB values are 'status_enviada_imple' / 'status_enviada_imple_recovered'.&#10;assert False">backend/tests/test_iteration184_banks_contacts_and_irregular.py:205: in test_irregular_quotes_report_includes_proyecto_sin_aprobacion
    assert rule_found, (
E   AssertionError: Rule 'Pasó a Proyecto sin Aprobación previa' did not fire. Likely cause: _detect_irregularities checks startswith('enviada a imple') but actual DB values are 'status_enviada_imple' / 'status_enviada_imple_recovered'.
E   assert False</failure></testcase><testcase classname="backend.tests.test_iteration184_banks_contacts_and_irregular" name="test_inject_custom_message_helper" time="1.463" /></testsuite></testsuites>