<?xml version="1.0" encoding="utf-8"?><testsuites name="pytest tests"><testsuite name="pytest" errors="0" failures="0" skipped="0" tests="8" time="0.495" timestamp="2026-06-08T02:06:51.657891+00:00" hostname="agent-env-9720bf01-be2e-4d87-b77b-f7f36673e01a"><testcase classname="tests.test_iter31_implementation_pdf_type_mapping" name="test_tipo_de_proyecto_mapping[VPOS-VPOS-VPOS / MPOS]" time="0.036" /><testcase classname="tests.test_iter31_implementation_pdf_type_mapping" name="test_tipo_de_proyecto_mapping[MPOS-MPOS-VPOS / MPOS]" time="0.033" /><testcase classname="tests.test_iter31_implementation_pdf_type_mapping" name="test_tipo_de_proyecto_mapping[FAST_TRACK-MPOS-VPOS / MPOS]" time="0.032" /><testcase classname="tests.test_iter31_implementation_pdf_type_mapping" name="test_tipo_de_proyecto_mapping[GATEWAY-Payment Gateway-VPOS / MPOS]" time="0.035" /><testcase classname="tests.test_iter31_implementation_pdf_type_mapping" name="test_tipo_de_proyecto_mapping[LINK_PAGO-Link de Pago-VPOS / MPOS]" time="0.030" /><testcase classname="tests.test_iter31_implementation_pdf_type_mapping" name="test_tipo_de_proyecto_mapping[LINK-Link de Pago-VPOS / MPOS]" time="0.029" /><testcase classname="tests.test_iter31_implementation_pdf_type_mapping" name="test_tipo_de_proyecto_mapping[VPOS_MPOS-VPOS-VPOS / MPOS]" time="0.030" /><testcase classname="tests.test_iter31_implementation_pdf_type_mapping" name="test_mpos_pdf_has_no_legacy_combined_label" time="0.030" /></testsuite></testsuites>