<?xml version="1.0" encoding="utf-8"?><testsuites name="pytest tests"><testsuite name="pytest" errors="0" failures="0" skipped="0" tests="6" time="1.163" timestamp="2026-06-30T19:06:20.335295+00:00" hostname="agent-env-a50d439c-4c60-40a5-947c-e5c93490f458"><testcase classname="backend.tests.test_iter226_integrators_import_dedup.TestImportDedupCompositeKey" name="test_01_prueba_de_fuego_same_name_diff_app_or_modality" time="0.168" /><testcase classname="backend.tests.test_iter226_integrators_import_dedup.TestImportDedupCompositeKey" name="test_02_true_duplicate_only_one_inserted" time="0.083" /><testcase classname="backend.tests.test_iter226_integrators_import_dedup.TestImportDedupCompositeKey" name="test_03_regression_valid_single_row" time="0.083" /><testcase classname="backend.tests.test_iter226_integrators_import_dedup.TestImportDedupCompositeKey" name="test_04_regression_invalid_modality_rejected" time="0.079" /><testcase classname="backend.tests.test_iter226_integrators_import_dedup.TestImportDedupCompositeKey" name="test_05_regression_invalid_principal_contact_email_rejected" time="0.083" /><testcase classname="backend.tests.test_iter226_integrators_import_dedup.TestImportDedupCompositeKey" name="test_06_counts_integrity_mixed_file" time="0.424" /></testsuite></testsuites>