<?xml version="1.0" encoding="utf-8"?><testsuites name="pytest tests"><testsuite name="pytest" errors="0" failures="0" skipped="0" tests="3" time="8.791" timestamp="2026-07-15T19:27:31.668584+00:00" hostname="agent-env-2bfa9d59-f982-4522-a74a-be76ec69bd9b"><testcase classname="tests.test_iter273_aplicativo_integracion_var" name="test_01_configure_action_with_close_template" time="0.721" /><testcase classname="tests.test_iter273_aplicativo_integracion_var" name="test_02_close_and_verify_variable_rendered" time="7.683" /><testcase classname="tests.test_iter273_aplicativo_integracion_var" name="test_03_medios_certificados_bullets_best_effort" time="0.023" /></testsuite></testsuites>