<?xml version="1.0" encoding="utf-8"?><testsuites name="pytest tests"><testsuite name="pytest" errors="0" failures="0" skipped="0" tests="7" time="21.652" timestamp="2026-07-08T17:04:14.574713+00:00" hostname="agent-env-c9d04e39-c6c6-43c6-afcd-53ab5addec71"><testcase classname="backend.tests.test_iter253_mpos_configure_state.TestMposConfigureStateFix" name="test_configure_from_enviada_a_imple_returns_200" time="4.706" /><testcase classname="backend.tests.test_iter253_mpos_configure_state.TestMposConfigureStateFix" name="test_configure_from_other_states_returns_200[Configurada]" time="3.813" /><testcase classname="backend.tests.test_iter253_mpos_configure_state.TestMposConfigureStateFix" name="test_configure_from_other_states_returns_200[Facturada]" time="4.105" /><testcase classname="backend.tests.test_iter253_mpos_configure_state.TestMposConfigureStateFix" name="test_configure_from_other_states_returns_200[Pagada]" time="3.087" /><testcase classname="backend.tests.test_iter253_mpos_configure_state.TestMposConfigureStateFix" name="test_configure_from_aprobada_still_works" time="4.886" /><testcase classname="backend.tests.test_iter253_mpos_configure_state.TestMposConfigureStateFix" name="test_configure_non_fast_track_returns_400" time="0.434" /><testcase classname="backend.tests.test_iter253_mpos_configure_state.TestMposConfigureStateFix" name="test_configure_nonexistent_quote_returns_404" time="0.206" /></testsuite></testsuites>