<?xml version="1.0" encoding="utf-8"?><testsuites name="pytest tests"><testsuite name="pytest" errors="0" failures="0" skipped="0" tests="6" time="2.997" timestamp="2026-03-13T13:21:35.732596+00:00" hostname="agent-env-8c5cd912-d786-49cf-a5e1-481784efa29a"><testcase classname="backend.tests.test_iteration94_dynamic_params.TestDynamicParametersBackend" name="test_quote_model_has_dynamic_params_defaults" time="1.352" /><testcase classname="backend.tests.test_iteration94_dynamic_params.TestDynamicParametersBackend" name="test_create_quote_with_requires_pinpad_config_false" time="0.276" /><testcase classname="backend.tests.test_iteration94_dynamic_params.TestDynamicParametersBackend" name="test_create_quote_with_requires_vpn_false" time="0.372" /><testcase classname="backend.tests.test_iteration94_dynamic_params.TestDynamicParametersBackend" name="test_create_quote_with_both_false" time="0.353" /><testcase classname="backend.tests.test_iteration94_dynamic_params.TestServicesCatalog" name="test_comunicacion_backend_has_both_prices" time="0.128" /><testcase classname="backend.tests.test_iteration94_dynamic_params.TestQuoteTypeFilter" name="test_gateway_quotes_have_fields_but_not_used" time="0.333" /></testsuite></testsuites>