<?xml version="1.0" encoding="utf-8"?><testsuites name="pytest tests"><testsuite name="pytest" errors="0" failures="0" skipped="0" tests="6" time="3.866" timestamp="2026-04-11T02:58:35.078297+00:00" hostname="agent-env-28a8fd5e-35db-4a84-9848-b5e22e8ef66f"><testcase classname="backend.tests.test_pdf_header_footer.TestPDFHeaderFooter" name="test_preview_pdf_endpoint_returns_pdf" time="1.556" /><testcase classname="backend.tests.test_pdf_header_footer.TestPDFHeaderFooter" name="test_generate_pdf_endpoint_returns_pdf" time="1.319" /><testcase classname="backend.tests.test_pdf_header_footer.TestPDFHeaderFooter" name="test_quote_pdf_endpoint" time="0.209" /><testcase classname="backend.tests.test_pdf_header_footer.TestClientSearch" name="test_client_search_endpoint_exists" time="0.175" /><testcase classname="backend.tests.test_pdf_header_footer.TestClientSearch" name="test_client_search_filters_by_name" time="0.181" /><testcase classname="backend.tests.test_pdf_header_footer.TestClientSearch" name="test_client_search_filters_by_rif" time="0.276" /></testsuite></testsuites>