<?xml version="1.0" encoding="utf-8"?><testsuites name="pytest tests"><testsuite name="pytest" errors="1" failures="0" skipped="0" tests="10" time="31.870" timestamp="2026-03-09T19:23:50.600117+00:00" hostname="agent-env-e384f246-1de9-4a0c-99c9-0a5a3ed5962b"><testcase classname="backend.tests.test_iteration82_timeline_viewer.TestTimelineViewer" name="test_get_integrators_list" time="2.807" /><testcase classname="backend.tests.test_iteration82_timeline_viewer.TestTimelineViewer" name="test_bitacora_sorted_by_date_desc" time="3.042" /><testcase classname="backend.tests.test_iteration82_timeline_viewer.TestTimelineViewer" name="test_bitacora_entry_has_required_fields" time="3.002" /><testcase classname="backend.tests.test_iteration82_timeline_viewer.TestTimelineViewer" name="test_create_bitacora_entry_for_timeline" time="0.393"><error message="failed on setup with &quot;AssertionError: Login failed: The preview environment is not responding. It may be starting up.&#10;  &#10;assert 502 == 200&#10; +  where 502 = &lt;Response [502]&gt;.status_code&quot;">backend/tests/test_iteration82_timeline_viewer.py:22: in setup
    assert response.status_code == 200, f"Login failed: {response.text}"
E   AssertionError: Login failed: The preview environment is not responding. It may be starting up.
E     
E   assert 502 == 200
E    +  where 502 = &lt;Response [502]&gt;.status_code</error></testcase><testcase classname="backend.tests.test_iteration82_timeline_viewer.TestTimelineViewer" name="test_overdue_commitment_detection" time="3.771" /><testcase classname="backend.tests.test_iteration82_timeline_viewer.TestTimelineViewer" name="test_mark_commitment_as_completed" time="4.186" /><testcase classname="backend.tests.test_iteration82_timeline_viewer.TestTimelineViewer" name="test_evolution_endpoint_still_exists" time="2.863" /><testcase classname="backend.tests.test_iteration82_timeline_viewer.TestTimelineViewer" name="test_has_overdue_commitments_flag" time="2.060" /><testcase classname="backend.tests.test_iteration82_timeline_viewer.TestTimelineViewer" name="test_bitacora_search_fields" time="2.869" /><testcase classname="backend.tests.test_iteration82_timeline_viewer.TestBookOpenButtonUnchanged" name="test_bitacora_crud_operations" time="6.300" /></testsuite></testsuites>