<?xml version="1.0" encoding="utf-8"?><testsuites name="pytest tests"><testsuite name="pytest" errors="0" failures="0" skipped="0" tests="23" time="24.091" timestamp="2026-03-09T18:06:10.288800+00:00" hostname="agent-env-e384f246-1de9-4a0c-99c9-0a5a3ed5962b"><testcase classname="backend.tests.test_iteration80_product_evolution.TestIntegrationReportFlat" name="test_report_flat_returns_list" time="2.808" /><testcase classname="backend.tests.test_iteration80_product_evolution.TestIntegrationReportFlat" name="test_report_flat_entry_structure" time="0.666" /><testcase classname="backend.tests.test_iteration80_product_evolution.TestIntegrationReportGroupedByBank" name="test_group_by_bank_returns_dict" time="0.655" /><testcase classname="backend.tests.test_iteration80_product_evolution.TestIntegrationReportGroupedByBank" name="test_group_by_bank_group_structure" time="0.659" /><testcase classname="backend.tests.test_iteration80_product_evolution.TestIntegrationReportGroupedByProduct" name="test_group_by_product_returns_dict" time="0.653" /><testcase classname="backend.tests.test_iteration80_product_evolution.TestIntegrationReportGroupedByProduct" name="test_group_by_product_groups_by_service_name" time="0.650" /><testcase classname="backend.tests.test_iteration80_product_evolution.TestIntegrationReportGroupedByPhase" name="test_group_by_phase_returns_dict" time="0.669" /><testcase classname="backend.tests.test_iteration80_product_evolution.TestIntegrationReportGroupedByPhase" name="test_group_by_phase_uses_status_labels" time="0.660" /><testcase classname="backend.tests.test_iteration80_product_evolution.TestIntegrationReportAuth" name="test_report_requires_auth" time="0.934" /><testcase classname="backend.tests.test_iteration80_product_evolution.TestIntegrationReportAuth" name="test_report_with_invalid_group_returns_flat" time="0.685" /><testcase classname="backend.tests.test_iteration80_product_evolution.TestProductEvolutionCRUD" name="test_get_evolution_empty_list" time="0.652" /><testcase classname="backend.tests.test_iteration80_product_evolution.TestProductEvolutionCRUD" name="test_create_evolution_entry" time="0.659" /><testcase classname="backend.tests.test_iteration80_product_evolution.TestProductEvolutionCRUD" name="test_get_evolution_after_create" time="0.685" /><testcase classname="backend.tests.test_iteration80_product_evolution.TestProductEvolutionCRUD" name="test_update_evolution_entry" time="0.671" /><testcase classname="backend.tests.test_iteration80_product_evolution.TestProductEvolutionCRUD" name="test_delete_evolution_entry" time="1.416" /><testcase classname="backend.tests.test_iteration80_product_evolution.TestProductEvolutionErrors" name="test_evolution_nonexistent_bank_404" time="0.646" /><testcase classname="backend.tests.test_iteration80_product_evolution.TestProductEvolutionErrors" name="test_evolution_nonexistent_integration_404" time="0.651" /><testcase classname="backend.tests.test_iteration80_product_evolution.TestProductEvolutionErrors" name="test_update_nonexistent_entry_404" time="0.660" /><testcase classname="backend.tests.test_iteration80_product_evolution.TestProductEvolutionErrors" name="test_delete_nonexistent_entry_404" time="0.662" /><testcase classname="backend.tests.test_iteration80_product_evolution.TestProductEvolutionErrors" name="test_update_with_empty_body_400" time="1.940" /><testcase classname="backend.tests.test_iteration80_product_evolution.TestProductEvolutionAuth" name="test_get_evolution_requires_auth" time="0.934" /><testcase classname="backend.tests.test_iteration80_product_evolution.TestProductEvolutionAuth" name="test_post_evolution_requires_auth" time="0.699" /><testcase classname="backend.tests.test_iteration80_product_evolution.TestEvolutionDateOrder" name="test_entries_sorted_descending" time="4.567" /></testsuite></testsuites>