<?xml version="1.0" encoding="utf-8"?><testsuites name="pytest tests"><testsuite name="pytest" errors="0" failures="0" skipped="0" tests="11" time="2.426" timestamp="2026-03-08T01:02:49.942267+00:00" hostname="agent-env-77dab282-e054-438d-a995-b31d863a7ffc"><testcase classname="backend.tests.test_iteration72_integration_report.TestIntegrationReportEndpoint" name="test_report_returns_200" time="0.490" /><testcase classname="backend.tests.test_iteration72_integration_report.TestIntegrationReportEndpoint" name="test_report_returns_list" time="0.040" /><testcase classname="backend.tests.test_iteration72_integration_report.TestIntegrationReportEndpoint" name="test_report_entry_has_required_fields" time="0.079" /><testcase classname="backend.tests.test_iteration72_integration_report.TestIntegrationReportEndpoint" name="test_report_entry_has_integration_id" time="0.087" /><testcase classname="backend.tests.test_iteration72_integration_report.TestIntegrationReportEndpoint" name="test_report_includes_bank_logo_url" time="0.081" /><testcase classname="backend.tests.test_iteration72_integration_report.TestIntegrationReportEndpoint" name="test_report_sorted_by_phase_priority" time="0.076" /><testcase classname="backend.tests.test_iteration72_integration_report.TestIntegrationReportEndpoint" name="test_report_requires_auth" time="0.113" /><testcase classname="backend.tests.test_iteration72_integration_report.TestIntegrationCRUD" name="test_create_integration_appears_in_report" time="0.235" /><testcase classname="backend.tests.test_iteration72_integration_report.TestIntegrationCRUD" name="test_delete_integration_removes_from_report" time="0.318" /><testcase classname="backend.tests.test_iteration72_integration_report.TestIntegrationCRUD" name="test_update_integration_status_changes_sort_order" time="0.336" /><testcase classname="backend.tests.test_iteration72_integration_report.TestStatusPhasePriority" name="test_preprod_sorts_before_sqa" time="0.359" /></testsuite></testsuites>