<?xml version="1.0" encoding="utf-8"?><testsuites name="pytest tests"><testsuite name="pytest" errors="0" failures="0" skipped="0" tests="11" time="49.927" timestamp="2026-03-14T01:32:37.465884+00:00" hostname="agent-env-9ad373fc-3bcf-46a0-8f42-a7c75cd7179a"><testcase classname="backend.tests.test_delivery_phase3.TestDeliveryPhase3" name="test_01_delivery_prep_without_warehouse" time="3.622" /><testcase classname="backend.tests.test_delivery_phase3.TestDeliveryPhase3" name="test_02_delivery_prep_with_warehouse_returns_serials" time="4.729" /><testcase classname="backend.tests.test_delivery_phase3.TestDeliveryPhase3" name="test_03_delivery_prep_only_equipment_quotes" time="2.724" /><testcase classname="backend.tests.test_delivery_phase3.TestDeliveryPhase3" name="test_04_deliver_quote_creates_exit_movements" time="6.086" /><testcase classname="backend.tests.test_delivery_phase3.TestDeliveryPhase3" name="test_05_deliver_generates_hoja_ruta_pdf" time="5.380" /><testcase classname="backend.tests.test_delivery_phase3.TestDeliveryPhase3" name="test_06_deliver_insufficient_stock_returns_400" time="4.882" /><testcase classname="backend.tests.test_delivery_phase3.TestDeliveryPhase3" name="test_07_deliver_wrong_serials_returns_400" time="4.577" /><testcase classname="backend.tests.test_delivery_phase3.TestDeliveryPhase3" name="test_08_deliver_without_pagada_status_requires_exception" time="4.884" /><testcase classname="backend.tests.test_delivery_phase3.TestDeliveryPhase3" name="test_09_deliver_with_exception_header_succeeds" time="5.509" /><testcase classname="backend.tests.test_delivery_phase3.TestDeliveryPhase3" name="test_10_delivery_prep_not_found_quote" time="1.406" /><testcase classname="backend.tests.test_delivery_phase3.TestDeliveryPhase3" name="test_11_verify_quote_status_after_delivery" time="5.954" /></testsuite></testsuites>