<?xml version="1.0" encoding="utf-8"?><testsuites name="pytest tests"><testsuite name="pytest" errors="0" failures="0" skipped="0" tests="9" time="1.726" timestamp="2026-02-27T20:00:50.794979+00:00" hostname="agent-env-c6afc831-3700-4aef-ba16-2f4e3b97f959"><testcase classname="backend.tests.test_iteration52_client_search_and_pdf.TestClientSearch" name="test_search_by_name_returns_matching_clients" time="0.542" /><testcase classname="backend.tests.test_iteration52_client_search_and_pdf.TestClientSearch" name="test_search_by_rif_returns_matching_clients" time="0.091" /><testcase classname="backend.tests.test_iteration52_client_search_and_pdf.TestClientSearch" name="test_search_with_short_query_returns_default_list" time="0.107" /><testcase classname="backend.tests.test_iteration52_client_search_and_pdf.TestClientSearch" name="test_search_empty_query_returns_default_list" time="0.121" /><testcase classname="backend.tests.test_iteration52_client_search_and_pdf.TestGetAllClients" name="test_get_clients_returns_list" time="0.151" /><testcase classname="backend.tests.test_iteration52_client_search_and_pdf.TestPDFGeneration" name="test_generate_pdf_simple_with_production_items" time="0.101" /><testcase classname="backend.tests.test_iteration52_client_search_and_pdf.TestPDFGeneration" name="test_generate_pdf_with_template_all_fields" time="0.211" /><testcase classname="backend.tests.test_iteration52_client_search_and_pdf.TestPDFGeneration" name="test_generate_pdf_with_descuento_setup_variable_fix" time="0.120" /><testcase classname="backend.tests.test_iteration52_client_search_and_pdf.TestPDFWithProductionItemsInRecurring" name="test_production_items_contribute_to_recurring_total" time="0.122" /></testsuite></testsuites>