<?xml version="1.0" encoding="utf-8"?><testsuites name="pytest tests"><testsuite name="pytest" errors="0" failures="1" skipped="0" tests="70" time="13.113" timestamp="2026-02-17T04:30:57.069712+00:00" hostname="agent-env-86a3f740-6b16-45de-b2e0-04003fa749f9"><testcase classname="backend.tests.test_cotizador_api.TestHealthAndPublicEndpoints" name="test_unauthenticated_clients_returns_401" time="0.337" /><testcase classname="backend.tests.test_cotizador_api.TestHealthAndPublicEndpoints" name="test_unauthenticated_banks_returns_401" time="0.147" /><testcase classname="backend.tests.test_cotizador_api.TestHealthAndPublicEndpoints" name="test_unauthenticated_services_returns_401" time="0.136" /><testcase classname="backend.tests.test_cotizador_api.TestHealthAndPublicEndpoints" name="test_unauthenticated_hardware_returns_401" time="0.099" /><testcase classname="backend.tests.test_cotizador_api.TestHealthAndPublicEndpoints" name="test_unauthenticated_quotes_returns_401" time="0.165" /><testcase classname="backend.tests.test_cotizador_api.TestHealthAndPublicEndpoints" name="test_unauthenticated_exchange_rate_returns_401" time="0.159" /><testcase classname="backend.tests.test_cotizador_api.TestHealthAndPublicEndpoints" name="test_unauthenticated_seed_banks_returns_401" time="0.124" /><testcase classname="backend.tests.test_cotizador_api.TestHealthAndPublicEndpoints" name="test_unauthenticated_config_logo_get_returns_404_or_401" time="0.212" /><testcase classname="backend.tests.test_cotizador_api.TestAuthEndpoints" name="test_auth_session_requires_header" time="0.117" /><testcase classname="backend.tests.test_cotizador_api.TestAuthEndpoints" name="test_auth_me_requires_token" time="0.174" /><testcase classname="backend.tests.test_cotizador_api.TestAuthEndpoints" name="test_auth_logout_accepts_request" time="0.105" /><testcase classname="backend.tests.test_cotizador_api.TestInvalidTokenResponses" name="test_clients_with_invalid_token" time="0.152" /><testcase classname="backend.tests.test_cotizador_api.TestInvalidTokenResponses" name="test_banks_with_invalid_token" time="0.126" /><testcase classname="backend.tests.test_cotizador_api.TestInvalidTokenResponses" name="test_services_with_invalid_token" time="0.119" /><testcase classname="backend.tests.test_cotizador_api.TestAPIStructure" name="test_clients_endpoint_exists" time="0.140" /><testcase classname="backend.tests.test_cotizador_api.TestAPIStructure" name="test_banks_endpoint_exists" time="0.095" /><testcase classname="backend.tests.test_cotizador_api.TestAPIStructure" name="test_services_endpoint_exists" time="0.091" /><testcase classname="backend.tests.test_cotizador_api.TestAPIStructure" name="test_hardware_endpoint_exists" time="0.141" /><testcase classname="backend.tests.test_cotizador_api.TestAPIStructure" name="test_quotes_endpoint_exists" time="0.136" /><testcase classname="backend.tests.test_cotizador_api.TestAPIStructure" name="test_exchange_rate_endpoint_exists" time="0.161" /><testcase classname="backend.tests.test_cotizador_api.TestAPIStructure" name="test_config_logo_endpoint_exists" time="0.238" /><testcase classname="backend.tests.test_cotizador_api.TestCRUDEndpointsValidation" name="test_post_client_validates_body" time="0.107" /><testcase classname="backend.tests.test_cotizador_api.TestCRUDEndpointsValidation" name="test_post_bank_validates_body" time="0.144" /><testcase classname="backend.tests.test_cotizador_api.TestCRUDEndpointsValidation" name="test_post_service_validates_body" time="0.102" /><testcase classname="backend.tests.test_cotizador_api.TestCRUDEndpointsValidation" name="test_post_hardware_validates_body" time="0.146" /><testcase classname="backend.tests.test_cotizador_api.TestEndpointMethodsExist" name="test_clients_post_method_exists" time="0.165" /><testcase classname="backend.tests.test_cotizador_api.TestEndpointMethodsExist" name="test_banks_post_method_exists" time="0.178" /><testcase classname="backend.tests.test_cotizador_api.TestEndpointMethodsExist" name="test_banks_seed_post_method_exists" time="0.168" /><testcase classname="backend.tests.test_cotizador_api.TestEndpointMethodsExist" name="test_services_post_method_exists" time="0.265" /><testcase classname="backend.tests.test_cotizador_api.TestEndpointMethodsExist" name="test_hardware_post_method_exists" time="0.467" /><testcase classname="backend.tests.test_cotizador_api.TestEndpointMethodsExist" name="test_quotes_post_method_exists" time="0.227" /><testcase classname="backend.tests.test_cotizador_api.TestEndpointMethodsExist" name="test_exchange_rate_update_post_method_exists" time="0.274" /><testcase classname="backend.tests.test_cotizador_api.TestEndpointMethodsExist" name="test_config_logo_post_method_exists" time="0.358" /><testcase classname="backend.tests.test_quotes_flow.TestQuotesEndpointStructure" name="test_quotes_get_requires_auth" time="0.225" /><testcase classname="backend.tests.test_quotes_flow.TestQuotesEndpointStructure" name="test_quotes_post_requires_auth" time="0.133"><failure message="assert 422 == 401&#10; +  where 422 = &lt;Response [422]&gt;.status_code">backend/tests/test_quotes_flow.py:33: in test_quotes_post_requires_auth
    assert response.status_code == 401
E   assert 422 == 401
E    +  where 422 = &lt;Response [422]&gt;.status_code</failure></testcase><testcase classname="backend.tests.test_quotes_flow.TestQuotesEndpointStructure" name="test_quotes_post_validates_body_structure" time="0.130" /><testcase classname="backend.tests.test_quotes_flow.TestQuotesEndpointStructure" name="test_quotes_pdf_endpoint_exists" time="0.171" /><testcase classname="backend.tests.test_quotes_flow.TestBanksWithProducts" name="test_banks_get_requires_auth" time="0.154" /><testcase classname="backend.tests.test_quotes_flow.TestBanksWithProducts" name="test_banks_post_accepts_products" time="0.134" /><testcase classname="backend.tests.test_quotes_flow.TestClientsEndpoint" name="test_clients_get_requires_auth" time="0.248" /><testcase classname="backend.tests.test_quotes_flow.TestQuotePayloadValidation" name="test_quote_payload_structure" time="0.136" /><testcase classname="backend.tests.test_quotes_flow.TestQuotePayloadValidation" name="test_quote_types_valid_values" time="0.746" /><testcase classname="backend.tests.test_quotes_flow.TestBankProductCompatibility" name="test_bank_product_compatibility_fields" time="0.194" /><testcase classname="backend.tests.test_quotes_flow.TestExchangeRateForQuotes" name="test_exchange_rate_current_requires_auth" time="0.129" /><testcase classname="backend.tests.test_quotes_flow.TestServicesEndpoint" name="test_services_with_compatibility_filter" time="0.722" /><testcase classname="backend.tests.test_quotes_flow.TestServicesEndpoint" name="test_services_compatibility_case_insensitive" time="0.202" /><testcase classname="backend.tests.test_quotes_flow.TestAPIResponseCodes" name="test_404_for_nonexistent_quote" time="0.135" /><testcase classname="backend.tests.test_quotes_flow.TestAPIResponseCodes" name="test_404_for_nonexistent_client" time="0.167" /><testcase classname="backend.tests.test_quotes_flow.TestAPIResponseCodes" name="test_404_for_nonexistent_bank" time="0.184" /><testcase classname="backend.tests.test_services_compatibility.TestServicesCompatibilityFilterNoAuth" name="test_services_without_compatibility_returns_401" time="0.304" /><testcase classname="backend.tests.test_services_compatibility.TestServicesCompatibilityFilterNoAuth" name="test_services_with_vpos_compatibility_returns_401" time="0.220" /><testcase classname="backend.tests.test_services_compatibility.TestServicesCompatibilityFilterNoAuth" name="test_services_with_gateway_compatibility_returns_401" time="0.196" /><testcase classname="backend.tests.test_services_compatibility.TestServicesCompatibilityFilterNoAuth" name="test_services_with_mpos_compatibility_returns_401" time="0.147" /><testcase classname="backend.tests.test_services_compatibility.TestServicesCompatibilityFilterNoAuth" name="test_services_with_link_compatibility_returns_401" time="0.177" /><testcase classname="backend.tests.test_services_compatibility.TestServicesCompatibilityFilterNoAuth" name="test_services_with_uppercase_VPOS_compatibility" time="0.152" /><testcase classname="backend.tests.test_services_compatibility.TestServicesCompatibilityFilterNoAuth" name="test_services_with_uppercase_GATEWAY_compatibility" time="0.137" /><testcase classname="backend.tests.test_services_compatibility.TestServicesCompatibilityFilterNoAuth" name="test_services_with_invalid_compatibility_returns_401" time="0.131" /><testcase classname="backend.tests.test_services_compatibility.TestServicesWithInvalidToken" name="test_services_vpos_filter_with_invalid_token" time="0.169" /><testcase classname="backend.tests.test_services_compatibility.TestServicesWithInvalidToken" name="test_services_gateway_filter_with_invalid_token" time="0.109" /><testcase classname="backend.tests.test_services_compatibility.TestServicesWithInvalidToken" name="test_services_mpos_filter_with_invalid_token" time="0.124" /><testcase classname="backend.tests.test_services_compatibility.TestServicesWithInvalidToken" name="test_services_link_filter_with_invalid_token" time="0.139" /><testcase classname="backend.tests.test_services_compatibility.TestServiceModelFields" name="test_post_service_with_all_compatibility_fields" time="0.172" /><testcase classname="backend.tests.test_services_compatibility.TestServiceModelFields" name="test_post_service_with_only_vpos_enabled" time="0.157" /><testcase classname="backend.tests.test_services_compatibility.TestServiceModelFields" name="test_post_service_with_only_gateway_enabled" time="0.144" /><testcase classname="backend.tests.test_services_compatibility.TestClientsBanksHardwareNoAuth" name="test_get_clients_requires_auth" time="0.100" /><testcase classname="backend.tests.test_services_compatibility.TestClientsBanksHardwareNoAuth" name="test_get_banks_requires_auth" time="0.138" /><testcase classname="backend.tests.test_services_compatibility.TestClientsBanksHardwareNoAuth" name="test_get_hardware_requires_auth" time="0.115" /><testcase classname="backend.tests.test_services_compatibility.TestClientsBanksHardwareNoAuth" name="test_get_quotes_requires_auth" time="0.156" /><testcase classname="backend.tests.test_services_compatibility.TestExchangeRateEndpoints" name="test_get_exchange_rate_current_requires_auth" time="0.113" /><testcase classname="backend.tests.test_services_compatibility.TestExchangeRateEndpoints" name="test_post_exchange_rate_update_requires_auth" time="0.104" /></testsuite></testsuites>