<?xml version="1.0" encoding="utf-8"?><testsuites name="pytest tests"><testsuite name="pytest" errors="0" failures="0" skipped="1" tests="11" time="25.271" timestamp="2026-03-23T21:25:16.502228+00:00" hostname="agent-env-28b6e926-1d4b-4adb-8b8d-0557395699ad"><testcase classname="backend.tests.test_iteration128_corp_pdf_structure.TestCorporatePDFGeneration" name="test_corp_pdf_generation_endpoint_returns_pdf" time="2.959" /><testcase classname="backend.tests.test_iteration128_corp_pdf_structure.TestCorporatePDFGeneration" name="test_corp_pdf_page_structure" time="2.045" /><testcase classname="backend.tests.test_iteration128_corp_pdf_structure.TestCorporatePDFGeneration" name="test_corp_pdf_financial_grouping_with_all_tipo_corp" time="2.163" /><testcase classname="backend.tests.test_iteration128_corp_pdf_structure.TestCorporatePDFGeneration" name="test_corp_pdf_preview_endpoint" time="2.109" /><testcase classname="backend.tests.test_iteration128_corp_pdf_structure.TestPYMEPDFRegression" name="test_pyme_pdf_generation_unchanged" time="2.539" /><testcase classname="backend.tests.test_iteration128_corp_pdf_structure.TestPYMEPDFRegression" name="test_pyme_pdf_without_tipo_corp_field" time="2.574" /><testcase classname="backend.tests.test_iteration128_corp_pdf_structure.TestGatewayPDFRegression" name="test_gateway_pdf_generation_unchanged" time="1.196"><skipped type="pytest.skip" message="Login failed: 502">/app/backend/tests/test_iteration128_corp_pdf_structure.py:368: Login failed: 502</skipped></testcase><testcase classname="backend.tests.test_iteration128_corp_pdf_structure.TestQuotePDFItemModel" name="test_items_with_tipo_corp_accepted" time="2.654" /><testcase classname="backend.tests.test_iteration128_corp_pdf_structure.TestQuotePDFItemModel" name="test_items_without_tipo_corp_accepted" time="2.258" /><testcase classname="backend.tests.test_iteration128_corp_pdf_structure.TestQuotePDFItemModel" name="test_mixed_items_with_and_without_tipo_corp" time="2.189" /><testcase classname="backend.tests.test_iteration128_corp_pdf_structure.TestCorporateAnnexAppending" name="test_corp_pdf_has_more_pages_than_dynamic_only" time="2.405" /></testsuite></testsuites>