<?xml version="1.0" encoding="utf-8"?><testsuites name="pytest tests"><testsuite name="pytest" errors="0" failures="0" skipped="0" tests="17" time="4.982" timestamp="2026-04-03T17:36:13.337874+00:00" hostname="agent-env-33892bb4-b993-4979-82f7-084bbb2200d5"><testcase classname="backend.tests.test_iteration152_pyme_extended_flow.TestPymeExtendedFlowBackend" name="test_get_pinpad_models_returns_200" time="0.501" /><testcase classname="backend.tests.test_iteration152_pyme_extended_flow.TestPymeExtendedFlowBackend" name="test_get_pinpad_models_returns_models_array" time="0.240" /><testcase classname="backend.tests.test_iteration152_pyme_extended_flow.TestPymeExtendedFlowBackend" name="test_get_pinpad_models_structure" time="0.239" /><testcase classname="backend.tests.test_iteration152_pyme_extended_flow.TestPymeExtendedFlowBackend" name="test_get_pinpad_models_filters_by_asset_type_bien" time="0.189" /><testcase classname="backend.tests.test_iteration152_pyme_extended_flow.TestPymeExtendedFlowBackend" name="test_get_inventory_serials_requires_model_id" time="0.263" /><testcase classname="backend.tests.test_iteration152_pyme_extended_flow.TestPymeExtendedFlowBackend" name="test_get_inventory_serials_with_model_id" time="0.333" /><testcase classname="backend.tests.test_iteration152_pyme_extended_flow.TestPymeExtendedFlowBackend" name="test_get_inventory_serials_returns_correct_structure" time="0.314" /><testcase classname="backend.tests.test_iteration152_pyme_extended_flow.TestPymeExtendedFlowBackend" name="test_send_to_implementation_accepts_server_name" time="0.281" /><testcase classname="backend.tests.test_iteration152_pyme_extended_flow.TestPymeExtendedFlowBackend" name="test_send_to_implementation_accepts_pinpad_serials" time="0.334" /><testcase classname="backend.tests.test_iteration152_pyme_extended_flow.TestPymeExtendedFlowBackend" name="test_project_has_server_name_field" time="0.251" /><testcase classname="backend.tests.test_iteration152_pyme_extended_flow.TestPymeExtendedFlowBackend" name="test_project_has_pinpad_serials_field" time="0.282" /><testcase classname="backend.tests.test_iteration152_pyme_extended_flow.TestPymeExtendedFlowBackend" name="test_pyme_quotes_exist" time="0.205" /><testcase classname="backend.tests.test_iteration152_pyme_extended_flow.TestPymeExtendedFlowBackend" name="test_pyme_detection_by_quote_number" time="0.151" /><testcase classname="backend.tests.test_iteration152_pyme_extended_flow.TestPymeExtendedFlowBackend" name="test_pyme_detection_by_client_segment" time="0.162" /><testcase classname="backend.tests.test_iteration152_pyme_extended_flow.TestPymeExtendedFlowBackend" name="test_hardware_catalog_has_pos_pinpad_items" time="0.196" /><testcase classname="backend.tests.test_iteration152_pyme_extended_flow.TestPymeExtendedFlowBackend" name="test_inventory_movements_have_salidas" time="0.462" /><testcase classname="backend.tests.test_iteration152_pyme_extended_flow.TestPymeFlowIntegration" name="test_complete_pyme_flow_data_availability" time="0.304" /></testsuite></testsuites>