<?xml version="1.0" encoding="utf-8"?><testsuites name="pytest tests"><testsuite name="pytest" errors="0" failures="0" skipped="0" tests="6" time="2.492" timestamp="2026-02-20T15:21:20.019512+00:00" hostname="agent-env-9c976633-6c4a-4fac-9d21-4fd778693ec9"><testcase classname="tests.test_iteration24_delete_quote_verification.TestDeleteQuoteFlow" name="test_create_and_delete_quote_full_flow" time="0.581" /><testcase classname="tests.test_iteration24_delete_quote_verification.TestDeleteQuoteFlow" name="test_delete_quote_in_enviada_state" time="0.328" /><testcase classname="tests.test_iteration24_delete_quote_verification.TestDeleteQuoteFlow" name="test_delete_nonexistent_quote_returns_404" time="0.117" /><testcase classname="tests.test_iteration24_delete_quote_verification.TestDeleteQuoteFlow" name="test_delete_without_auth_returns_401" time="0.528" /><testcase classname="tests.test_iteration24_delete_quote_verification.TestBackendDeleteEndpoint" name="test_delete_endpoint_response_structure" time="0.400" /><testcase classname="tests.test_iteration24_delete_quote_verification.TestBackendDeleteEndpoint" name="test_delete_with_logging" time="0.309" /></testsuite></testsuites>