<?xml version="1.0" encoding="utf-8"?><testsuites name="pytest tests"><testsuite name="pytest" errors="0" failures="10" skipped="0" tests="14" time="7.951" timestamp="2026-02-25T02:19:57.912812+00:00" hostname="agent-env-7025ab56-8b32-4848-90cd-21cc089d636c"><testcase classname="backend.tests.test_workflow_transitions.TestWorkflowTransitions" name="test_attachment_categories_includes_five_categories" time="0.745"><failure message="AssertionError: Category 'Cotización' should be valid. Response: {&quot;detail&quot;:[{&quot;type&quot;:&quot;missing&quot;,&quot;loc&quot;:[&quot;body&quot;,&quot;file&quot;],&quot;msg&quot;:&quot;Field required&quot;,&quot;input&quot;:null,&quot;url&quot;:&quot;https://errors.pydantic.dev/2.12/v/missing&quot;},{&quot;type&quot;:&quot;missing&quot;,&quot;loc&quot;:[&quot;body&quot;,&quot;category&quot;],&quot;msg&quot;:&quot;Field required&quot;,&quot;input&quot;:null,&quot;url&quot;:&quot;https://errors.pydantic.dev/2.12/v/missing&quot;}]}&#10;assert 422 == 200&#10; +  where 422 = &lt;Response [422]&gt;.status_code">backend/tests/test_workflow_transitions.py:100: in test_attachment_categories_includes_five_categories
    assert upload_response.status_code == 200, f"Category '{category}' should be valid. Response: {upload_response.text}"
E   AssertionError: Category 'Cotización' should be valid. Response: {"detail":[{"type":"missing","loc":["body","file"],"msg":"Field required","input":null,"url":"https://errors.pydantic.dev/2.12/v/missing"},{"type":"missing","loc":["body","category"],"msg":"Field required","input":null,"url":"https://errors.pydantic.dev/2.12/v/missing"}]}
E   assert 422 == 200
E    +  where 422 = &lt;Response [422]&gt;.status_code</failure></testcase><testcase classname="backend.tests.test_workflow_transitions.TestWorkflowTransitions" name="test_attachment_pagos_category_accepted" time="0.316"><failure message="AssertionError: 'Pagos' category should be valid. Response: {&quot;detail&quot;:[{&quot;type&quot;:&quot;missing&quot;,&quot;loc&quot;:[&quot;body&quot;,&quot;file&quot;],&quot;msg&quot;:&quot;Field required&quot;,&quot;input&quot;:null,&quot;url&quot;:&quot;https://errors.pydantic.dev/2.12/v/missing&quot;},{&quot;type&quot;:&quot;missing&quot;,&quot;loc&quot;:[&quot;body&quot;,&quot;category&quot;],&quot;msg&quot;:&quot;Field required&quot;,&quot;input&quot;:null,&quot;url&quot;:&quot;https://errors.pydantic.dev/2.12/v/missing&quot;}]}&#10;assert 422 == 200&#10; +  where 422 = &lt;Response [422]&gt;.status_code">backend/tests/test_workflow_transitions.py:139: in test_attachment_pagos_category_accepted
    assert upload_response.status_code == 200, f"'Pagos' category should be valid. Response: {upload_response.text}"
E   AssertionError: 'Pagos' category should be valid. Response: {"detail":[{"type":"missing","loc":["body","file"],"msg":"Field required","input":null,"url":"https://errors.pydantic.dev/2.12/v/missing"},{"type":"missing","loc":["body","category"],"msg":"Field required","input":null,"url":"https://errors.pydantic.dev/2.12/v/missing"}]}
E   assert 422 == 200
E    +  where 422 = &lt;Response [422]&gt;.status_code</failure></testcase><testcase classname="backend.tests.test_workflow_transitions.TestWorkflowTransitions" name="test_attachment_invalid_category_rejected" time="0.298"><failure message="AssertionError: Invalid category should be rejected. Response: {&quot;detail&quot;:[{&quot;type&quot;:&quot;missing&quot;,&quot;loc&quot;:[&quot;body&quot;,&quot;file&quot;],&quot;msg&quot;:&quot;Field required&quot;,&quot;input&quot;:null,&quot;url&quot;:&quot;https://errors.pydantic.dev/2.12/v/missing&quot;},{&quot;type&quot;:&quot;missing&quot;,&quot;loc&quot;:[&quot;body&quot;,&quot;category&quot;],&quot;msg&quot;:&quot;Field required&quot;,&quot;input&quot;:null,&quot;url&quot;:&quot;https://errors.pydantic.dev/2.12/v/missing&quot;}]}&#10;assert 422 == 400&#10; +  where 422 = &lt;Response [422]&gt;.status_code">backend/tests/test_workflow_transitions.py:178: in test_attachment_invalid_category_rejected
    assert upload_response.status_code == 400, f"Invalid category should be rejected. Response: {upload_response.text}"
E   AssertionError: Invalid category should be rejected. Response: {"detail":[{"type":"missing","loc":["body","file"],"msg":"Field required","input":null,"url":"https://errors.pydantic.dev/2.12/v/missing"},{"type":"missing","loc":["body","category"],"msg":"Field required","input":null,"url":"https://errors.pydantic.dev/2.12/v/missing"}]}
E   assert 422 == 400
E    +  where 422 = &lt;Response [422]&gt;.status_code</failure></testcase><testcase classname="backend.tests.test_workflow_transitions.TestWorkflowTransitions" name="test_approve_returns_422_without_orden_compra" time="0.683" /><testcase classname="backend.tests.test_workflow_transitions.TestWorkflowTransitions" name="test_approve_succeeds_with_orden_compra" time="0.391"><failure message="AssertionError: Failed to upload Orden de Compra: {&quot;detail&quot;:[{&quot;type&quot;:&quot;missing&quot;,&quot;loc&quot;:[&quot;body&quot;,&quot;file&quot;],&quot;msg&quot;:&quot;Field required&quot;,&quot;input&quot;:null,&quot;url&quot;:&quot;https://errors.pydantic.dev/2.12/v/missing&quot;},{&quot;type&quot;:&quot;missing&quot;,&quot;loc&quot;:[&quot;body&quot;,&quot;category&quot;],&quot;msg&quot;:&quot;Field required&quot;,&quot;input&quot;:null,&quot;url&quot;:&quot;https://errors.pydantic.dev/2.12/v/missing&quot;}]}&#10;assert 422 == 200&#10; +  where 422 = &lt;Response [422]&gt;.status_code">backend/tests/test_workflow_transitions.py:263: in test_approve_succeeds_with_orden_compra
    assert upload_response.status_code == 200, f"Failed to upload Orden de Compra: {upload_response.text}"
E   AssertionError: Failed to upload Orden de Compra: {"detail":[{"type":"missing","loc":["body","file"],"msg":"Field required","input":null,"url":"https://errors.pydantic.dev/2.12/v/missing"},{"type":"missing","loc":["body","category"],"msg":"Field required","input":null,"url":"https://errors.pydantic.dev/2.12/v/missing"}]}
E   assert 422 == 200
E    +  where 422 = &lt;Response [422]&gt;.status_code</failure></testcase><testcase classname="backend.tests.test_workflow_transitions.TestWorkflowTransitions" name="test_invoice_returns_422_without_factura" time="0.564"><failure message="AssertionError: Expected 422, got 400. Response: {&quot;detail&quot;:&quot;Solo se pueden facturar cotizaciones en estado 'Aprobada'&quot;}&#10;assert 400 == 422&#10; +  where 400 = &lt;Response [400]&gt;.status_code">backend/tests/test_workflow_transitions.py:314: in test_invoice_returns_422_without_factura
    assert invoice_response.status_code == 422, f"Expected 422, got {invoice_response.status_code}. Response: {invoice_response.text}"
E   AssertionError: Expected 422, got 400. Response: {"detail":"Solo se pueden facturar cotizaciones en estado 'Aprobada'"}
E   assert 400 == 422
E    +  where 400 = &lt;Response [400]&gt;.status_code</failure></testcase><testcase classname="backend.tests.test_workflow_transitions.TestWorkflowTransitions" name="test_invoice_succeeds_with_factura" time="0.464"><failure message="AssertionError: Approve failed: {&quot;detail&quot;:&quot;Debe cargar la Orden de Compra antes de aprobar la cotización&quot;}&#10;assert 422 == 200&#10; +  where 422 = &lt;Response [422]&gt;.status_code">backend/tests/test_workflow_transitions.py:349: in test_invoice_succeeds_with_factura
    assert approve_resp.status_code == 200, f"Approve failed: {approve_resp.text}"
E   AssertionError: Approve failed: {"detail":"Debe cargar la Orden de Compra antes de aprobar la cotización"}
E   assert 422 == 200
E    +  where 422 = &lt;Response [422]&gt;.status_code</failure></testcase><testcase classname="backend.tests.test_workflow_transitions.TestWorkflowTransitions" name="test_invoice_accepts_form_data_invoice_number" time="0.615"><failure message="assert 400 == 200&#10; +  where 400 = &lt;Response [400]&gt;.status_code">backend/tests/test_workflow_transitions.py:420: in test_invoice_accepts_form_data_invoice_number
    assert invoice_response.status_code == 200
E   assert 400 == 200
E    +  where 400 = &lt;Response [400]&gt;.status_code</failure></testcase><testcase classname="backend.tests.test_workflow_transitions.TestWorkflowTransitions" name="test_collect_returns_422_without_pagos" time="0.581"><failure message="assert 400 == 200&#10; +  where 400 = &lt;Response [400]&gt;.status_code">backend/tests/test_workflow_transitions.py:462: in test_collect_returns_422_without_pagos
    assert invoice_resp.status_code == 200
E   assert 400 == 200
E    +  where 400 = &lt;Response [400]&gt;.status_code</failure></testcase><testcase classname="backend.tests.test_workflow_transitions.TestWorkflowTransitions" name="test_collect_succeeds_with_pagos" time="0.664"><failure message="assert 422 == 200&#10; +  where 422 = &lt;Response [422]&gt;.status_code">backend/tests/test_workflow_transitions.py:515: in test_collect_succeeds_with_pagos
    assert upload_response.status_code == 200
E   assert 422 == 200
E    +  where 422 = &lt;Response [422]&gt;.status_code</failure></testcase><testcase classname="backend.tests.test_workflow_transitions.TestWorkflowTransitions" name="test_collect_succeeds_with_multiple_pagos" time="0.672"><failure message="assert 422 == 200&#10; +  where 422 = &lt;Response [422]&gt;.status_code">backend/tests/test_workflow_transitions.py:564: in test_collect_succeeds_with_multiple_pagos
    assert upload1.status_code == 200
E   assert 422 == 200
E    +  where 422 = &lt;Response [422]&gt;.status_code</failure></testcase><testcase classname="backend.tests.test_workflow_transitions.TestWorkflowTransitions" name="test_approve_requires_enviada_status" time="0.403" /><testcase classname="backend.tests.test_workflow_transitions.TestWorkflowTransitions" name="test_invoice_requires_aprobada_status" time="0.514" /><testcase classname="backend.tests.test_workflow_transitions.TestWorkflowTransitions" name="test_collect_requires_facturada_status" time="0.592" /></testsuite></testsuites>