<?xml version="1.0" encoding="utf-8"?><testsuites name="pytest tests"><testsuite name="pytest" errors="0" failures="0" skipped="0" tests="11" time="2.849" timestamp="2026-03-02T13:38:01.946841+00:00" hostname="agent-env-c6afc831-3700-4aef-ba16-2f4e3b97f959"><testcase classname="backend.tests.test_iteration55_pg_module_features.TestIteration55PGModule" name="test_get_clients_for_pg_quote" time="0.386" /><testcase classname="backend.tests.test_iteration55_pg_module_features.TestIteration55PGModule" name="test_get_integrators_list" time="0.176" /><testcase classname="backend.tests.test_iteration55_pg_module_features.TestIteration55PGModule" name="test_get_banks_with_gateway_products" time="0.170" /><testcase classname="backend.tests.test_iteration55_pg_module_features.TestIteration55PGModule" name="test_create_pg_integrator_if_needed" time="0.168" /><testcase classname="backend.tests.test_iteration55_pg_module_features.TestIteration55PGModule" name="test_pg_pdf_generation_with_pg_setup_items" time="0.378" /><testcase classname="backend.tests.test_iteration55_pg_module_features.TestIteration55PGModule" name="test_vpos_pdf_generation_unchanged" time="0.324" /><testcase classname="backend.tests.test_iteration55_pg_module_features.TestIteration55PGModule" name="test_create_gateway_quote_with_pg_setup_items" time="0.300" /><testcase classname="backend.tests.test_iteration55_pg_module_features.TestIteration55PGModule" name="test_pg_quote_pdf_download" time="0.194" /><testcase classname="backend.tests.test_iteration55_pg_module_features.TestIteration55PGModule" name="test_many_to_many_validation_backend" time="0.323" /><testcase classname="backend.tests.test_iteration55_pg_module_features.TestPGIntegratorFilter" name="test_integrators_have_modality_field" time="0.159" /><testcase classname="backend.tests.test_iteration55_pg_module_features.TestPGIntegratorFilter" name="test_filter_pg_integrators" time="0.164" /></testsuite></testsuites>