<?xml version="1.0" encoding="utf-8"?><testsuites name="pytest tests"><testsuite name="pytest" errors="0" failures="0" skipped="0" tests="26" time="42.349" timestamp="2026-02-18T16:56:57.539024+00:00" hostname="agent-env-72a46ee0-1805-47b5-8475-780784f1d3a2"><testcase classname="tests.test_import_functionality.TestIntegratorsImport" name="test_import_integrators_valid_csv" time="3.381" /><testcase classname="tests.test_import_functionality.TestIntegratorsImport" name="test_import_integrators_missing_required_columns" time="0.980" /><testcase classname="tests.test_import_functionality.TestIntegratorsImport" name="test_import_integrators_invalid_type_enum" time="1.185" /><testcase classname="tests.test_import_functionality.TestIntegratorsImport" name="test_import_integrators_invalid_modality_enum" time="1.167" /><testcase classname="tests.test_import_functionality.TestIntegratorsImport" name="test_import_integrators_duplicate_detection" time="1.724" /><testcase classname="tests.test_import_functionality.TestIntegratorsImport" name="test_import_integrators_partial_success" time="0.865" /><testcase classname="tests.test_import_functionality.TestIntegratorsImport" name="test_import_integrators_empty_file" time="0.736" /><testcase classname="tests.test_import_functionality.TestIntegratorsImport" name="test_import_integrators_invalid_file_format" time="0.770" /><testcase classname="tests.test_import_functionality.TestIntegratorsImport" name="test_import_integrators_requires_auth" time="0.842" /><testcase classname="tests.test_import_functionality.TestClientsImport" name="test_import_clients_valid_csv" time="0.804" /><testcase classname="tests.test_import_functionality.TestClientsImport" name="test_import_clients_missing_rif" time="0.780" /><testcase classname="tests.test_import_functionality.TestClientsImport" name="test_import_clients_duplicate_rif" time="1.653" /><testcase classname="tests.test_import_functionality.TestClientsImport" name="test_import_clients_segment_validation" time="0.956" /><testcase classname="tests.test_import_functionality.TestBanksImport" name="test_import_banks_valid_csv" time="0.875" /><testcase classname="tests.test_import_functionality.TestBanksImport" name="test_import_banks_missing_name" time="0.765" /><testcase classname="tests.test_import_functionality.TestBanksImport" name="test_import_banks_duplicate_name" time="1.620" /><testcase classname="tests.test_import_functionality.TestServicesImport" name="test_import_services_valid_csv" time="0.824" /><testcase classname="tests.test_import_functionality.TestServicesImport" name="test_import_services_missing_name" time="0.959" /><testcase classname="tests.test_import_functionality.TestServicesImport" name="test_import_services_invalid_cost_format" time="0.846" /><testcase classname="tests.test_import_functionality.TestServicesImport" name="test_import_services_duplicate_name" time="1.633" /><testcase classname="tests.test_import_functionality.TestImportResultStructure" name="test_import_result_has_required_fields" time="0.920" /><testcase classname="tests.test_import_functionality.TestImportResultStructure" name="test_import_error_has_required_fields" time="0.770" /><testcase classname="tests.test_import_functionality.TestCleanup" name="test_cleanup_test_integrators" time="6.211" /><testcase classname="tests.test_import_functionality.TestCleanup" name="test_cleanup_test_clients" time="4.189" /><testcase classname="tests.test_import_functionality.TestCleanup" name="test_cleanup_test_banks" time="2.997" /><testcase classname="tests.test_import_functionality.TestCleanup" name="test_cleanup_test_services" time="3.103" /></testsuite></testsuites>