<?xml version="1.0" encoding="utf-8"?><testsuites name="pytest tests"><testsuite name="pytest" errors="0" failures="0" skipped="0" tests="11" time="10.166" timestamp="2026-02-25T13:56:42.741085+00:00" hostname="agent-env-7025ab56-8b32-4848-90cd-21cc089d636c"><testcase classname="backend.tests.test_crm_evolution.TestCRMEvolution" name="test_create_client_with_sucursal" time="1.663" /><testcase classname="backend.tests.test_crm_evolution.TestCRMEvolution" name="test_duplicate_rif_sucursal_returns_400" time="0.909" /><testcase classname="backend.tests.test_crm_evolution.TestCRMEvolution" name="test_same_rif_different_sucursal_succeeds" time="0.805" /><testcase classname="backend.tests.test_crm_evolution.TestCRMEvolution" name="test_update_client_with_contacts_and_sucursal" time="0.691" /><testcase classname="backend.tests.test_crm_evolution.TestCRMEvolution" name="test_get_clients_returns_sucursal_and_contacts" time="0.651" /><testcase classname="backend.tests.test_crm_evolution.TestCRMEvolution" name="test_create_bitacora_entry" time="0.748" /><testcase classname="backend.tests.test_crm_evolution.TestCRMEvolution" name="test_get_client_logs_sorted_descending" time="1.212" /><testcase classname="backend.tests.test_crm_evolution.TestCRMEvolution" name="test_toggle_log_completion" time="1.003" /><testcase classname="backend.tests.test_crm_evolution.TestCRMEvolution" name="test_dashboard_alerts_returns_semaphore_classification" time="0.347" /><testcase classname="backend.tests.test_crm_evolution.TestCRMEvolution" name="test_dashboard_alerts_with_test_data" time="1.167" /><testcase classname="backend.tests.test_crm_evolution.TestCRMEvolution" name="test_contact_roles_validation" time="0.489" /></testsuite></testsuites>