<?xml version="1.0" encoding="utf-8"?><testsuites name="pytest tests"><testsuite name="pytest" errors="0" failures="0" skipped="0" tests="11" time="2.319" timestamp="2026-03-07T11:43:54.908444+00:00" hostname="agent-env-77dab282-e054-438d-a995-b31d863a7ffc"><testcase classname="backend.tests.test_iteration68_banks_redesign.TestBanksRedesign" name="test_01_upload_logo_endpoint_exists" time="0.565" /><testcase classname="backend.tests.test_iteration68_banks_redesign.TestBanksRedesign" name="test_02_upload_logo_with_image" time="0.209" /><testcase classname="backend.tests.test_iteration68_banks_redesign.TestBanksRedesign" name="test_03_create_bank_with_new_fields" time="0.126" /><testcase classname="backend.tests.test_iteration68_banks_redesign.TestBanksRedesign" name="test_04_get_banks_returns_new_fields" time="0.120" /><testcase classname="backend.tests.test_iteration68_banks_redesign.TestBanksRedesign" name="test_05_update_bank_with_new_fields" time="0.096" /><testcase classname="backend.tests.test_iteration68_banks_redesign.TestBanksRedesign" name="test_06_verify_update_persisted" time="0.328" /><testcase classname="backend.tests.test_iteration68_banks_redesign.TestBanksRedesign" name="test_07_create_bank_minimal_fields" time="0.178" /><testcase classname="backend.tests.test_iteration68_banks_redesign.TestBanksRedesign" name="test_08_delete_bank" time="0.116" /><testcase classname="backend.tests.test_iteration68_banks_redesign.TestBanksRedesign" name="test_09_verify_delete_persisted" time="0.110" /><testcase classname="backend.tests.test_iteration68_banks_redesign.TestBanksRedesign" name="test_10_delete_nonexistent_bank_returns_404" time="0.155" /><testcase classname="backend.tests.test_iteration68_banks_redesign.TestBanksRedesign" name="test_11_existing_banks_have_null_new_fields" time="0.099" /></testsuite></testsuites>