<?xml version="1.0" encoding="utf-8"?><testsuites name="pytest tests"><testsuite name="pytest" errors="0" failures="0" skipped="0" tests="14" time="2.334" timestamp="2026-04-16T19:23:58.847432+00:00" hostname="agent-env-87fe3970-0b5c-4295-9396-d56d745005c3"><testcase classname="backend.tests.test_iteration169_repair_templates.TestRepairTemplatesAndActions" name="test_01_login_success" time="0.579" /><testcase classname="backend.tests.test_iteration169_repair_templates.TestRepairTemplatesAndActions" name="test_02_get_repair_quote" time="0.179" /><testcase classname="backend.tests.test_iteration169_repair_templates.TestRepairTemplatesAndActions" name="test_03_verify_repair_complete_template_logic" time="0.163" /><testcase classname="backend.tests.test_iteration169_repair_templates.TestRepairTemplatesAndActions" name="test_04_verify_repair_deliver_reference_format" time="0.146" /><testcase classname="backend.tests.test_iteration169_repair_templates.TestRepairTemplatesAndActions" name="test_05_verify_repair_invoice_template_logic" time="0.133" /><testcase classname="backend.tests.test_iteration169_repair_templates.TestRepairTemplatesAndActions" name="test_06_verify_repair_collect_template_logic" time="0.142" /><testcase classname="backend.tests.test_iteration169_repair_templates.TestRepairTemplatesAndActions" name="test_07_check_email_templates_in_db" time="0.162" /><testcase classname="backend.tests.test_iteration169_repair_templates.TestRepairTemplatesAndActions" name="test_08_repair_complete_endpoint_exists" time="0.205" /><testcase classname="backend.tests.test_iteration169_repair_templates.TestRepairTemplatesAndActions" name="test_09_verify_billing_data_saved" time="0.168" /><testcase classname="backend.tests.test_iteration169_repair_templates.TestRepairDeliveryReference" name="test_01_check_inventory_movements_reference_format" time="0.224" /><testcase classname="backend.tests.test_iteration169_repair_templates.TestCodeReview" name="test_01_repair_complete_uses_same_template_for_admin_and_client" time="0.001" /><testcase classname="backend.tests.test_iteration169_repair_templates.TestCodeReview" name="test_02_repair_deliver_reference_includes_invoice_and_quote" time="0.001" /><testcase classname="backend.tests.test_iteration169_repair_templates.TestCodeReview" name="test_03_repair_invoice_uses_correct_template_and_recipient" time="0.001" /><testcase classname="backend.tests.test_iteration169_repair_templates.TestCodeReview" name="test_04_repair_collect_uses_correct_template_and_recipient" time="0.001" /></testsuite></testsuites>