<?xml version="1.0" encoding="utf-8"?><testsuites name="pytest tests"><testsuite name="pytest" errors="0" failures="0" skipped="0" tests="10" time="11.213" timestamp="2026-02-23T20:17:15.546551+00:00" hostname="agent-env-0d544df4-6720-4196-98ed-25191d7c2af6"><testcase classname="backend.tests.test_pdf_resumen_ejecutivo_layout.TestPDFEndpointAccess" name="test_pdf_endpoint_exists" time="2.583" /><testcase classname="backend.tests.test_pdf_resumen_ejecutivo_layout.TestPDFWithAdditionalItems" name="test_pdf_with_additional_items_structure" time="2.365" /><testcase classname="backend.tests.test_pdf_resumen_ejecutivo_layout.TestPDFWithAdditionalItems" name="test_pdf_with_long_address" time="0.966" /><testcase classname="backend.tests.test_pdf_resumen_ejecutivo_layout.TestPDFWithAdditionalItems" name="test_pdf_without_additional_items" time="1.345" /><testcase classname="backend.tests.test_pdf_resumen_ejecutivo_layout.TestPDFWithAdditionalItems" name="test_pdf_multiple_banks_same_product" time="1.633" /><testcase classname="backend.tests.test_pdf_resumen_ejecutivo_layout.TestAdditionalItemsFieldValidation" name="test_additional_items_with_bank_name_required" time="2.088" /><testcase classname="backend.tests.test_pdf_resumen_ejecutivo_layout.TestTemplateQuotePDFRequestModel" name="test_model_has_additional_items_field" time="0.014" /><testcase classname="backend.tests.test_pdf_resumen_ejecutivo_layout.TestCreateBankProductsTableMethod" name="test_method_uses_only_additional_items" time="0.012" /><testcase classname="backend.tests.test_pdf_resumen_ejecutivo_layout.TestCreateBankProductsTableMethod" name="test_method_creates_two_column_first_row" time="0.012" /><testcase classname="backend.tests.test_pdf_resumen_ejecutivo_layout.TestCreateBankProductsTableMethod" name="test_method_creates_separate_address_row" time="0.010" /></testsuite></testsuites>