<?xml version="1.0" encoding="utf-8"?><testsuites name="pytest tests"><testsuite name="pytest" errors="0" failures="0" skipped="0" tests="14" time="10.460" timestamp="2026-02-25T02:21:26.270977+00:00" hostname="agent-env-7025ab56-8b32-4848-90cd-21cc089d636c"><testcase classname="backend.tests.test_workflow_transitions.TestWorkflowTransitions" name="test_attachment_categories_includes_five_categories" time="1.527" /><testcase classname="backend.tests.test_workflow_transitions.TestWorkflowTransitions" name="test_attachment_pagos_category_accepted" time="0.432" /><testcase classname="backend.tests.test_workflow_transitions.TestWorkflowTransitions" name="test_attachment_invalid_category_rejected" time="0.387" /><testcase classname="backend.tests.test_workflow_transitions.TestWorkflowTransitions" name="test_approve_returns_422_without_orden_compra" time="0.481" /><testcase classname="backend.tests.test_workflow_transitions.TestWorkflowTransitions" name="test_approve_succeeds_with_orden_compra" time="0.871" /><testcase classname="backend.tests.test_workflow_transitions.TestWorkflowTransitions" name="test_invoice_returns_422_without_factura" time="0.637" /><testcase classname="backend.tests.test_workflow_transitions.TestWorkflowTransitions" name="test_invoice_succeeds_with_factura" time="0.773" /><testcase classname="backend.tests.test_workflow_transitions.TestWorkflowTransitions" name="test_invoice_accepts_form_data_invoice_number" time="0.762" /><testcase classname="backend.tests.test_workflow_transitions.TestWorkflowTransitions" name="test_collect_returns_422_without_pagos" time="0.736" /><testcase classname="backend.tests.test_workflow_transitions.TestWorkflowTransitions" name="test_collect_succeeds_with_pagos" time="0.950" /><testcase classname="backend.tests.test_workflow_transitions.TestWorkflowTransitions" name="test_collect_succeeds_with_multiple_pagos" time="0.960" /><testcase classname="backend.tests.test_workflow_transitions.TestWorkflowTransitions" name="test_approve_requires_enviada_status" time="0.489" /><testcase classname="backend.tests.test_workflow_transitions.TestWorkflowTransitions" name="test_invoice_requires_aprobada_status" time="0.470" /><testcase classname="backend.tests.test_workflow_transitions.TestWorkflowTransitions" name="test_collect_requires_facturada_status" time="0.628" /></testsuite></testsuites>