<?xml version="1.0" encoding="utf-8"?><testsuites name="pytest tests"><testsuite name="pytest" errors="0" failures="0" skipped="0" tests="10" time="52.355" timestamp="2026-03-20T19:59:16.140651+00:00" hostname="agent-env-17c75f6f-9429-46d7-9f1b-207a795d46e0"><testcase classname="backend.tests.test_iteration119_equipment_categories.TestEquipmentQuoteCategories" name="test_generate_verifone_pdf" time="12.587" /><testcase classname="backend.tests.test_iteration119_equipment_categories.TestEquipmentQuoteCategories" name="test_generate_morefun_pdf" time="6.203" /><testcase classname="backend.tests.test_iteration119_equipment_categories.TestEquipmentQuoteCategories" name="test_generate_accesorio_pdf" time="6.104" /><testcase classname="backend.tests.test_iteration119_equipment_categories.TestEquipmentQuoteCategories" name="test_generate_reparacion_pdf" time="4.826" /><testcase classname="backend.tests.test_iteration119_equipment_categories.TestEquipmentQuoteCategories" name="test_pdf_size_with_conditions_larger_than_base" time="5.169" /><testcase classname="backend.tests.test_iteration119_equipment_categories.TestEquipmentQuoteCategories" name="test_quote_record_has_correct_equipment_type" time="6.032" /><testcase classname="backend.tests.test_iteration119_equipment_categories.TestEquipmentQuoteCategories" name="test_reparacion_quote_has_repair_fields" time="5.578" /><testcase classname="backend.tests.test_iteration119_equipment_categories.TestEquipmentQuoteCategories" name="test_static_condition_pdfs_exist" time="3.169" /><testcase classname="backend.tests.test_iteration119_equipment_categories.TestImplementationFlowUnaffected" name="test_vpos_endpoint_still_works" time="1.510" /><testcase classname="backend.tests.test_iteration119_equipment_categories.TestImplementationFlowUnaffected" name="test_generate_pdf_with_template_endpoint_exists" time="0.758" /></testsuite></testsuites>