<?xml version="1.0" encoding="utf-8"?><testsuites name="pytest tests"><testsuite name="pytest" errors="0" failures="0" skipped="0" tests="19" time="35.341" timestamp="2026-03-14T01:09:01.850504+00:00" hostname="agent-env-9ad373fc-3bcf-46a0-8f42-a7c75cd7179a"><testcase classname="backend.tests.test_iteration97_inventory_module.TestWarehouseCRUD" name="test_list_warehouses" time="2.124" /><testcase classname="backend.tests.test_iteration97_inventory_module.TestWarehouseCRUD" name="test_create_warehouse" time="2.176" /><testcase classname="backend.tests.test_iteration97_inventory_module.TestWarehouseCRUD" name="test_update_warehouse" time="2.936" /><testcase classname="backend.tests.test_iteration97_inventory_module.TestWarehouseCRUD" name="test_delete_warehouse_empty" time="2.138" /><testcase classname="backend.tests.test_iteration97_inventory_module.TestWarehouseCRUD" name="test_delete_warehouse_with_movements_fails" time="1.486" /><testcase classname="backend.tests.test_iteration97_inventory_module.TestInventoryEntries" name="test_entry_general_type_no_serials" time="1.459" /><testcase classname="backend.tests.test_iteration97_inventory_module.TestInventoryEntries" name="test_entry_hardware_requires_serials" time="1.443" /><testcase classname="backend.tests.test_iteration97_inventory_module.TestInventoryEntries" name="test_entry_hardware_with_serials_quantity_mismatch" time="2.241" /><testcase classname="backend.tests.test_iteration97_inventory_module.TestInventoryEntries" name="test_entry_hardware_with_correct_serials" time="1.413" /><testcase classname="backend.tests.test_iteration97_inventory_module.TestInventoryEntries" name="test_entry_duplicate_serial_fails" time="1.396" /><testcase classname="backend.tests.test_iteration97_inventory_module.TestStockCalculation" name="test_get_warehouse_stock" time="1.419" /><testcase classname="backend.tests.test_iteration97_inventory_module.TestInventoryExits" name="test_exit_insufficient_stock_fails" time="1.458" /><testcase classname="backend.tests.test_iteration97_inventory_module.TestInventoryExits" name="test_exit_serialized_without_serials_fails" time="1.440" /><testcase classname="backend.tests.test_iteration97_inventory_module.TestTransfers" name="test_transfer_requires_all_fields" time="1.419" /><testcase classname="backend.tests.test_iteration97_inventory_module.TestTransfers" name="test_transfer_same_source_dest_fails" time="1.399" /><testcase classname="backend.tests.test_iteration97_inventory_module.TestTransfers" name="test_transfer_insufficient_stock_fails" time="1.471" /><testcase classname="backend.tests.test_iteration97_inventory_module.TestMovementHistory" name="test_get_movements" time="1.608" /><testcase classname="backend.tests.test_iteration97_inventory_module.TestParseSerials" name="test_parse_serials_endpoint_exists" time="1.389" /><testcase classname="backend.tests.test_iteration97_inventory_module.TestEndToEndFlow" name="test_full_entry_exit_flow_non_serialized" time="4.730" /></testsuite></testsuites>