<?xml version="1.0" encoding="utf-8"?><testsuites name="pytest tests"><testsuite name="pytest" errors="0" failures="0" skipped="0" tests="10" time="16.943" timestamp="2026-04-16T15:20:26.422912+00:00" hostname="agent-env-87fe3970-0b5c-4295-9396-d56d745005c3"><testcase classname="backend.tests.test_iteration166_client_communications.TestClientCommunicationsFixes" name="test_send_email_with_internal_document_attachment" time="4.748" /><testcase classname="backend.tests.test_iteration166_client_communications.TestClientCommunicationsFixes" name="test_send_email_with_external_file_attachment" time="5.339" /><testcase classname="backend.tests.test_iteration166_client_communications.TestClientCommunicationsFixes" name="test_preview_email_resolves_variables" time="0.300" /><testcase classname="backend.tests.test_iteration166_client_communications.TestClientCommunicationsFixes" name="test_preview_email_resolves_double_braces" time="0.418" /><testcase classname="backend.tests.test_iteration166_client_communications.TestClientCommunicationsFixes" name="test_log_entry_has_iso_datetime_created_at" time="0.357" /><testcase classname="backend.tests.test_iteration166_client_communications.TestClientCommunicationsFixes" name="test_send_email_creates_log_with_iso_datetime" time="4.051" /><testcase classname="backend.tests.test_iteration166_client_communications.TestClientCommunicationsFixes" name="test_get_client_templates" time="0.341" /><testcase classname="backend.tests.test_iteration166_client_communications.TestClientCommunicationsFixes" name="test_create_and_use_client_template" time="0.490" /><testcase classname="backend.tests.test_iteration166_client_communications.TestClientDocuments" name="test_list_client_documents" time="0.351" /><testcase classname="backend.tests.test_iteration166_client_communications.TestClientDocuments" name="test_upload_and_delete_document" time="0.302" /></testsuite></testsuites>