<?xml version="1.0" encoding="utf-8"?><testsuites name="pytest tests"><testsuite name="pytest" errors="0" failures="0" skipped="0" tests="8" time="8.888" timestamp="2026-03-23T02:31:57.952651+00:00" hostname="agent-env-a4d7e58a-3348-4496-bd09-a1c9232fe8ed"><testcase classname="backend.tests.test_iteration127_fast_track_conditional_logic.TestFastTrackDeliveryWithEquipment" name="test_create_fast_track_quote_with_equipment" time="1.290" /><testcase classname="backend.tests.test_iteration127_fast_track_conditional_logic.TestFastTrackDeliveryWithEquipment" name="test_move_quote_through_pipeline" time="3.040" /><testcase classname="backend.tests.test_iteration127_fast_track_conditional_logic.TestFastTrackDeliveryWithEquipment" name="test_deliver_fast_track_with_equipment_generates_pdf" time="0.436" /><testcase classname="backend.tests.test_iteration127_fast_track_conditional_logic.TestFastTrackDeliveryWithoutEquipment" name="test_create_fast_track_quote_without_equipment" time="0.340" /><testcase classname="backend.tests.test_iteration127_fast_track_conditional_logic.TestFastTrackDeliveryWithoutEquipment" name="test_move_quote_through_pipeline_no_equipment" time="2.472" /><testcase classname="backend.tests.test_iteration127_fast_track_conditional_logic.TestFastTrackDeliveryWithoutEquipment" name="test_deliver_fast_track_without_equipment_no_pdf" time="0.243" /><testcase classname="backend.tests.test_iteration127_fast_track_conditional_logic.TestFrontendConditionalLogic" name="test_ft_equipment_items_only_sent_for_mega_soft" time="0.675" /><testcase classname="backend.tests.test_iteration127_fast_track_conditional_logic.TestQuoteTransitions" name="test_fast_track_transitions_include_configurada" time="0.210" /></testsuite></testsuites>