<?xml version="1.0" encoding="utf-8"?><testsuites name="pytest tests"><testsuite name="pytest" errors="0" failures="0" skipped="0" tests="17" time="9.583" timestamp="2026-02-18T19:42:28.614461+00:00" hostname="agent-env-72a46ee0-1805-47b5-8475-780784f1d3a2"><testcase classname="backend.tests.test_quote_actions.TestConfigSettings" name="test_get_config_settings" time="0.542" /><testcase classname="backend.tests.test_quote_actions.TestConfigSettings" name="test_update_implementation_email" time="1.031" /><testcase classname="backend.tests.test_quote_actions.TestConfigSettings" name="test_update_implementation_email_invalid" time="0.229" /><testcase classname="backend.tests.test_quote_actions.TestQuoteStatusChange" name="test_get_quotes_list" time="0.224" /><testcase classname="backend.tests.test_quote_actions.TestQuoteStatusChange" name="test_update_status_to_aprobada" time="0.685" /><testcase classname="backend.tests.test_quote_actions.TestQuoteStatusChange" name="test_update_status_invalid" time="0.278" /><testcase classname="backend.tests.test_quote_actions.TestQuoteStatusChange" name="test_update_status_nonexistent_quote" time="0.230" /><testcase classname="backend.tests.test_quote_actions.TestSendToClient" name="test_send_to_client_simulated" time="0.915" /><testcase classname="backend.tests.test_quote_actions.TestSendToClient" name="test_send_to_client_nonexistent_quote" time="0.239" /><testcase classname="backend.tests.test_quote_actions.TestSendToImplementation" name="test_send_to_implementation_simulated" time="1.072" /><testcase classname="backend.tests.test_quote_actions.TestSendToImplementation" name="test_send_to_implementation_without_email_configured" time="0.221" /><testcase classname="backend.tests.test_quote_actions.TestSendToImplementation" name="test_send_to_implementation_nonexistent_quote" time="0.219" /><testcase classname="backend.tests.test_quote_actions.TestQuoteStatusValidation" name="test_status_lifecycle_borrador_to_emitida" time="0.336" /><testcase classname="backend.tests.test_quote_actions.TestQuoteStatusValidation" name="test_status_lifecycle_emitida_to_aprobada" time="0.413" /><testcase classname="backend.tests.test_quote_actions.TestQuoteStatusValidation" name="test_status_lifecycle_aprobada_to_en_implementacion" time="0.759" /><testcase classname="backend.tests.test_quote_actions.TestQuoteStatusValidation" name="test_status_lifecycle_to_completada" time="0.492" /><testcase classname="backend.tests.test_quote_actions.TestQuoteStatusValidation" name="test_all_valid_statuses" time="1.316" /></testsuite></testsuites>