<?xml version="1.0" encoding="utf-8"?><testsuites name="pytest tests"><testsuite name="pytest" errors="0" failures="0" skipped="0" tests="8" time="10.618" timestamp="2026-03-18T15:48:39.510848+00:00" hostname="agent-env-c47fe27c-6590-46e0-aeac-e94b11e64088"><testcase classname="backend.tests.test_iteration113_quote_regularization.TestEmailHeadersOnApprove" name="test_approve_accepts_custom_message_header" time="2.047" /><testcase classname="backend.tests.test_iteration113_quote_regularization.TestEmailHeadersOnSendToClient" name="test_send_to_client_accepts_custom_message_header" time="1.249" /><testcase classname="backend.tests.test_iteration113_quote_regularization.TestEmailHeadersOnInvoice" name="test_invoice_accepts_custom_message_header" time="1.745" /><testcase classname="backend.tests.test_iteration113_quote_regularization.TestEmailHeadersOnCollect" name="test_collect_accepts_custom_message_header" time="1.027" /><testcase classname="backend.tests.test_iteration113_quote_regularization.TestRegularizationLogic" name="test_approve_on_entregada_keeps_status" time="1.400" /><testcase classname="backend.tests.test_iteration113_quote_regularization.TestRegularizationLogic" name="test_invoice_on_pagada_keeps_status" time="2.946" /><testcase classname="backend.tests.test_iteration113_quote_regularization.TestIsRegularizationHelper" name="test_regularization_status_order" time="0.001" /><testcase classname="backend.tests.test_iteration113_quote_regularization.TestActionLabelsTerminology" name="test_action_labels_mapping" time="0.019" /></testsuite></testsuites>