<?xml version="1.0" encoding="utf-8"?><testsuites name="pytest tests"><testsuite name="pytest" errors="0" failures="0" skipped="0" tests="18" time="19.397" timestamp="2026-03-16T14:22:30.856805+00:00" hostname="agent-env-10ae3c18-25b8-4acd-b54a-1db544e9f3b4"><testcase classname="backend.tests.test_iteration105_transfer_note_pdf.TestTransferNotePDF" name="test_01_login_existing_user" time="1.235" /><testcase classname="backend.tests.test_iteration105_transfer_note_pdf.TestTransferNotePDF" name="test_02_create_hardware_pos" time="0.960" /><testcase classname="backend.tests.test_iteration105_transfer_note_pdf.TestTransferNotePDF" name="test_03_create_hardware_pinpad" time="0.757" /><testcase classname="backend.tests.test_iteration105_transfer_note_pdf.TestTransferNotePDF" name="test_04_create_hardware_cable" time="0.749" /><testcase classname="backend.tests.test_iteration105_transfer_note_pdf.TestTransferNotePDF" name="test_05_create_warehouse_origin" time="0.774" /><testcase classname="backend.tests.test_iteration105_transfer_note_pdf.TestTransferNotePDF" name="test_06_create_warehouse_dest" time="0.760" /><testcase classname="backend.tests.test_iteration105_transfer_note_pdf.TestTransferNotePDF" name="test_07_entry_pos_with_serials" time="0.794" /><testcase classname="backend.tests.test_iteration105_transfer_note_pdf.TestTransferNotePDF" name="test_08_entry_pinpad_with_serials" time="0.775" /><testcase classname="backend.tests.test_iteration105_transfer_note_pdf.TestTransferNotePDF" name="test_09_entry_cable_without_serials" time="0.796" /><testcase classname="backend.tests.test_iteration105_transfer_note_pdf.TestTransferNotePDF" name="test_10_verify_origin_stock" time="0.757" /><testcase classname="backend.tests.test_iteration105_transfer_note_pdf.TestTransferNotePDF" name="test_11_transfer_pos_with_pdf_generation" time="1.170" /><testcase classname="backend.tests.test_iteration105_transfer_note_pdf.TestTransferNotePDF" name="test_12_verify_pdf_downloadable_and_valid" time="1.177" /><testcase classname="backend.tests.test_iteration105_transfer_note_pdf.TestTransferNotePDF" name="test_13_verify_movements_have_transfer_fields" time="0.798" /><testcase classname="backend.tests.test_iteration105_transfer_note_pdf.TestTransferNotePDF" name="test_14_transfer_pinpad_verify_technical_note" time="2.132" /><testcase classname="backend.tests.test_iteration105_transfer_note_pdf.TestTransferNotePDF" name="test_15_transfer_cable_non_serialized" time="2.045" /><testcase classname="backend.tests.test_iteration105_transfer_note_pdf.TestTransferNotePDF" name="test_16_verify_correlativo_auto_increment" time="1.012" /><testcase classname="backend.tests.test_iteration105_transfer_note_pdf.TestTransferNotePDF" name="test_17_verify_dest_warehouse_movements" time="0.828" /><testcase classname="backend.tests.test_iteration105_transfer_note_pdf.TestTransferNotePDF" name="test_18_verify_final_stock_distribution" time="1.467" /></testsuite></testsuites>