<?xml version="1.0" encoding="utf-8"?><testsuites name="pytest tests"><testsuite name="pytest" errors="0" failures="0" skipped="0" tests="7" time="2.955" timestamp="2026-04-05T14:47:42.383745+00:00" hostname="agent-env-c405c1a4-c07e-4331-8623-59552b8095c7"><testcase classname="backend.tests.test_iteration159_origen_cliente.TestReferidorOptions" name="test_referidor_options_returns_banks_and_clients" time="0.417" /><testcase classname="backend.tests.test_iteration159_origen_cliente.TestCreateClientWithReferidor" name="test_create_client_with_banco_referidor" time="0.586" /><testcase classname="backend.tests.test_iteration159_origen_cliente.TestCreateClientWithReferidor" name="test_create_client_with_cliente_referidor" time="0.325" /><testcase classname="backend.tests.test_iteration159_origen_cliente.TestCreateClientWithReferidor" name="test_create_client_with_correo_ventas" time="0.297" /><testcase classname="backend.tests.test_iteration159_origen_cliente.TestCreateClientWithReferidor" name="test_create_client_with_integrador" time="0.245" /><testcase classname="backend.tests.test_iteration159_origen_cliente.TestUpdateClientReferidor" name="test_update_referidor_from_integrador_to_banco" time="0.395" /><testcase classname="backend.tests.test_iteration159_origen_cliente.TestGetClientReferidorFields" name="test_get_client_returns_referidor_fields" time="0.506" /></testsuite></testsuites>