<?xml version="1.0" encoding="utf-8"?><testsuites name="pytest tests"><testsuite name="pytest" errors="0" failures="0" skipped="0" tests="12" time="20.635" timestamp="2026-04-04T22:50:59.161930+00:00" hostname="agent-env-c405c1a4-c07e-4331-8623-59552b8095c7"><testcase classname="backend.tests.test_iteration157_equipment_email_templates.TestEquipmentTemplatesExistence" name="test_get_all_email_templates" time="2.109" /><testcase classname="backend.tests.test_iteration157_equipment_email_templates.TestEquipmentTemplatesExistence" name="test_equipment_templates_have_correct_context" time="0.768" /><testcase classname="backend.tests.test_iteration157_equipment_email_templates.TestEquipmentTemplatesExistence" name="test_equipment_templates_grouped_by_sede" time="0.736" /><testcase classname="backend.tests.test_iteration157_equipment_email_templates.TestEquipmentTemplateContent" name="test_equipment_sent_template_content" time="1.464" /><testcase classname="backend.tests.test_iteration157_equipment_email_templates.TestEquipmentTemplateContent" name="test_equipment_template_layout_header" time="1.425" /><testcase classname="backend.tests.test_iteration157_equipment_email_templates.TestEquipmentTemplateContent" name="test_equipment_template_layout_width" time="1.439" /><testcase classname="backend.tests.test_iteration157_equipment_email_templates.TestEquipmentTemplateContent" name="test_equipment_template_layout_footer" time="1.452" /><testcase classname="backend.tests.test_iteration157_equipment_email_templates.TestEquipmentTemplateEditing" name="test_edit_equipment_template" time="2.970" /><testcase classname="backend.tests.test_iteration157_equipment_email_templates.TestEquipmentTemplateEditing" name="test_reset_equipment_template" time="0.690" /><testcase classname="backend.tests.test_iteration157_equipment_email_templates.TestWorkflowTemplateResolution" name="test_workflow_notifications_module_exists" time="0.001" /><testcase classname="backend.tests.test_iteration157_equipment_email_templates.TestWorkflowTemplateResolution" name="test_quote_actions_equipment_template_override" time="0.001" /><testcase classname="backend.tests.test_iteration157_equipment_email_templates.TestEquipmentTemplateVariables" name="test_equipment_templates_have_required_variables" time="7.356" /></testsuite></testsuites>