<?xml version="1.0" encoding="utf-8"?><testsuites name="pytest tests"><testsuite name="pytest" errors="0" failures="0" skipped="0" tests="8" time="31.242" timestamp="2026-03-18T19:47:50.590896+00:00" hostname="agent-env-b4bc033f-dfa1-4f8f-927c-ebaf2cf4d234"><testcase classname="tests.test_iteration114_multistore" name="test_send_to_implementation_without_multistore_body" time="4.518" /><testcase classname="tests.test_iteration114_multistore" name="test_send_to_implementation_multistore_creates_project" time="4.097" /><testcase classname="tests.test_iteration114_multistore" name="test_store_phase_update_endpoint" time="5.296" /><testcase classname="tests.test_iteration114_multistore" name="test_store_phase_update_invalid_project_type" time="2.079" /><testcase classname="tests.test_iteration114_multistore" name="test_store_phase_update_invalid_store_id" time="4.980" /><testcase classname="tests.test_iteration114_multistore" name="test_projects_list_contains_project_type" time="1.426" /><testcase classname="tests.test_iteration114_multistore" name="test_multistore_project_has_stores_array" time="4.286" /><testcase classname="tests.test_iteration114_multistore" name="test_send_to_implementation_changes_status" time="4.313" /></testsuite></testsuites>