<?xml version="1.0" encoding="utf-8"?><testsuites name="pytest tests"><testsuite name="pytest" errors="0" failures="0" skipped="0" tests="14" time="23.433" timestamp="2026-03-23T00:56:19.691724+00:00" hostname="agent-env-a4d7e58a-3348-4496-bd09-a1c9232fe8ed"><testcase classname="backend.tests.test_iteration126_fast_track_flow.TestFastTrackFlow" name="test_01_create_fast_track_quote" time="1.676" /><testcase classname="backend.tests.test_iteration126_fast_track_flow.TestFastTrackFlow" name="test_02_send_fast_track_to_client" time="1.850" /><testcase classname="backend.tests.test_iteration126_fast_track_flow.TestFastTrackFlow" name="test_03_approve_fast_track_requires_oc" time="1.656" /><testcase classname="backend.tests.test_iteration126_fast_track_flow.TestFastTrackFlow" name="test_04_upload_oc_and_approve_fast_track" time="1.981" /><testcase classname="backend.tests.test_iteration126_fast_track_flow.TestFastTrackFlow" name="test_05_configure_fast_track_quote" time="2.342" /><testcase classname="backend.tests.test_iteration126_fast_track_flow.TestFastTrackFlow" name="test_06_configure_fails_for_non_fast_track" time="1.679" /><testcase classname="backend.tests.test_iteration126_fast_track_flow.TestFastTrackFlow" name="test_07_configure_fails_for_wrong_status" time="1.787" /><testcase classname="backend.tests.test_iteration126_fast_track_flow.TestFastTrackFlow" name="test_08_invoice_fast_track_from_configurada" time="2.792" /><testcase classname="backend.tests.test_iteration126_fast_track_flow.TestFastTrackFlow" name="test_09_collect_fast_track" time="1.406" /><testcase classname="backend.tests.test_iteration126_fast_track_flow.TestFastTrackFlow" name="test_10_deliver_fast_track" time="1.001" /><testcase classname="backend.tests.test_iteration126_fast_track_flow.TestFastTrackFlow" name="test_11_quote_transitions_has_fast_track" time="0.964" /><testcase classname="backend.tests.test_iteration126_fast_track_flow.TestFastTrackFlow" name="test_12_cleanup" time="1.094" /><testcase classname="backend.tests.test_iteration126_fast_track_flow.TestFastTrackFrontendIntegration" name="test_quote_types_endpoint_includes_fast_track" time="1.232" /><testcase classname="backend.tests.test_iteration126_fast_track_flow.TestFastTrackFrontendIntegration" name="test_fast_track_defaults_integrator_and_pricing" time="1.251" /></testsuite></testsuites>