<?xml version="1.0" encoding="utf-8"?><testsuites name="pytest tests"><testsuite name="pytest" errors="0" failures="0" skipped="0" tests="14" time="4.054" timestamp="2026-03-19T19:34:55.085859+00:00" hostname="agent-env-b4bc033f-dfa1-4f8f-927c-ebaf2cf4d234"><testcase classname="backend.tests.test_iteration116_ticket_adhoc_progress" name="test_assign_requires_ticket_number" time="0.631" /><testcase classname="backend.tests.test_iteration116_ticket_adhoc_progress" name="test_assign_with_valid_ticket_number" time="0.457" /><testcase classname="backend.tests.test_iteration116_ticket_adhoc_progress" name="test_assign_ticket_uniqueness" time="0.911" /><testcase classname="backend.tests.test_iteration116_ticket_adhoc_progress" name="test_adhoc_email_requires_subject" time="0.026" /><testcase classname="backend.tests.test_iteration116_ticket_adhoc_progress" name="test_adhoc_email_requires_recipients" time="0.031" /><testcase classname="backend.tests.test_iteration116_ticket_adhoc_progress" name="test_adhoc_email_message_max_length" time="0.030" /><testcase classname="backend.tests.test_iteration116_ticket_adhoc_progress" name="test_adhoc_email_success" time="0.329" /><testcase classname="backend.tests.test_iteration116_ticket_adhoc_progress" name="test_adhoc_email_includes_ticket_in_subject" time="0.372" /><testcase classname="backend.tests.test_iteration116_ticket_adhoc_progress" name="test_adhoc_email_auto_bitacora" time="0.401" /><testcase classname="backend.tests.test_iteration116_ticket_adhoc_progress" name="test_rollup_endpoint_single_project" time="0.034" /><testcase classname="backend.tests.test_iteration116_ticket_adhoc_progress" name="test_rollup_endpoint_multistore_project" time="0.031" /><testcase classname="backend.tests.test_iteration116_ticket_adhoc_progress" name="test_matrix_phase_update_recalculates_single_progress" time="0.069" /><testcase classname="backend.tests.test_iteration116_ticket_adhoc_progress" name="test_assign_email_includes_ticket_in_subject" time="0.496" /><testcase classname="backend.tests.test_iteration116_ticket_adhoc_progress" name="test_projects_list_includes_ticket" time="0.001" /></testsuite></testsuites>