<?xml version="1.0" encoding="utf-8"?><testsuites name="pytest tests"><testsuite name="pytest" errors="0" failures="0" skipped="0" tests="8" time="3.579" timestamp="2026-03-06T20:32:55.268703+00:00" hostname="agent-env-e01fe78f-798b-4d1b-b4f9-ab7ba1bbeecf"><testcase classname="backend.tests.test_iteration64_new_client_fields.TestExistingTestClient" name="test_get_test_client_has_branch_address" time="0.502" /><testcase classname="backend.tests.test_iteration64_new_client_fields.TestExistingTestClient" name="test_get_test_client_has_categoria_comercial" time="0.081" /><testcase classname="backend.tests.test_iteration64_new_client_fields.TestExistingTestClient" name="test_get_test_client_contact_has_full_name" time="0.079" /><testcase classname="backend.tests.test_iteration64_new_client_fields.TestGetClientsListWithNewFields" name="test_clients_list_includes_new_fields" time="0.108" /><testcase classname="backend.tests.test_iteration64_new_client_fields.TestCreateClientWithNewFields" name="test_create_client_with_branch_address_and_categoria" time="0.288" /><testcase classname="backend.tests.test_iteration64_new_client_fields.TestCreateClientWithNewFields" name="test_create_client_with_multiple_contacts_full_name" time="0.314" /><testcase classname="backend.tests.test_iteration64_new_client_fields.TestUpdateClientNewFields" name="test_update_branch_address_and_categoria" time="0.406" /><testcase classname="backend.tests.test_iteration64_new_client_fields.TestValidCategories" name="test_all_30_categories_are_valid" time="1.533" /></testsuite></testsuites>