<?xml version="1.0" encoding="utf-8"?><testsuites name="pytest tests"><testsuite name="pytest" errors="0" failures="1" skipped="0" tests="11" time="2.996" timestamp="2026-02-27T16:03:35.080179+00:00" hostname="agent-env-197bde30-ceee-44fd-8c55-b05143686dd1"><testcase classname="tests.test_iteration50_features.TestClientSearch" name="test_get_clients_list" time="0.968" /><testcase classname="tests.test_iteration50_features.TestClientSearch" name="test_clients_have_search_fields" time="0.133" /><testcase classname="tests.test_iteration50_features.TestSplitDiscounts" name="test_quote_creation_with_split_discounts" time="0.489" /><testcase classname="tests.test_iteration50_features.TestSplitDiscounts" name="test_cleanup_test_quote" time="0.001" /><testcase classname="tests.test_iteration50_features.TestPDFGenerationWithDiscounts" name="test_pdf_request_model_accepts_split_discounts" time="0.240"><failure message="AssertionError: PDF generation failed: Internal Server Error&#10;assert 500 == 200&#10; +  where 500 = &lt;Response [500]&gt;.status_code">tests/test_iteration50_features.py:203: in test_pdf_request_model_accepts_split_discounts
    assert response.status_code == 200, f"PDF generation failed: {response.text}"
E   AssertionError: PDF generation failed: Internal Server Error
E   assert 500 == 200
E    +  where 500 = &lt;Response [500]&gt;.status_code</failure></testcase><testcase classname="tests.test_iteration50_features.TestVPOSMPOSRegression" name="test_services_endpoint" time="0.246" /><testcase classname="tests.test_iteration50_features.TestVPOSMPOSRegression" name="test_banks_endpoint" time="0.118" /><testcase classname="tests.test_iteration50_features.TestVPOSMPOSRegression" name="test_integrators_endpoint" time="0.103" /><testcase classname="tests.test_iteration50_features.TestVPOSMPOSRegression" name="test_hardware_endpoint" time="0.108" /><testcase classname="tests.test_iteration50_features.TestPaymentGatewayRegression" name="test_pg_defaults_endpoint" time="0.222" /><testcase classname="tests.test_iteration50_features.TestPaymentGatewayRegression" name="test_pg_recurring_costs_endpoint" time="0.111" /></testsuite></testsuites>