<?xml version="1.0" encoding="utf-8"?><testsuites name="pytest tests"><testsuite name="pytest" errors="0" failures="0" skipped="0" tests="9" time="4.519" timestamp="2026-03-10T02:29:55.317540+00:00" hostname="agent-env-e384f246-1de9-4a0c-99c9-0a5a3ed5962b"><testcase classname="backend.tests.test_iteration84_irregular_flow.TestIrregularFlowAPI" name="test_get_irregular_count" time="0.413" /><testcase classname="backend.tests.test_iteration84_irregular_flow.TestIrregularFlowAPI" name="test_get_audit_log" time="0.354" /><testcase classname="backend.tests.test_iteration84_irregular_flow.TestIrregularFlowAPI" name="test_approve_without_exception_reason_when_irregular" time="0.517" /><testcase classname="backend.tests.test_iteration84_irregular_flow.TestIrregularFlowAPI" name="test_collect_without_exception_reason_when_irregular" time="0.942" /><testcase classname="backend.tests.test_iteration84_irregular_flow.TestIrregularFlowWithException" name="test_approve_with_exception_reason_but_missing_oc" time="0.574" /><testcase classname="backend.tests.test_iteration84_irregular_flow.TestIrregularFlowWithException" name="test_collect_with_exception_reason_but_missing_payment" time="0.666" /><testcase classname="backend.tests.test_iteration84_irregular_flow.TestIrregularFlowWithException" name="test_deliver_with_exception_reason_non_equipment" time="0.449" /><testcase classname="backend.tests.test_iteration84_irregular_flow.TestIrregularEndpointsAuth" name="test_irregular_count_requires_auth" time="0.110" /><testcase classname="backend.tests.test_iteration84_irregular_flow.TestIrregularEndpointsAuth" name="test_audit_log_requires_auth" time="0.133" /></testsuite></testsuites>