<?xml version="1.0" encoding="utf-8"?><testsuites name="pytest tests"><testsuite name="pytest" errors="0" failures="0" skipped="3" tests="7" time="1.881" timestamp="2026-04-16T18:35:39.498613+00:00" hostname="agent-env-87fe3970-0b5c-4295-9396-d56d745005c3"><testcase classname="backend.tests.test_iteration168_repair_modals.TestRepairCompleteEndpoint" name="test_repair_complete_endpoint_exists" time="0.620" /><testcase classname="backend.tests.test_iteration168_repair_modals.TestRepairCompleteEndpoint" name="test_repair_complete_with_billing_data" time="0.176"><skipped type="pytest.skip" message="No hay cotizaciones de reparación en estado 'Aprobada' para probar">/app/backend/tests/test_iteration168_repair_modals.py:48: No hay cotizaciones de reparación en estado 'Aprobada' para probar</skipped></testcase><testcase classname="backend.tests.test_iteration168_repair_modals.TestRepairCompleteEndpoint" name="test_repair_complete_without_billing_data_retrocompat" time="0.188"><skipped type="pytest.skip" message="No hay cotizaciones de reparación en estado 'Aprobada' para probar retrocompatibilidad">/app/backend/tests/test_iteration168_repair_modals.py:109: No hay cotizaciones de reparación en estado 'Aprobada' para probar retrocompatibilidad</skipped></testcase><testcase classname="backend.tests.test_iteration168_repair_modals.TestApproveEndpointForRepair" name="test_approve_repair_accepts_simplified_body" time="0.177"><skipped type="pytest.skip" message="No hay cotizaciones de reparación en estado 'Enviada' para probar">/app/backend/tests/test_iteration168_repair_modals.py:152: No hay cotizaciones de reparación en estado 'Enviada' para probar</skipped></testcase><testcase classname="backend.tests.test_iteration168_repair_modals.TestQuotesListForRepair" name="test_repair_quote_has_equipment_items" time="0.190" /><testcase classname="backend.tests.test_iteration168_repair_modals.TestExchangeRateEndpoint" name="test_exchange_rate_current" time="0.182" /><testcase classname="backend.tests.test_iteration168_repair_modals.TestExchangeRateEndpoint" name="test_exchange_rate_by_date" time="0.156" /></testsuite></testsuites>