<?xml version="1.0" encoding="utf-8"?><testsuites name="pytest tests"><testsuite name="pytest" errors="0" failures="1" skipped="0" tests="9" time="3.469" timestamp="2026-02-18T20:47:11.642309+00:00" hostname="agent-env-72a46ee0-1805-47b5-8475-780784f1d3a2"><testcase classname="backend.tests.test_iteration12_resumen_ejecutivo.TestClientAddressField" name="test_create_client_with_address" time="0.323" /><testcase classname="backend.tests.test_iteration12_resumen_ejecutivo.TestClientAddressField" name="test_create_client_without_address" time="0.364" /><testcase classname="backend.tests.test_iteration12_resumen_ejecutivo.TestClientAddressField" name="test_update_client_address" time="0.471" /><testcase classname="backend.tests.test_iteration12_resumen_ejecutivo.TestClientAddressField" name="test_get_client_returns_address" time="0.104" /><testcase classname="backend.tests.test_iteration12_resumen_ejecutivo.TestResumenEjecutivoData" name="test_quote_items_have_bank_product_cajas" time="0.094" /><testcase classname="backend.tests.test_iteration12_resumen_ejecutivo.TestResumenEjecutivoData" name="test_banks_and_products_available" time="0.119" /><testcase classname="backend.tests.test_iteration12_resumen_ejecutivo.TestApiEndpoints" name="test_health_check" time="0.072"><failure message="assert 404 == 200&#10; +  where 404 = &lt;Response [404]&gt;.status_code">backend/tests/test_iteration12_resumen_ejecutivo.py:213: in test_health_check
    assert response.status_code == 200
E   assert 404 == 200
E    +  where 404 = &lt;Response [404]&gt;.status_code</failure></testcase><testcase classname="backend.tests.test_iteration12_resumen_ejecutivo.TestApiEndpoints" name="test_clients_endpoint_auth_required" time="0.102" /><testcase classname="backend.tests.test_iteration12_resumen_ejecutivo.TestApiEndpoints" name="test_authenticated_clients_endpoint" time="0.100" /></testsuite></testsuites>