<?xml version="1.0" encoding="utf-8"?><testsuites name="pytest tests"><testsuite name="pytest" errors="0" failures="0" skipped="0" tests="15" time="15.708" timestamp="2026-03-27T03:20:41.052891+00:00" hostname="agent-env-48eea29c-3cd7-4825-aed6-d2113f27ea61"><testcase classname="backend.tests.test_repair_collect_warehouse_template.TestRepairCollectWarehouseInListing" name="test_get_all_templates_includes_repair_collect_warehouse_pyme" time="2.730" /><testcase classname="backend.tests.test_repair_collect_warehouse_template.TestRepairCollectWarehouseInListing" name="test_get_all_templates_includes_repair_collect_warehouse_corp" time="0.902" /><testcase classname="backend.tests.test_repair_collect_warehouse_template.TestRepairCollectWarehousePYME" name="test_get_repair_collect_warehouse_pyme_returns_200" time="0.699" /><testcase classname="backend.tests.test_repair_collect_warehouse_template.TestRepairCollectWarehousePYME" name="test_repair_collect_warehouse_pyme_has_orden_despacho_subject" time="0.696" /><testcase classname="backend.tests.test_repair_collect_warehouse_template.TestRepairCollectWarehousePYME" name="test_repair_collect_warehouse_pyme_has_lista_equipos_seriales" time="0.695" /><testcase classname="backend.tests.test_repair_collect_warehouse_template.TestRepairCollectWarehousePYME" name="test_repair_collect_warehouse_pyme_has_almacen_custodia" time="0.694" /><testcase classname="backend.tests.test_repair_collect_warehouse_template.TestRepairCollectWarehousePYME" name="test_repair_collect_warehouse_pyme_has_instrucciones_operativas" time="0.706" /><testcase classname="backend.tests.test_repair_collect_warehouse_template.TestRepairCollectWarehousePYME" name="test_repair_collect_warehouse_pyme_has_nro_cotizacion" time="0.703" /><testcase classname="backend.tests.test_repair_collect_warehouse_template.TestRepairCollectWarehousePYME" name="test_repair_collect_warehouse_pyme_has_nombre_cliente" time="0.686" /><testcase classname="backend.tests.test_repair_collect_warehouse_template.TestRepairCollectWarehouseCORP" name="test_get_repair_collect_warehouse_corp_returns_200" time="0.699" /><testcase classname="backend.tests.test_repair_collect_warehouse_template.TestRepairCollectWarehouseCORP" name="test_repair_collect_warehouse_corp_has_orden_despacho_subject" time="0.695" /><testcase classname="backend.tests.test_repair_collect_warehouse_template.TestRepairCollectWarehouseCORP" name="test_repair_collect_warehouse_corp_has_required_variables" time="0.689" /><testcase classname="backend.tests.test_repair_collect_warehouse_template.TestRepairCollectWarehouseUpdate" name="test_update_repair_collect_warehouse_pyme" time="2.750" /><testcase classname="backend.tests.test_repair_collect_warehouse_template.TestRepairCollectWarehouseDesign" name="test_repair_collect_warehouse_has_professional_design" time="1.380" /><testcase classname="backend.tests.test_repair_collect_warehouse_template.TestRepairCollectWarehouseDesign" name="test_repair_collect_warehouse_has_warning_section" time="0.697" /></testsuite></testsuites>