<?xml version="1.0" encoding="utf-8"?><testsuites name="pytest tests"><testsuite name="pytest" errors="0" failures="1" skipped="0" tests="21" time="5.403" timestamp="2026-03-06T00:51:54.676151+00:00" hostname="agent-env-333ea837-ba4b-4eec-b893-ee6b86a45232"><testcase classname="tests.test_iteration61_refactoring.TestAuthentication" name="test_login_success" time="0.200" /><testcase classname="tests.test_iteration61_refactoring.TestAuthentication" name="test_login_invalid_credentials" time="0.100" /><testcase classname="tests.test_iteration61_refactoring.TestAuthentication" name="test_get_me" time="0.214" /><testcase classname="tests.test_iteration61_refactoring.TestDashboard" name="test_dashboard_stats" time="0.248" /><testcase classname="tests.test_iteration61_refactoring.TestDashboard" name="test_dashboard_stats_values" time="0.218" /><testcase classname="tests.test_iteration61_refactoring.TestDashboard" name="test_dashboard_alerts" time="0.227" /><testcase classname="tests.test_iteration61_refactoring.TestDashboard" name="test_missing_pdfs_endpoint" time="0.205" /><testcase classname="tests.test_iteration61_refactoring.TestClients" name="test_get_clients" time="0.280" /><testcase classname="tests.test_iteration61_refactoring.TestClients" name="test_search_clients" time="0.097" /><testcase classname="tests.test_iteration61_refactoring.TestBanks" name="test_get_banks" time="0.222" /><testcase classname="tests.test_iteration61_refactoring.TestServices" name="test_get_services" time="0.252" /><testcase classname="tests.test_iteration61_refactoring.TestHardware" name="test_get_hardware" time="0.243" /><testcase classname="tests.test_iteration61_refactoring.TestIntegrators" name="test_get_integrators" time="0.251" /><testcase classname="tests.test_iteration61_refactoring.TestQuotes" name="test_get_quotes" time="0.434" /><testcase classname="tests.test_iteration61_refactoring.TestQuotes" name="test_pg_recurring_costs" time="0.088" /><testcase classname="tests.test_iteration61_refactoring.TestRegeneratePDF" name="test_regenerate_pdf_for_missing" time="0.668" /><testcase classname="tests.test_iteration61_refactoring.TestRegeneratePDF" name="test_regenerate_pdf_invalid_quote" time="0.199" /><testcase classname="tests.test_iteration61_refactoring.TestExchangeRate" name="test_get_exchange_rate" time="0.334"><failure message="assert 503 == 200&#10; +  where 503 = &lt;Response [503]&gt;.status_code">tests/test_iteration61_refactoring.py:379: in test_get_exchange_rate
    assert response.status_code == 200
E   assert 503 == 200
E    +  where 503 = &lt;Response [503]&gt;.status_code</failure></testcase><testcase classname="tests.test_iteration61_refactoring.TestUnauthorizedAccess" name="test_dashboard_stats_unauthorized" time="0.084" /><testcase classname="tests.test_iteration61_refactoring.TestUnauthorizedAccess" name="test_quotes_unauthorized" time="0.200" /><testcase classname="tests.test_iteration61_refactoring.TestUnauthorizedAccess" name="test_clients_unauthorized" time="0.196" /></testsuite></testsuites>