<?xml version="1.0" encoding="utf-8"?><testsuites name="pytest tests"><testsuite name="pytest" errors="0" failures="0" skipped="0" tests="13" time="34.726" timestamp="2026-04-02T23:43:39.954536+00:00" hostname="agent-env-3a1ff8c5-d6d5-4d21-afaa-7fda199909ed"><testcase classname="backend.tests.test_iteration147_vtid_perstore_editable_preview.TestVTIDPerStore" name="test_get_vtids_returns_store_vtids_array" time="1.730" /><testcase classname="backend.tests.test_iteration147_vtid_perstore_editable_preview.TestVTIDPerStore" name="test_generate_vtids_for_specific_store" time="2.781" /><testcase classname="backend.tests.test_iteration147_vtid_perstore_editable_preview.TestVTIDPerStore" name="test_generate_vtids_multistore_requires_store_id" time="0.747" /><testcase classname="backend.tests.test_iteration147_vtid_perstore_editable_preview.TestVTIDPerStore" name="test_delete_vtids_for_specific_store" time="6.178" /><testcase classname="backend.tests.test_iteration147_vtid_perstore_editable_preview.TestSequentialNotificationCustomHtml" name="test_preview_notification_returns_html_and_subject" time="1.470" /><testcase classname="backend.tests.test_iteration147_vtid_perstore_editable_preview.TestSequentialNotificationCustomHtml" name="test_send_notification_with_custom_html" time="4.711" /><testcase classname="backend.tests.test_iteration147_vtid_perstore_editable_preview.TestTemplateVariables" name="test_template_variables_includes_lista_vtid" time="1.527" /><testcase classname="backend.tests.test_iteration147_vtid_perstore_editable_preview.TestTemplateVariables" name="test_template_variables_resolves_lista_vtid_html" time="2.033" /><testcase classname="backend.tests.test_iteration147_vtid_perstore_editable_preview.TestFluidWidthEmails" name="test_preview_html_uses_fluid_width" time="1.701" /><testcase classname="backend.tests.test_iteration147_vtid_perstore_editable_preview.TestFluidWidthEmails" name="test_adhoc_preview_uses_fluid_width" time="0.807" /><testcase classname="backend.tests.test_iteration147_vtid_perstore_editable_preview.TestVTIDGroupedByStore" name="test_vtid_list_grouped_by_store_in_preview" time="2.724" /><testcase classname="backend.tests.test_iteration147_vtid_perstore_editable_preview.TestVTIDRequestModel" name="test_vtid_generate_request_accepts_store_id" time="3.480" /><testcase classname="backend.tests.test_iteration147_vtid_perstore_editable_preview.TestSequentialNotifyRequestModel" name="test_sequential_notify_accepts_custom_params" time="4.680" /></testsuite></testsuites>