<?xml version="1.0" encoding="utf-8"?><testsuites name="pytest tests"><testsuite name="pytest" errors="0" failures="0" skipped="0" tests="7" time="2.164" timestamp="2026-03-02T02:35:42.763302+00:00" hostname="agent-env-c6afc831-3700-4aef-ba16-2f4e3b97f959"><testcase classname="backend.tests.test_iteration53_edit_persistence.TestIteration53EditPersistence" name="test_create_quote_with_descuento_setup_and_recurrente" time="0.414" /><testcase classname="backend.tests.test_iteration53_edit_persistence.TestIteration53EditPersistence" name="test_create_quote_with_production_items" time="0.375" /><testcase classname="backend.tests.test_iteration53_edit_persistence.TestIteration53EditPersistence" name="test_get_quotes_returns_new_fields" time="0.162" /><testcase classname="backend.tests.test_iteration53_edit_persistence.TestIteration53EditPersistence" name="test_update_quote_persists_descuento_fields" time="0.435" /><testcase classname="backend.tests.test_iteration53_edit_persistence.TestIteration53EditPersistence" name="test_get_single_quote_has_fields" time="0.246" /><testcase classname="backend.tests.test_iteration53_edit_persistence.TestIteration53EditPersistence" name="test_mongodb_indexes_health" time="0.360" /><testcase classname="backend.tests.test_iteration53_edit_persistence.TestConceptMatchingFix" name="test_concept_definitions_correct" time="0.001" /></testsuite></testsuites>