<?xml version="1.0" encoding="utf-8"?><testsuites name="pytest tests"><testsuite name="pytest" errors="0" failures="70" skipped="0" tests="70" time="3.960" timestamp="2026-02-18T00:04:54.293097+00:00" hostname="agent-env-a5786888-22b0-4f5c-95d7-7a4427d4b85d"><testcase classname="backend.tests.test_cotizador_api.TestHealthAndPublicEndpoints" name="test_unauthenticated_clients_returns_401" time="0.004"><failure message="requests.exceptions.MissingSchema: Invalid URL '/api/clients': No scheme supplied. Perhaps you meant https:///api/clients?">backend/tests/test_cotizador_api.py:24: in test_unauthenticated_clients_returns_401
    response = requests.get(f"{BASE_URL}/api/clients")
               ^^^^^^^^^^^^^^^^^^^^^^^^^^^^^^^^^^^^^^^
/root/.venv/lib/python3.11/site-packages/requests/api.py:73: in get
    return request("get", url, params=params, **kwargs)
           ^^^^^^^^^^^^^^^^^^^^^^^^^^^^^^^^^^^^^^^^^^^^
/root/.venv/lib/python3.11/site-packages/requests/api.py:59: in request
    return session.request(method=method, url=url, **kwargs)
           ^^^^^^^^^^^^^^^^^^^^^^^^^^^^^^^^^^^^^^^^^^^^^^^^^
/root/.venv/lib/python3.11/site-packages/requests/sessions.py:575: in request
    prep = self.prepare_request(req)
           ^^^^^^^^^^^^^^^^^^^^^^^^^
/root/.venv/lib/python3.11/site-packages/requests/sessions.py:484: in prepare_request
    p.prepare(
/root/.venv/lib/python3.11/site-packages/requests/models.py:367: in prepare
    self.prepare_url(url, params)
/root/.venv/lib/python3.11/site-packages/requests/models.py:438: in prepare_url
    raise MissingSchema(
E   requests.exceptions.MissingSchema: Invalid URL '/api/clients': No scheme supplied. Perhaps you meant https:///api/clients?</failure></testcase><testcase classname="backend.tests.test_cotizador_api.TestHealthAndPublicEndpoints" name="test_unauthenticated_banks_returns_401" time="0.001"><failure message="requests.exceptions.MissingSchema: Invalid URL '/api/banks': No scheme supplied. Perhaps you meant https:///api/banks?">backend/tests/test_cotizador_api.py:32: in test_unauthenticated_banks_returns_401
    response = requests.get(f"{BASE_URL}/api/banks")
               ^^^^^^^^^^^^^^^^^^^^^^^^^^^^^^^^^^^^^
/root/.venv/lib/python3.11/site-packages/requests/api.py:73: in get
    return request("get", url, params=params, **kwargs)
           ^^^^^^^^^^^^^^^^^^^^^^^^^^^^^^^^^^^^^^^^^^^^
/root/.venv/lib/python3.11/site-packages/requests/api.py:59: in request
    return session.request(method=method, url=url, **kwargs)
           ^^^^^^^^^^^^^^^^^^^^^^^^^^^^^^^^^^^^^^^^^^^^^^^^^
/root/.venv/lib/python3.11/site-packages/requests/sessions.py:575: in request
    prep = self.prepare_request(req)
           ^^^^^^^^^^^^^^^^^^^^^^^^^
/root/.venv/lib/python3.11/site-packages/requests/sessions.py:484: in prepare_request
    p.prepare(
/root/.venv/lib/python3.11/site-packages/requests/models.py:367: in prepare
    self.prepare_url(url, params)
/root/.venv/lib/python3.11/site-packages/requests/models.py:438: in prepare_url
    raise MissingSchema(
E   requests.exceptions.MissingSchema: Invalid URL '/api/banks': No scheme supplied. Perhaps you meant https:///api/banks?</failure></testcase><testcase classname="backend.tests.test_cotizador_api.TestHealthAndPublicEndpoints" name="test_unauthenticated_services_returns_401" time="0.001"><failure message="requests.exceptions.MissingSchema: Invalid URL '/api/services': No scheme supplied. Perhaps you meant https:///api/services?">backend/tests/test_cotizador_api.py:40: in test_unauthenticated_services_returns_401
    response = requests.get(f"{BASE_URL}/api/services")
               ^^^^^^^^^^^^^^^^^^^^^^^^^^^^^^^^^^^^^^^^
/root/.venv/lib/python3.11/site-packages/requests/api.py:73: in get
    return request("get", url, params=params, **kwargs)
           ^^^^^^^^^^^^^^^^^^^^^^^^^^^^^^^^^^^^^^^^^^^^
/root/.venv/lib/python3.11/site-packages/requests/api.py:59: in request
    return session.request(method=method, url=url, **kwargs)
           ^^^^^^^^^^^^^^^^^^^^^^^^^^^^^^^^^^^^^^^^^^^^^^^^^
/root/.venv/lib/python3.11/site-packages/requests/sessions.py:575: in request
    prep = self.prepare_request(req)
           ^^^^^^^^^^^^^^^^^^^^^^^^^
/root/.venv/lib/python3.11/site-packages/requests/sessions.py:484: in prepare_request
    p.prepare(
/root/.venv/lib/python3.11/site-packages/requests/models.py:367: in prepare
    self.prepare_url(url, params)
/root/.venv/lib/python3.11/site-packages/requests/models.py:438: in prepare_url
    raise MissingSchema(
E   requests.exceptions.MissingSchema: Invalid URL '/api/services': No scheme supplied. Perhaps you meant https:///api/services?</failure></testcase><testcase classname="backend.tests.test_cotizador_api.TestHealthAndPublicEndpoints" name="test_unauthenticated_hardware_returns_401" time="0.001"><failure message="requests.exceptions.MissingSchema: Invalid URL '/api/hardware': No scheme supplied. Perhaps you meant https:///api/hardware?">backend/tests/test_cotizador_api.py:46: in test_unauthenticated_hardware_returns_401
    response = requests.get(f"{BASE_URL}/api/hardware")
               ^^^^^^^^^^^^^^^^^^^^^^^^^^^^^^^^^^^^^^^^
/root/.venv/lib/python3.11/site-packages/requests/api.py:73: in get
    return request("get", url, params=params, **kwargs)
           ^^^^^^^^^^^^^^^^^^^^^^^^^^^^^^^^^^^^^^^^^^^^
/root/.venv/lib/python3.11/site-packages/requests/api.py:59: in request
    return session.request(method=method, url=url, **kwargs)
           ^^^^^^^^^^^^^^^^^^^^^^^^^^^^^^^^^^^^^^^^^^^^^^^^^
/root/.venv/lib/python3.11/site-packages/requests/sessions.py:575: in request
    prep = self.prepare_request(req)
           ^^^^^^^^^^^^^^^^^^^^^^^^^
/root/.venv/lib/python3.11/site-packages/requests/sessions.py:484: in prepare_request
    p.prepare(
/root/.venv/lib/python3.11/site-packages/requests/models.py:367: in prepare
    self.prepare_url(url, params)
/root/.venv/lib/python3.11/site-packages/requests/models.py:438: in prepare_url
    raise MissingSchema(
E   requests.exceptions.MissingSchema: Invalid URL '/api/hardware': No scheme supplied. Perhaps you meant https:///api/hardware?</failure></testcase><testcase classname="backend.tests.test_cotizador_api.TestHealthAndPublicEndpoints" name="test_unauthenticated_quotes_returns_401" time="0.001"><failure message="requests.exceptions.MissingSchema: Invalid URL '/api/quotes': No scheme supplied. Perhaps you meant https:///api/quotes?">backend/tests/test_cotizador_api.py:52: in test_unauthenticated_quotes_returns_401
    response = requests.get(f"{BASE_URL}/api/quotes")
               ^^^^^^^^^^^^^^^^^^^^^^^^^^^^^^^^^^^^^^
/root/.venv/lib/python3.11/site-packages/requests/api.py:73: in get
    return request("get", url, params=params, **kwargs)
           ^^^^^^^^^^^^^^^^^^^^^^^^^^^^^^^^^^^^^^^^^^^^
/root/.venv/lib/python3.11/site-packages/requests/api.py:59: in request
    return session.request(method=method, url=url, **kwargs)
           ^^^^^^^^^^^^^^^^^^^^^^^^^^^^^^^^^^^^^^^^^^^^^^^^^
/root/.venv/lib/python3.11/site-packages/requests/sessions.py:575: in request
    prep = self.prepare_request(req)
           ^^^^^^^^^^^^^^^^^^^^^^^^^
/root/.venv/lib/python3.11/site-packages/requests/sessions.py:484: in prepare_request
    p.prepare(
/root/.venv/lib/python3.11/site-packages/requests/models.py:367: in prepare
    self.prepare_url(url, params)
/root/.venv/lib/python3.11/site-packages/requests/models.py:438: in prepare_url
    raise MissingSchema(
E   requests.exceptions.MissingSchema: Invalid URL '/api/quotes': No scheme supplied. Perhaps you meant https:///api/quotes?</failure></testcase><testcase classname="backend.tests.test_cotizador_api.TestHealthAndPublicEndpoints" name="test_unauthenticated_exchange_rate_returns_401" time="0.001"><failure message="requests.exceptions.MissingSchema: Invalid URL '/api/exchange-rate/current': No scheme supplied. Perhaps you meant https:///api/exchange-rate/current?">backend/tests/test_cotizador_api.py:58: in test_unauthenticated_exchange_rate_returns_401
    response = requests.get(f"{BASE_URL}/api/exchange-rate/current")
               ^^^^^^^^^^^^^^^^^^^^^^^^^^^^^^^^^^^^^^^^^^^^^^^^^^^^^
/root/.venv/lib/python3.11/site-packages/requests/api.py:73: in get
    return request("get", url, params=params, **kwargs)
           ^^^^^^^^^^^^^^^^^^^^^^^^^^^^^^^^^^^^^^^^^^^^
/root/.venv/lib/python3.11/site-packages/requests/api.py:59: in request
    return session.request(method=method, url=url, **kwargs)
           ^^^^^^^^^^^^^^^^^^^^^^^^^^^^^^^^^^^^^^^^^^^^^^^^^
/root/.venv/lib/python3.11/site-packages/requests/sessions.py:575: in request
    prep = self.prepare_request(req)
           ^^^^^^^^^^^^^^^^^^^^^^^^^
/root/.venv/lib/python3.11/site-packages/requests/sessions.py:484: in prepare_request
    p.prepare(
/root/.venv/lib/python3.11/site-packages/requests/models.py:367: in prepare
    self.prepare_url(url, params)
/root/.venv/lib/python3.11/site-packages/requests/models.py:438: in prepare_url
    raise MissingSchema(
E   requests.exceptions.MissingSchema: Invalid URL '/api/exchange-rate/current': No scheme supplied. Perhaps you meant https:///api/exchange-rate/current?</failure></testcase><testcase classname="backend.tests.test_cotizador_api.TestHealthAndPublicEndpoints" name="test_unauthenticated_seed_banks_returns_401" time="0.001"><failure message="requests.exceptions.MissingSchema: Invalid URL '/api/banks/seed': No scheme supplied. Perhaps you meant https:///api/banks/seed?">backend/tests/test_cotizador_api.py:64: in test_unauthenticated_seed_banks_returns_401
    response = requests.post(f"{BASE_URL}/api/banks/seed")
               ^^^^^^^^^^^^^^^^^^^^^^^^^^^^^^^^^^^^^^^^^^^
/root/.venv/lib/python3.11/site-packages/requests/api.py:115: in post
    return request("post", url, data=data, json=json, **kwargs)
           ^^^^^^^^^^^^^^^^^^^^^^^^^^^^^^^^^^^^^^^^^^^^^^^^^^^^
/root/.venv/lib/python3.11/site-packages/requests/api.py:59: in request
    return session.request(method=method, url=url, **kwargs)
           ^^^^^^^^^^^^^^^^^^^^^^^^^^^^^^^^^^^^^^^^^^^^^^^^^
/root/.venv/lib/python3.11/site-packages/requests/sessions.py:575: in request
    prep = self.prepare_request(req)
           ^^^^^^^^^^^^^^^^^^^^^^^^^
/root/.venv/lib/python3.11/site-packages/requests/sessions.py:484: in prepare_request
    p.prepare(
/root/.venv/lib/python3.11/site-packages/requests/models.py:367: in prepare
    self.prepare_url(url, params)
/root/.venv/lib/python3.11/site-packages/requests/models.py:438: in prepare_url
    raise MissingSchema(
E   requests.exceptions.MissingSchema: Invalid URL '/api/banks/seed': No scheme supplied. Perhaps you meant https:///api/banks/seed?</failure></testcase><testcase classname="backend.tests.test_cotizador_api.TestHealthAndPublicEndpoints" name="test_unauthenticated_config_logo_get_returns_404_or_401" time="0.002"><failure message="requests.exceptions.MissingSchema: Invalid URL '/api/config/logo': No scheme supplied. Perhaps you meant https:///api/config/logo?">backend/tests/test_cotizador_api.py:70: in test_unauthenticated_config_logo_get_returns_404_or_401
    response = requests.get(f"{BASE_URL}/api/config/logo")
               ^^^^^^^^^^^^^^^^^^^^^^^^^^^^^^^^^^^^^^^^^^^
/root/.venv/lib/python3.11/site-packages/requests/api.py:73: in get
    return request("get", url, params=params, **kwargs)
           ^^^^^^^^^^^^^^^^^^^^^^^^^^^^^^^^^^^^^^^^^^^^
/root/.venv/lib/python3.11/site-packages/requests/api.py:59: in request
    return session.request(method=method, url=url, **kwargs)
           ^^^^^^^^^^^^^^^^^^^^^^^^^^^^^^^^^^^^^^^^^^^^^^^^^
/root/.venv/lib/python3.11/site-packages/requests/sessions.py:575: in request
    prep = self.prepare_request(req)
           ^^^^^^^^^^^^^^^^^^^^^^^^^
/root/.venv/lib/python3.11/site-packages/requests/sessions.py:484: in prepare_request
    p.prepare(
/root/.venv/lib/python3.11/site-packages/requests/models.py:367: in prepare
    self.prepare_url(url, params)
/root/.venv/lib/python3.11/site-packages/requests/models.py:438: in prepare_url
    raise MissingSchema(
E   requests.exceptions.MissingSchema: Invalid URL '/api/config/logo': No scheme supplied. Perhaps you meant https:///api/config/logo?</failure></testcase><testcase classname="backend.tests.test_cotizador_api.TestAuthEndpoints" name="test_auth_session_requires_header" time="0.001"><failure message="requests.exceptions.MissingSchema: Invalid URL '/api/auth/session': No scheme supplied. Perhaps you meant https:///api/auth/session?">backend/tests/test_cotizador_api.py:81: in test_auth_session_requires_header
    response = requests.post(f"{BASE_URL}/api/auth/session")
               ^^^^^^^^^^^^^^^^^^^^^^^^^^^^^^^^^^^^^^^^^^^^^
/root/.venv/lib/python3.11/site-packages/requests/api.py:115: in post
    return request("post", url, data=data, json=json, **kwargs)
           ^^^^^^^^^^^^^^^^^^^^^^^^^^^^^^^^^^^^^^^^^^^^^^^^^^^^
/root/.venv/lib/python3.11/site-packages/requests/api.py:59: in request
    return session.request(method=method, url=url, **kwargs)
           ^^^^^^^^^^^^^^^^^^^^^^^^^^^^^^^^^^^^^^^^^^^^^^^^^
/root/.venv/lib/python3.11/site-packages/requests/sessions.py:575: in request
    prep = self.prepare_request(req)
           ^^^^^^^^^^^^^^^^^^^^^^^^^
/root/.venv/lib/python3.11/site-packages/requests/sessions.py:484: in prepare_request
    p.prepare(
/root/.venv/lib/python3.11/site-packages/requests/models.py:367: in prepare
    self.prepare_url(url, params)
/root/.venv/lib/python3.11/site-packages/requests/models.py:438: in prepare_url
    raise MissingSchema(
E   requests.exceptions.MissingSchema: Invalid URL '/api/auth/session': No scheme supplied. Perhaps you meant https:///api/auth/session?</failure></testcase><testcase classname="backend.tests.test_cotizador_api.TestAuthEndpoints" name="test_auth_me_requires_token" time="0.001"><failure message="requests.exceptions.MissingSchema: Invalid URL '/api/auth/me': No scheme supplied. Perhaps you meant https:///api/auth/me?">backend/tests/test_cotizador_api.py:88: in test_auth_me_requires_token
    response = requests.get(f"{BASE_URL}/api/auth/me")
               ^^^^^^^^^^^^^^^^^^^^^^^^^^^^^^^^^^^^^^^
/root/.venv/lib/python3.11/site-packages/requests/api.py:73: in get
    return request("get", url, params=params, **kwargs)
           ^^^^^^^^^^^^^^^^^^^^^^^^^^^^^^^^^^^^^^^^^^^^
/root/.venv/lib/python3.11/site-packages/requests/api.py:59: in request
    return session.request(method=method, url=url, **kwargs)
           ^^^^^^^^^^^^^^^^^^^^^^^^^^^^^^^^^^^^^^^^^^^^^^^^^
/root/.venv/lib/python3.11/site-packages/requests/sessions.py:575: in request
    prep = self.prepare_request(req)
           ^^^^^^^^^^^^^^^^^^^^^^^^^
/root/.venv/lib/python3.11/site-packages/requests/sessions.py:484: in prepare_request
    p.prepare(
/root/.venv/lib/python3.11/site-packages/requests/models.py:367: in prepare
    self.prepare_url(url, params)
/root/.venv/lib/python3.11/site-packages/requests/models.py:438: in prepare_url
    raise MissingSchema(
E   requests.exceptions.MissingSchema: Invalid URL '/api/auth/me': No scheme supplied. Perhaps you meant https:///api/auth/me?</failure></testcase><testcase classname="backend.tests.test_cotizador_api.TestAuthEndpoints" name="test_auth_logout_accepts_request" time="0.001"><failure message="requests.exceptions.MissingSchema: Invalid URL '/api/auth/logout': No scheme supplied. Perhaps you meant https:///api/auth/logout?">backend/tests/test_cotizador_api.py:94: in test_auth_logout_accepts_request
    response = requests.post(f"{BASE_URL}/api/auth/logout")
               ^^^^^^^^^^^^^^^^^^^^^^^^^^^^^^^^^^^^^^^^^^^^
/root/.venv/lib/python3.11/site-packages/requests/api.py:115: in post
    return request("post", url, data=data, json=json, **kwargs)
           ^^^^^^^^^^^^^^^^^^^^^^^^^^^^^^^^^^^^^^^^^^^^^^^^^^^^
/root/.venv/lib/python3.11/site-packages/requests/api.py:59: in request
    return session.request(method=method, url=url, **kwargs)
           ^^^^^^^^^^^^^^^^^^^^^^^^^^^^^^^^^^^^^^^^^^^^^^^^^
/root/.venv/lib/python3.11/site-packages/requests/sessions.py:575: in request
    prep = self.prepare_request(req)
           ^^^^^^^^^^^^^^^^^^^^^^^^^
/root/.venv/lib/python3.11/site-packages/requests/sessions.py:484: in prepare_request
    p.prepare(
/root/.venv/lib/python3.11/site-packages/requests/models.py:367: in prepare
    self.prepare_url(url, params)
/root/.venv/lib/python3.11/site-packages/requests/models.py:438: in prepare_url
    raise MissingSchema(
E   requests.exceptions.MissingSchema: Invalid URL '/api/auth/logout': No scheme supplied. Perhaps you meant https:///api/auth/logout?</failure></testcase><testcase classname="backend.tests.test_cotizador_api.TestInvalidTokenResponses" name="test_clients_with_invalid_token" time="0.001"><failure message="requests.exceptions.MissingSchema: Invalid URL '/api/clients': No scheme supplied. Perhaps you meant https:///api/clients?">backend/tests/test_cotizador_api.py:106: in test_clients_with_invalid_token
    response = requests.get(f"{BASE_URL}/api/clients", headers=headers)
               ^^^^^^^^^^^^^^^^^^^^^^^^^^^^^^^^^^^^^^^^^^^^^^^^^^^^^^^^
/root/.venv/lib/python3.11/site-packages/requests/api.py:73: in get
    return request("get", url, params=params, **kwargs)
           ^^^^^^^^^^^^^^^^^^^^^^^^^^^^^^^^^^^^^^^^^^^^
/root/.venv/lib/python3.11/site-packages/requests/api.py:59: in request
    return session.request(method=method, url=url, **kwargs)
           ^^^^^^^^^^^^^^^^^^^^^^^^^^^^^^^^^^^^^^^^^^^^^^^^^
/root/.venv/lib/python3.11/site-packages/requests/sessions.py:575: in request
    prep = self.prepare_request(req)
           ^^^^^^^^^^^^^^^^^^^^^^^^^
/root/.venv/lib/python3.11/site-packages/requests/sessions.py:484: in prepare_request
    p.prepare(
/root/.venv/lib/python3.11/site-packages/requests/models.py:367: in prepare
    self.prepare_url(url, params)
/root/.venv/lib/python3.11/site-packages/requests/models.py:438: in prepare_url
    raise MissingSchema(
E   requests.exceptions.MissingSchema: Invalid URL '/api/clients': No scheme supplied. Perhaps you meant https:///api/clients?</failure></testcase><testcase classname="backend.tests.test_cotizador_api.TestInvalidTokenResponses" name="test_banks_with_invalid_token" time="0.001"><failure message="requests.exceptions.MissingSchema: Invalid URL '/api/banks': No scheme supplied. Perhaps you meant https:///api/banks?">backend/tests/test_cotizador_api.py:113: in test_banks_with_invalid_token
    response = requests.get(f"{BASE_URL}/api/banks", headers=headers)
               ^^^^^^^^^^^^^^^^^^^^^^^^^^^^^^^^^^^^^^^^^^^^^^^^^^^^^^
/root/.venv/lib/python3.11/site-packages/requests/api.py:73: in get
    return request("get", url, params=params, **kwargs)
           ^^^^^^^^^^^^^^^^^^^^^^^^^^^^^^^^^^^^^^^^^^^^
/root/.venv/lib/python3.11/site-packages/requests/api.py:59: in request
    return session.request(method=method, url=url, **kwargs)
           ^^^^^^^^^^^^^^^^^^^^^^^^^^^^^^^^^^^^^^^^^^^^^^^^^
/root/.venv/lib/python3.11/site-packages/requests/sessions.py:575: in request
    prep = self.prepare_request(req)
           ^^^^^^^^^^^^^^^^^^^^^^^^^
/root/.venv/lib/python3.11/site-packages/requests/sessions.py:484: in prepare_request
    p.prepare(
/root/.venv/lib/python3.11/site-packages/requests/models.py:367: in prepare
    self.prepare_url(url, params)
/root/.venv/lib/python3.11/site-packages/requests/models.py:438: in prepare_url
    raise MissingSchema(
E   requests.exceptions.MissingSchema: Invalid URL '/api/banks': No scheme supplied. Perhaps you meant https:///api/banks?</failure></testcase><testcase classname="backend.tests.test_cotizador_api.TestInvalidTokenResponses" name="test_services_with_invalid_token" time="0.001"><failure message="requests.exceptions.MissingSchema: Invalid URL '/api/services': No scheme supplied. Perhaps you meant https:///api/services?">backend/tests/test_cotizador_api.py:120: in test_services_with_invalid_token
    response = requests.get(f"{BASE_URL}/api/services", headers=headers)
               ^^^^^^^^^^^^^^^^^^^^^^^^^^^^^^^^^^^^^^^^^^^^^^^^^^^^^^^^^
/root/.venv/lib/python3.11/site-packages/requests/api.py:73: in get
    return request("get", url, params=params, **kwargs)
           ^^^^^^^^^^^^^^^^^^^^^^^^^^^^^^^^^^^^^^^^^^^^
/root/.venv/lib/python3.11/site-packages/requests/api.py:59: in request
    return session.request(method=method, url=url, **kwargs)
           ^^^^^^^^^^^^^^^^^^^^^^^^^^^^^^^^^^^^^^^^^^^^^^^^^
/root/.venv/lib/python3.11/site-packages/requests/sessions.py:575: in request
    prep = self.prepare_request(req)
           ^^^^^^^^^^^^^^^^^^^^^^^^^
/root/.venv/lib/python3.11/site-packages/requests/sessions.py:484: in prepare_request
    p.prepare(
/root/.venv/lib/python3.11/site-packages/requests/models.py:367: in prepare
    self.prepare_url(url, params)
/root/.venv/lib/python3.11/site-packages/requests/models.py:438: in prepare_url
    raise MissingSchema(
E   requests.exceptions.MissingSchema: Invalid URL '/api/services': No scheme supplied. Perhaps you meant https:///api/services?</failure></testcase><testcase classname="backend.tests.test_cotizador_api.TestAPIStructure" name="test_clients_endpoint_exists" time="0.001"><failure message="requests.exceptions.MissingSchema: Invalid URL '/api/clients': No scheme supplied. Perhaps you meant https:///api/clients?">backend/tests/test_cotizador_api.py:130: in test_clients_endpoint_exists
    response = requests.get(f"{BASE_URL}/api/clients")
               ^^^^^^^^^^^^^^^^^^^^^^^^^^^^^^^^^^^^^^^
/root/.venv/lib/python3.11/site-packages/requests/api.py:73: in get
    return request("get", url, params=params, **kwargs)
           ^^^^^^^^^^^^^^^^^^^^^^^^^^^^^^^^^^^^^^^^^^^^
/root/.venv/lib/python3.11/site-packages/requests/api.py:59: in request
    return session.request(method=method, url=url, **kwargs)
           ^^^^^^^^^^^^^^^^^^^^^^^^^^^^^^^^^^^^^^^^^^^^^^^^^
/root/.venv/lib/python3.11/site-packages/requests/sessions.py:575: in request
    prep = self.prepare_request(req)
           ^^^^^^^^^^^^^^^^^^^^^^^^^
/root/.venv/lib/python3.11/site-packages/requests/sessions.py:484: in prepare_request
    p.prepare(
/root/.venv/lib/python3.11/site-packages/requests/models.py:367: in prepare
    self.prepare_url(url, params)
/root/.venv/lib/python3.11/site-packages/requests/models.py:438: in prepare_url
    raise MissingSchema(
E   requests.exceptions.MissingSchema: Invalid URL '/api/clients': No scheme supplied. Perhaps you meant https:///api/clients?</failure></testcase><testcase classname="backend.tests.test_cotizador_api.TestAPIStructure" name="test_banks_endpoint_exists" time="0.001"><failure message="requests.exceptions.MissingSchema: Invalid URL '/api/banks': No scheme supplied. Perhaps you meant https:///api/banks?">backend/tests/test_cotizador_api.py:137: in test_banks_endpoint_exists
    response = requests.get(f"{BASE_URL}/api/banks")
               ^^^^^^^^^^^^^^^^^^^^^^^^^^^^^^^^^^^^^
/root/.venv/lib/python3.11/site-packages/requests/api.py:73: in get
    return request("get", url, params=params, **kwargs)
           ^^^^^^^^^^^^^^^^^^^^^^^^^^^^^^^^^^^^^^^^^^^^
/root/.venv/lib/python3.11/site-packages/requests/api.py:59: in request
    return session.request(method=method, url=url, **kwargs)
           ^^^^^^^^^^^^^^^^^^^^^^^^^^^^^^^^^^^^^^^^^^^^^^^^^
/root/.venv/lib/python3.11/site-packages/requests/sessions.py:575: in request
    prep = self.prepare_request(req)
           ^^^^^^^^^^^^^^^^^^^^^^^^^
/root/.venv/lib/python3.11/site-packages/requests/sessions.py:484: in prepare_request
    p.prepare(
/root/.venv/lib/python3.11/site-packages/requests/models.py:367: in prepare
    self.prepare_url(url, params)
/root/.venv/lib/python3.11/site-packages/requests/models.py:438: in prepare_url
    raise MissingSchema(
E   requests.exceptions.MissingSchema: Invalid URL '/api/banks': No scheme supplied. Perhaps you meant https:///api/banks?</failure></testcase><testcase classname="backend.tests.test_cotizador_api.TestAPIStructure" name="test_services_endpoint_exists" time="0.001"><failure message="requests.exceptions.MissingSchema: Invalid URL '/api/services': No scheme supplied. Perhaps you meant https:///api/services?">backend/tests/test_cotizador_api.py:143: in test_services_endpoint_exists
    response = requests.get(f"{BASE_URL}/api/services")
               ^^^^^^^^^^^^^^^^^^^^^^^^^^^^^^^^^^^^^^^^
/root/.venv/lib/python3.11/site-packages/requests/api.py:73: in get
    return request("get", url, params=params, **kwargs)
           ^^^^^^^^^^^^^^^^^^^^^^^^^^^^^^^^^^^^^^^^^^^^
/root/.venv/lib/python3.11/site-packages/requests/api.py:59: in request
    return session.request(method=method, url=url, **kwargs)
           ^^^^^^^^^^^^^^^^^^^^^^^^^^^^^^^^^^^^^^^^^^^^^^^^^
/root/.venv/lib/python3.11/site-packages/requests/sessions.py:575: in request
    prep = self.prepare_request(req)
           ^^^^^^^^^^^^^^^^^^^^^^^^^
/root/.venv/lib/python3.11/site-packages/requests/sessions.py:484: in prepare_request
    p.prepare(
/root/.venv/lib/python3.11/site-packages/requests/models.py:367: in prepare
    self.prepare_url(url, params)
/root/.venv/lib/python3.11/site-packages/requests/models.py:438: in prepare_url
    raise MissingSchema(
E   requests.exceptions.MissingSchema: Invalid URL '/api/services': No scheme supplied. Perhaps you meant https:///api/services?</failure></testcase><testcase classname="backend.tests.test_cotizador_api.TestAPIStructure" name="test_hardware_endpoint_exists" time="0.001"><failure message="requests.exceptions.MissingSchema: Invalid URL '/api/hardware': No scheme supplied. Perhaps you meant https:///api/hardware?">backend/tests/test_cotizador_api.py:149: in test_hardware_endpoint_exists
    response = requests.get(f"{BASE_URL}/api/hardware")
               ^^^^^^^^^^^^^^^^^^^^^^^^^^^^^^^^^^^^^^^^
/root/.venv/lib/python3.11/site-packages/requests/api.py:73: in get
    return request("get", url, params=params, **kwargs)
           ^^^^^^^^^^^^^^^^^^^^^^^^^^^^^^^^^^^^^^^^^^^^
/root/.venv/lib/python3.11/site-packages/requests/api.py:59: in request
    return session.request(method=method, url=url, **kwargs)
           ^^^^^^^^^^^^^^^^^^^^^^^^^^^^^^^^^^^^^^^^^^^^^^^^^
/root/.venv/lib/python3.11/site-packages/requests/sessions.py:575: in request
    prep = self.prepare_request(req)
           ^^^^^^^^^^^^^^^^^^^^^^^^^
/root/.venv/lib/python3.11/site-packages/requests/sessions.py:484: in prepare_request
    p.prepare(
/root/.venv/lib/python3.11/site-packages/requests/models.py:367: in prepare
    self.prepare_url(url, params)
/root/.venv/lib/python3.11/site-packages/requests/models.py:438: in prepare_url
    raise MissingSchema(
E   requests.exceptions.MissingSchema: Invalid URL '/api/hardware': No scheme supplied. Perhaps you meant https:///api/hardware?</failure></testcase><testcase classname="backend.tests.test_cotizador_api.TestAPIStructure" name="test_quotes_endpoint_exists" time="0.001"><failure message="requests.exceptions.MissingSchema: Invalid URL '/api/quotes': No scheme supplied. Perhaps you meant https:///api/quotes?">backend/tests/test_cotizador_api.py:155: in test_quotes_endpoint_exists
    response = requests.get(f"{BASE_URL}/api/quotes")
               ^^^^^^^^^^^^^^^^^^^^^^^^^^^^^^^^^^^^^^
/root/.venv/lib/python3.11/site-packages/requests/api.py:73: in get
    return request("get", url, params=params, **kwargs)
           ^^^^^^^^^^^^^^^^^^^^^^^^^^^^^^^^^^^^^^^^^^^^
/root/.venv/lib/python3.11/site-packages/requests/api.py:59: in request
    return session.request(method=method, url=url, **kwargs)
           ^^^^^^^^^^^^^^^^^^^^^^^^^^^^^^^^^^^^^^^^^^^^^^^^^
/root/.venv/lib/python3.11/site-packages/requests/sessions.py:575: in request
    prep = self.prepare_request(req)
           ^^^^^^^^^^^^^^^^^^^^^^^^^
/root/.venv/lib/python3.11/site-packages/requests/sessions.py:484: in prepare_request
    p.prepare(
/root/.venv/lib/python3.11/site-packages/requests/models.py:367: in prepare
    self.prepare_url(url, params)
/root/.venv/lib/python3.11/site-packages/requests/models.py:438: in prepare_url
    raise MissingSchema(
E   requests.exceptions.MissingSchema: Invalid URL '/api/quotes': No scheme supplied. Perhaps you meant https:///api/quotes?</failure></testcase><testcase classname="backend.tests.test_cotizador_api.TestAPIStructure" name="test_exchange_rate_endpoint_exists" time="0.001"><failure message="requests.exceptions.MissingSchema: Invalid URL '/api/exchange-rate/current': No scheme supplied. Perhaps you meant https:///api/exchange-rate/current?">backend/tests/test_cotizador_api.py:161: in test_exchange_rate_endpoint_exists
    response = requests.get(f"{BASE_URL}/api/exchange-rate/current")
               ^^^^^^^^^^^^^^^^^^^^^^^^^^^^^^^^^^^^^^^^^^^^^^^^^^^^^
/root/.venv/lib/python3.11/site-packages/requests/api.py:73: in get
    return request("get", url, params=params, **kwargs)
           ^^^^^^^^^^^^^^^^^^^^^^^^^^^^^^^^^^^^^^^^^^^^
/root/.venv/lib/python3.11/site-packages/requests/api.py:59: in request
    return session.request(method=method, url=url, **kwargs)
           ^^^^^^^^^^^^^^^^^^^^^^^^^^^^^^^^^^^^^^^^^^^^^^^^^
/root/.venv/lib/python3.11/site-packages/requests/sessions.py:575: in request
    prep = self.prepare_request(req)
           ^^^^^^^^^^^^^^^^^^^^^^^^^
/root/.venv/lib/python3.11/site-packages/requests/sessions.py:484: in prepare_request
    p.prepare(
/root/.venv/lib/python3.11/site-packages/requests/models.py:367: in prepare
    self.prepare_url(url, params)
/root/.venv/lib/python3.11/site-packages/requests/models.py:438: in prepare_url
    raise MissingSchema(
E   requests.exceptions.MissingSchema: Invalid URL '/api/exchange-rate/current': No scheme supplied. Perhaps you meant https:///api/exchange-rate/current?</failure></testcase><testcase classname="backend.tests.test_cotizador_api.TestAPIStructure" name="test_config_logo_endpoint_exists" time="0.001"><failure message="requests.exceptions.MissingSchema: Invalid URL '/api/config/logo': No scheme supplied. Perhaps you meant https:///api/config/logo?">backend/tests/test_cotizador_api.py:167: in test_config_logo_endpoint_exists
    response = requests.get(f"{BASE_URL}/api/config/logo")
               ^^^^^^^^^^^^^^^^^^^^^^^^^^^^^^^^^^^^^^^^^^^
/root/.venv/lib/python3.11/site-packages/requests/api.py:73: in get
    return request("get", url, params=params, **kwargs)
           ^^^^^^^^^^^^^^^^^^^^^^^^^^^^^^^^^^^^^^^^^^^^
/root/.venv/lib/python3.11/site-packages/requests/api.py:59: in request
    return session.request(method=method, url=url, **kwargs)
           ^^^^^^^^^^^^^^^^^^^^^^^^^^^^^^^^^^^^^^^^^^^^^^^^^
/root/.venv/lib/python3.11/site-packages/requests/sessions.py:575: in request
    prep = self.prepare_request(req)
           ^^^^^^^^^^^^^^^^^^^^^^^^^
/root/.venv/lib/python3.11/site-packages/requests/sessions.py:484: in prepare_request
    p.prepare(
/root/.venv/lib/python3.11/site-packages/requests/models.py:367: in prepare
    self.prepare_url(url, params)
/root/.venv/lib/python3.11/site-packages/requests/models.py:438: in prepare_url
    raise MissingSchema(
E   requests.exceptions.MissingSchema: Invalid URL '/api/config/logo': No scheme supplied. Perhaps you meant https:///api/config/logo?</failure></testcase><testcase classname="backend.tests.test_cotizador_api.TestCRUDEndpointsValidation" name="test_post_client_validates_body" time="0.001"><failure message="requests.exceptions.MissingSchema: Invalid URL '/api/clients': No scheme supplied. Perhaps you meant https:///api/clients?">backend/tests/test_cotizador_api.py:180: in test_post_client_validates_body
    response = requests.post(
/root/.venv/lib/python3.11/site-packages/requests/api.py:115: in post
    return request("post", url, data=data, json=json, **kwargs)
           ^^^^^^^^^^^^^^^^^^^^^^^^^^^^^^^^^^^^^^^^^^^^^^^^^^^^
/root/.venv/lib/python3.11/site-packages/requests/api.py:59: in request
    return session.request(method=method, url=url, **kwargs)
           ^^^^^^^^^^^^^^^^^^^^^^^^^^^^^^^^^^^^^^^^^^^^^^^^^
/root/.venv/lib/python3.11/site-packages/requests/sessions.py:575: in request
    prep = self.prepare_request(req)
           ^^^^^^^^^^^^^^^^^^^^^^^^^
/root/.venv/lib/python3.11/site-packages/requests/sessions.py:484: in prepare_request
    p.prepare(
/root/.venv/lib/python3.11/site-packages/requests/models.py:367: in prepare
    self.prepare_url(url, params)
/root/.venv/lib/python3.11/site-packages/requests/models.py:438: in prepare_url
    raise MissingSchema(
E   requests.exceptions.MissingSchema: Invalid URL '/api/clients': No scheme supplied. Perhaps you meant https:///api/clients?</failure></testcase><testcase classname="backend.tests.test_cotizador_api.TestCRUDEndpointsValidation" name="test_post_bank_validates_body" time="0.001"><failure message="requests.exceptions.MissingSchema: Invalid URL '/api/banks': No scheme supplied. Perhaps you meant https:///api/banks?">backend/tests/test_cotizador_api.py:192: in test_post_bank_validates_body
    response = requests.post(
/root/.venv/lib/python3.11/site-packages/requests/api.py:115: in post
    return request("post", url, data=data, json=json, **kwargs)
           ^^^^^^^^^^^^^^^^^^^^^^^^^^^^^^^^^^^^^^^^^^^^^^^^^^^^
/root/.venv/lib/python3.11/site-packages/requests/api.py:59: in request
    return session.request(method=method, url=url, **kwargs)
           ^^^^^^^^^^^^^^^^^^^^^^^^^^^^^^^^^^^^^^^^^^^^^^^^^
/root/.venv/lib/python3.11/site-packages/requests/sessions.py:575: in request
    prep = self.prepare_request(req)
           ^^^^^^^^^^^^^^^^^^^^^^^^^
/root/.venv/lib/python3.11/site-packages/requests/sessions.py:484: in prepare_request
    p.prepare(
/root/.venv/lib/python3.11/site-packages/requests/models.py:367: in prepare
    self.prepare_url(url, params)
/root/.venv/lib/python3.11/site-packages/requests/models.py:438: in prepare_url
    raise MissingSchema(
E   requests.exceptions.MissingSchema: Invalid URL '/api/banks': No scheme supplied. Perhaps you meant https:///api/banks?</failure></testcase><testcase classname="backend.tests.test_cotizador_api.TestCRUDEndpointsValidation" name="test_post_service_validates_body" time="0.001"><failure message="requests.exceptions.MissingSchema: Invalid URL '/api/services': No scheme supplied. Perhaps you meant https:///api/services?">backend/tests/test_cotizador_api.py:203: in test_post_service_validates_body
    response = requests.post(
/root/.venv/lib/python3.11/site-packages/requests/api.py:115: in post
    return request("post", url, data=data, json=json, **kwargs)
           ^^^^^^^^^^^^^^^^^^^^^^^^^^^^^^^^^^^^^^^^^^^^^^^^^^^^
/root/.venv/lib/python3.11/site-packages/requests/api.py:59: in request
    return session.request(method=method, url=url, **kwargs)
           ^^^^^^^^^^^^^^^^^^^^^^^^^^^^^^^^^^^^^^^^^^^^^^^^^
/root/.venv/lib/python3.11/site-packages/requests/sessions.py:575: in request
    prep = self.prepare_request(req)
           ^^^^^^^^^^^^^^^^^^^^^^^^^
/root/.venv/lib/python3.11/site-packages/requests/sessions.py:484: in prepare_request
    p.prepare(
/root/.venv/lib/python3.11/site-packages/requests/models.py:367: in prepare
    self.prepare_url(url, params)
/root/.venv/lib/python3.11/site-packages/requests/models.py:438: in prepare_url
    raise MissingSchema(
E   requests.exceptions.MissingSchema: Invalid URL '/api/services': No scheme supplied. Perhaps you meant https:///api/services?</failure></testcase><testcase classname="backend.tests.test_cotizador_api.TestCRUDEndpointsValidation" name="test_post_hardware_validates_body" time="0.001"><failure message="requests.exceptions.MissingSchema: Invalid URL '/api/hardware': No scheme supplied. Perhaps you meant https:///api/hardware?">backend/tests/test_cotizador_api.py:214: in test_post_hardware_validates_body
    response = requests.post(
/root/.venv/lib/python3.11/site-packages/requests/api.py:115: in post
    return request("post", url, data=data, json=json, **kwargs)
           ^^^^^^^^^^^^^^^^^^^^^^^^^^^^^^^^^^^^^^^^^^^^^^^^^^^^
/root/.venv/lib/python3.11/site-packages/requests/api.py:59: in request
    return session.request(method=method, url=url, **kwargs)
           ^^^^^^^^^^^^^^^^^^^^^^^^^^^^^^^^^^^^^^^^^^^^^^^^^
/root/.venv/lib/python3.11/site-packages/requests/sessions.py:575: in request
    prep = self.prepare_request(req)
           ^^^^^^^^^^^^^^^^^^^^^^^^^
/root/.venv/lib/python3.11/site-packages/requests/sessions.py:484: in prepare_request
    p.prepare(
/root/.venv/lib/python3.11/site-packages/requests/models.py:367: in prepare
    self.prepare_url(url, params)
/root/.venv/lib/python3.11/site-packages/requests/models.py:438: in prepare_url
    raise MissingSchema(
E   requests.exceptions.MissingSchema: Invalid URL '/api/hardware': No scheme supplied. Perhaps you meant https:///api/hardware?</failure></testcase><testcase classname="backend.tests.test_cotizador_api.TestEndpointMethodsExist" name="test_clients_post_method_exists" time="0.001"><failure message="requests.exceptions.MissingSchema: Invalid URL '/api/clients': No scheme supplied. Perhaps you meant https:///api/clients?">backend/tests/test_cotizador_api.py:228: in test_clients_post_method_exists
    response = requests.post(f"{BASE_URL}/api/clients", json={})
               ^^^^^^^^^^^^^^^^^^^^^^^^^^^^^^^^^^^^^^^^^^^^^^^^^
/root/.venv/lib/python3.11/site-packages/requests/api.py:115: in post
    return request("post", url, data=data, json=json, **kwargs)
           ^^^^^^^^^^^^^^^^^^^^^^^^^^^^^^^^^^^^^^^^^^^^^^^^^^^^
/root/.venv/lib/python3.11/site-packages/requests/api.py:59: in request
    return session.request(method=method, url=url, **kwargs)
           ^^^^^^^^^^^^^^^^^^^^^^^^^^^^^^^^^^^^^^^^^^^^^^^^^
/root/.venv/lib/python3.11/site-packages/requests/sessions.py:575: in request
    prep = self.prepare_request(req)
           ^^^^^^^^^^^^^^^^^^^^^^^^^
/root/.venv/lib/python3.11/site-packages/requests/sessions.py:484: in prepare_request
    p.prepare(
/root/.venv/lib/python3.11/site-packages/requests/models.py:367: in prepare
    self.prepare_url(url, params)
/root/.venv/lib/python3.11/site-packages/requests/models.py:438: in prepare_url
    raise MissingSchema(
E   requests.exceptions.MissingSchema: Invalid URL '/api/clients': No scheme supplied. Perhaps you meant https:///api/clients?</failure></testcase><testcase classname="backend.tests.test_cotizador_api.TestEndpointMethodsExist" name="test_banks_post_method_exists" time="0.001"><failure message="requests.exceptions.MissingSchema: Invalid URL '/api/banks': No scheme supplied. Perhaps you meant https:///api/banks?">backend/tests/test_cotizador_api.py:234: in test_banks_post_method_exists
    response = requests.post(f"{BASE_URL}/api/banks", json={})
               ^^^^^^^^^^^^^^^^^^^^^^^^^^^^^^^^^^^^^^^^^^^^^^^
/root/.venv/lib/python3.11/site-packages/requests/api.py:115: in post
    return request("post", url, data=data, json=json, **kwargs)
           ^^^^^^^^^^^^^^^^^^^^^^^^^^^^^^^^^^^^^^^^^^^^^^^^^^^^
/root/.venv/lib/python3.11/site-packages/requests/api.py:59: in request
    return session.request(method=method, url=url, **kwargs)
           ^^^^^^^^^^^^^^^^^^^^^^^^^^^^^^^^^^^^^^^^^^^^^^^^^
/root/.venv/lib/python3.11/site-packages/requests/sessions.py:575: in request
    prep = self.prepare_request(req)
           ^^^^^^^^^^^^^^^^^^^^^^^^^
/root/.venv/lib/python3.11/site-packages/requests/sessions.py:484: in prepare_request
    p.prepare(
/root/.venv/lib/python3.11/site-packages/requests/models.py:367: in prepare
    self.prepare_url(url, params)
/root/.venv/lib/python3.11/site-packages/requests/models.py:438: in prepare_url
    raise MissingSchema(
E   requests.exceptions.MissingSchema: Invalid URL '/api/banks': No scheme supplied. Perhaps you meant https:///api/banks?</failure></testcase><testcase classname="backend.tests.test_cotizador_api.TestEndpointMethodsExist" name="test_banks_seed_post_method_exists" time="0.001"><failure message="requests.exceptions.MissingSchema: Invalid URL '/api/banks/seed': No scheme supplied. Perhaps you meant https:///api/banks/seed?">backend/tests/test_cotizador_api.py:240: in test_banks_seed_post_method_exists
    response = requests.post(f"{BASE_URL}/api/banks/seed")
               ^^^^^^^^^^^^^^^^^^^^^^^^^^^^^^^^^^^^^^^^^^^
/root/.venv/lib/python3.11/site-packages/requests/api.py:115: in post
    return request("post", url, data=data, json=json, **kwargs)
           ^^^^^^^^^^^^^^^^^^^^^^^^^^^^^^^^^^^^^^^^^^^^^^^^^^^^
/root/.venv/lib/python3.11/site-packages/requests/api.py:59: in request
    return session.request(method=method, url=url, **kwargs)
           ^^^^^^^^^^^^^^^^^^^^^^^^^^^^^^^^^^^^^^^^^^^^^^^^^
/root/.venv/lib/python3.11/site-packages/requests/sessions.py:575: in request
    prep = self.prepare_request(req)
           ^^^^^^^^^^^^^^^^^^^^^^^^^
/root/.venv/lib/python3.11/site-packages/requests/sessions.py:484: in prepare_request
    p.prepare(
/root/.venv/lib/python3.11/site-packages/requests/models.py:367: in prepare
    self.prepare_url(url, params)
/root/.venv/lib/python3.11/site-packages/requests/models.py:438: in prepare_url
    raise MissingSchema(
E   requests.exceptions.MissingSchema: Invalid URL '/api/banks/seed': No scheme supplied. Perhaps you meant https:///api/banks/seed?</failure></testcase><testcase classname="backend.tests.test_cotizador_api.TestEndpointMethodsExist" name="test_services_post_method_exists" time="0.001"><failure message="requests.exceptions.MissingSchema: Invalid URL '/api/services': No scheme supplied. Perhaps you meant https:///api/services?">backend/tests/test_cotizador_api.py:246: in test_services_post_method_exists
    response = requests.post(f"{BASE_URL}/api/services", json={})
               ^^^^^^^^^^^^^^^^^^^^^^^^^^^^^^^^^^^^^^^^^^^^^^^^^^
/root/.venv/lib/python3.11/site-packages/requests/api.py:115: in post
    return request("post", url, data=data, json=json, **kwargs)
           ^^^^^^^^^^^^^^^^^^^^^^^^^^^^^^^^^^^^^^^^^^^^^^^^^^^^
/root/.venv/lib/python3.11/site-packages/requests/api.py:59: in request
    return session.request(method=method, url=url, **kwargs)
           ^^^^^^^^^^^^^^^^^^^^^^^^^^^^^^^^^^^^^^^^^^^^^^^^^
/root/.venv/lib/python3.11/site-packages/requests/sessions.py:575: in request
    prep = self.prepare_request(req)
           ^^^^^^^^^^^^^^^^^^^^^^^^^
/root/.venv/lib/python3.11/site-packages/requests/sessions.py:484: in prepare_request
    p.prepare(
/root/.venv/lib/python3.11/site-packages/requests/models.py:367: in prepare
    self.prepare_url(url, params)
/root/.venv/lib/python3.11/site-packages/requests/models.py:438: in prepare_url
    raise MissingSchema(
E   requests.exceptions.MissingSchema: Invalid URL '/api/services': No scheme supplied. Perhaps you meant https:///api/services?</failure></testcase><testcase classname="backend.tests.test_cotizador_api.TestEndpointMethodsExist" name="test_hardware_post_method_exists" time="0.001"><failure message="requests.exceptions.MissingSchema: Invalid URL '/api/hardware': No scheme supplied. Perhaps you meant https:///api/hardware?">backend/tests/test_cotizador_api.py:252: in test_hardware_post_method_exists
    response = requests.post(f"{BASE_URL}/api/hardware", json={})
               ^^^^^^^^^^^^^^^^^^^^^^^^^^^^^^^^^^^^^^^^^^^^^^^^^^
/root/.venv/lib/python3.11/site-packages/requests/api.py:115: in post
    return request("post", url, data=data, json=json, **kwargs)
           ^^^^^^^^^^^^^^^^^^^^^^^^^^^^^^^^^^^^^^^^^^^^^^^^^^^^
/root/.venv/lib/python3.11/site-packages/requests/api.py:59: in request
    return session.request(method=method, url=url, **kwargs)
           ^^^^^^^^^^^^^^^^^^^^^^^^^^^^^^^^^^^^^^^^^^^^^^^^^
/root/.venv/lib/python3.11/site-packages/requests/sessions.py:575: in request
    prep = self.prepare_request(req)
           ^^^^^^^^^^^^^^^^^^^^^^^^^
/root/.venv/lib/python3.11/site-packages/requests/sessions.py:484: in prepare_request
    p.prepare(
/root/.venv/lib/python3.11/site-packages/requests/models.py:367: in prepare
    self.prepare_url(url, params)
/root/.venv/lib/python3.11/site-packages/requests/models.py:438: in prepare_url
    raise MissingSchema(
E   requests.exceptions.MissingSchema: Invalid URL '/api/hardware': No scheme supplied. Perhaps you meant https:///api/hardware?</failure></testcase><testcase classname="backend.tests.test_cotizador_api.TestEndpointMethodsExist" name="test_quotes_post_method_exists" time="0.001"><failure message="requests.exceptions.MissingSchema: Invalid URL '/api/quotes': No scheme supplied. Perhaps you meant https:///api/quotes?">backend/tests/test_cotizador_api.py:258: in test_quotes_post_method_exists
    response = requests.post(f"{BASE_URL}/api/quotes", json={})
               ^^^^^^^^^^^^^^^^^^^^^^^^^^^^^^^^^^^^^^^^^^^^^^^^
/root/.venv/lib/python3.11/site-packages/requests/api.py:115: in post
    return request("post", url, data=data, json=json, **kwargs)
           ^^^^^^^^^^^^^^^^^^^^^^^^^^^^^^^^^^^^^^^^^^^^^^^^^^^^
/root/.venv/lib/python3.11/site-packages/requests/api.py:59: in request
    return session.request(method=method, url=url, **kwargs)
           ^^^^^^^^^^^^^^^^^^^^^^^^^^^^^^^^^^^^^^^^^^^^^^^^^
/root/.venv/lib/python3.11/site-packages/requests/sessions.py:575: in request
    prep = self.prepare_request(req)
           ^^^^^^^^^^^^^^^^^^^^^^^^^
/root/.venv/lib/python3.11/site-packages/requests/sessions.py:484: in prepare_request
    p.prepare(
/root/.venv/lib/python3.11/site-packages/requests/models.py:367: in prepare
    self.prepare_url(url, params)
/root/.venv/lib/python3.11/site-packages/requests/models.py:438: in prepare_url
    raise MissingSchema(
E   requests.exceptions.MissingSchema: Invalid URL '/api/quotes': No scheme supplied. Perhaps you meant https:///api/quotes?</failure></testcase><testcase classname="backend.tests.test_cotizador_api.TestEndpointMethodsExist" name="test_exchange_rate_update_post_method_exists" time="0.001"><failure message="requests.exceptions.MissingSchema: Invalid URL '/api/exchange-rate/update': No scheme supplied. Perhaps you meant https:///api/exchange-rate/update?">backend/tests/test_cotizador_api.py:264: in test_exchange_rate_update_post_method_exists
    response = requests.post(f"{BASE_URL}/api/exchange-rate/update")
               ^^^^^^^^^^^^^^^^^^^^^^^^^^^^^^^^^^^^^^^^^^^^^^^^^^^^^
/root/.venv/lib/python3.11/site-packages/requests/api.py:115: in post
    return request("post", url, data=data, json=json, **kwargs)
           ^^^^^^^^^^^^^^^^^^^^^^^^^^^^^^^^^^^^^^^^^^^^^^^^^^^^
/root/.venv/lib/python3.11/site-packages/requests/api.py:59: in request
    return session.request(method=method, url=url, **kwargs)
           ^^^^^^^^^^^^^^^^^^^^^^^^^^^^^^^^^^^^^^^^^^^^^^^^^
/root/.venv/lib/python3.11/site-packages/requests/sessions.py:575: in request
    prep = self.prepare_request(req)
           ^^^^^^^^^^^^^^^^^^^^^^^^^
/root/.venv/lib/python3.11/site-packages/requests/sessions.py:484: in prepare_request
    p.prepare(
/root/.venv/lib/python3.11/site-packages/requests/models.py:367: in prepare
    self.prepare_url(url, params)
/root/.venv/lib/python3.11/site-packages/requests/models.py:438: in prepare_url
    raise MissingSchema(
E   requests.exceptions.MissingSchema: Invalid URL '/api/exchange-rate/update': No scheme supplied. Perhaps you meant https:///api/exchange-rate/update?</failure></testcase><testcase classname="backend.tests.test_cotizador_api.TestEndpointMethodsExist" name="test_config_logo_post_method_exists" time="0.001"><failure message="requests.exceptions.MissingSchema: Invalid URL '/api/config/logo': No scheme supplied. Perhaps you meant https:///api/config/logo?">backend/tests/test_cotizador_api.py:270: in test_config_logo_post_method_exists
    response = requests.post(f"{BASE_URL}/api/config/logo")
               ^^^^^^^^^^^^^^^^^^^^^^^^^^^^^^^^^^^^^^^^^^^^
/root/.venv/lib/python3.11/site-packages/requests/api.py:115: in post
    return request("post", url, data=data, json=json, **kwargs)
           ^^^^^^^^^^^^^^^^^^^^^^^^^^^^^^^^^^^^^^^^^^^^^^^^^^^^
/root/.venv/lib/python3.11/site-packages/requests/api.py:59: in request
    return session.request(method=method, url=url, **kwargs)
           ^^^^^^^^^^^^^^^^^^^^^^^^^^^^^^^^^^^^^^^^^^^^^^^^^
/root/.venv/lib/python3.11/site-packages/requests/sessions.py:575: in request
    prep = self.prepare_request(req)
           ^^^^^^^^^^^^^^^^^^^^^^^^^
/root/.venv/lib/python3.11/site-packages/requests/sessions.py:484: in prepare_request
    p.prepare(
/root/.venv/lib/python3.11/site-packages/requests/models.py:367: in prepare
    self.prepare_url(url, params)
/root/.venv/lib/python3.11/site-packages/requests/models.py:438: in prepare_url
    raise MissingSchema(
E   requests.exceptions.MissingSchema: Invalid URL '/api/config/logo': No scheme supplied. Perhaps you meant https:///api/config/logo?</failure></testcase><testcase classname="backend.tests.test_quotes_flow.TestQuotesEndpointStructure" name="test_quotes_get_requires_auth" time="0.001"><failure message="requests.exceptions.MissingSchema: Invalid URL '/api/quotes': No scheme supplied. Perhaps you meant https:///api/quotes?">backend/tests/test_quotes_flow.py:25: in test_quotes_get_requires_auth
    response = requests.get(f"{BASE_URL}/api/quotes")
               ^^^^^^^^^^^^^^^^^^^^^^^^^^^^^^^^^^^^^^
/root/.venv/lib/python3.11/site-packages/requests/api.py:73: in get
    return request("get", url, params=params, **kwargs)
           ^^^^^^^^^^^^^^^^^^^^^^^^^^^^^^^^^^^^^^^^^^^^
/root/.venv/lib/python3.11/site-packages/requests/api.py:59: in request
    return session.request(method=method, url=url, **kwargs)
           ^^^^^^^^^^^^^^^^^^^^^^^^^^^^^^^^^^^^^^^^^^^^^^^^^
/root/.venv/lib/python3.11/site-packages/requests/sessions.py:575: in request
    prep = self.prepare_request(req)
           ^^^^^^^^^^^^^^^^^^^^^^^^^
/root/.venv/lib/python3.11/site-packages/requests/sessions.py:484: in prepare_request
    p.prepare(
/root/.venv/lib/python3.11/site-packages/requests/models.py:367: in prepare
    self.prepare_url(url, params)
/root/.venv/lib/python3.11/site-packages/requests/models.py:438: in prepare_url
    raise MissingSchema(
E   requests.exceptions.MissingSchema: Invalid URL '/api/quotes': No scheme supplied. Perhaps you meant https:///api/quotes?</failure></testcase><testcase classname="backend.tests.test_quotes_flow.TestQuotesEndpointStructure" name="test_quotes_post_requires_auth" time="0.001"><failure message="requests.exceptions.MissingSchema: Invalid URL '/api/quotes': No scheme supplied. Perhaps you meant https:///api/quotes?">backend/tests/test_quotes_flow.py:33: in test_quotes_post_requires_auth
    response = requests.post(f"{BASE_URL}/api/quotes", json={})
               ^^^^^^^^^^^^^^^^^^^^^^^^^^^^^^^^^^^^^^^^^^^^^^^^
/root/.venv/lib/python3.11/site-packages/requests/api.py:115: in post
    return request("post", url, data=data, json=json, **kwargs)
           ^^^^^^^^^^^^^^^^^^^^^^^^^^^^^^^^^^^^^^^^^^^^^^^^^^^^
/root/.venv/lib/python3.11/site-packages/requests/api.py:59: in request
    return session.request(method=method, url=url, **kwargs)
           ^^^^^^^^^^^^^^^^^^^^^^^^^^^^^^^^^^^^^^^^^^^^^^^^^
/root/.venv/lib/python3.11/site-packages/requests/sessions.py:575: in request
    prep = self.prepare_request(req)
           ^^^^^^^^^^^^^^^^^^^^^^^^^
/root/.venv/lib/python3.11/site-packages/requests/sessions.py:484: in prepare_request
    p.prepare(
/root/.venv/lib/python3.11/site-packages/requests/models.py:367: in prepare
    self.prepare_url(url, params)
/root/.venv/lib/python3.11/site-packages/requests/models.py:438: in prepare_url
    raise MissingSchema(
E   requests.exceptions.MissingSchema: Invalid URL '/api/quotes': No scheme supplied. Perhaps you meant https:///api/quotes?</failure></testcase><testcase classname="backend.tests.test_quotes_flow.TestQuotesEndpointStructure" name="test_quotes_post_validates_body_structure" time="0.001"><failure message="requests.exceptions.MissingSchema: Invalid URL '/api/quotes': No scheme supplied. Perhaps you meant https:///api/quotes?">backend/tests/test_quotes_flow.py:41: in test_quotes_post_validates_body_structure
    response = requests.post(f"{BASE_URL}/api/quotes", headers=headers, json={
/root/.venv/lib/python3.11/site-packages/requests/api.py:115: in post
    return request("post", url, data=data, json=json, **kwargs)
           ^^^^^^^^^^^^^^^^^^^^^^^^^^^^^^^^^^^^^^^^^^^^^^^^^^^^
/root/.venv/lib/python3.11/site-packages/requests/api.py:59: in request
    return session.request(method=method, url=url, **kwargs)
           ^^^^^^^^^^^^^^^^^^^^^^^^^^^^^^^^^^^^^^^^^^^^^^^^^
/root/.venv/lib/python3.11/site-packages/requests/sessions.py:575: in request
    prep = self.prepare_request(req)
           ^^^^^^^^^^^^^^^^^^^^^^^^^
/root/.venv/lib/python3.11/site-packages/requests/sessions.py:484: in prepare_request
    p.prepare(
/root/.venv/lib/python3.11/site-packages/requests/models.py:367: in prepare
    self.prepare_url(url, params)
/root/.venv/lib/python3.11/site-packages/requests/models.py:438: in prepare_url
    raise MissingSchema(
E   requests.exceptions.MissingSchema: Invalid URL '/api/quotes': No scheme supplied. Perhaps you meant https:///api/quotes?</failure></testcase><testcase classname="backend.tests.test_quotes_flow.TestQuotesEndpointStructure" name="test_quotes_pdf_endpoint_exists" time="0.001"><failure message="requests.exceptions.MissingSchema: Invalid URL '/api/quotes/test_id/pdf': No scheme supplied. Perhaps you meant https:///api/quotes/test_id/pdf?">backend/tests/test_quotes_flow.py:50: in test_quotes_pdf_endpoint_exists
    response = requests.get(f"{BASE_URL}/api/quotes/test_id/pdf")
               ^^^^^^^^^^^^^^^^^^^^^^^^^^^^^^^^^^^^^^^^^^^^^^^^^^
/root/.venv/lib/python3.11/site-packages/requests/api.py:73: in get
    return request("get", url, params=params, **kwargs)
           ^^^^^^^^^^^^^^^^^^^^^^^^^^^^^^^^^^^^^^^^^^^^
/root/.venv/lib/python3.11/site-packages/requests/api.py:59: in request
    return session.request(method=method, url=url, **kwargs)
           ^^^^^^^^^^^^^^^^^^^^^^^^^^^^^^^^^^^^^^^^^^^^^^^^^
/root/.venv/lib/python3.11/site-packages/requests/sessions.py:575: in request
    prep = self.prepare_request(req)
           ^^^^^^^^^^^^^^^^^^^^^^^^^
/root/.venv/lib/python3.11/site-packages/requests/sessions.py:484: in prepare_request
    p.prepare(
/root/.venv/lib/python3.11/site-packages/requests/models.py:367: in prepare
    self.prepare_url(url, params)
/root/.venv/lib/python3.11/site-packages/requests/models.py:438: in prepare_url
    raise MissingSchema(
E   requests.exceptions.MissingSchema: Invalid URL '/api/quotes/test_id/pdf': No scheme supplied. Perhaps you meant https:///api/quotes/test_id/pdf?</failure></testcase><testcase classname="backend.tests.test_quotes_flow.TestBanksWithProducts" name="test_banks_get_requires_auth" time="0.001"><failure message="requests.exceptions.MissingSchema: Invalid URL '/api/banks': No scheme supplied. Perhaps you meant https:///api/banks?">backend/tests/test_quotes_flow.py:61: in test_banks_get_requires_auth
    response = requests.get(f"{BASE_URL}/api/banks")
               ^^^^^^^^^^^^^^^^^^^^^^^^^^^^^^^^^^^^^
/root/.venv/lib/python3.11/site-packages/requests/api.py:73: in get
    return request("get", url, params=params, **kwargs)
           ^^^^^^^^^^^^^^^^^^^^^^^^^^^^^^^^^^^^^^^^^^^^
/root/.venv/lib/python3.11/site-packages/requests/api.py:59: in request
    return session.request(method=method, url=url, **kwargs)
           ^^^^^^^^^^^^^^^^^^^^^^^^^^^^^^^^^^^^^^^^^^^^^^^^^
/root/.venv/lib/python3.11/site-packages/requests/sessions.py:575: in request
    prep = self.prepare_request(req)
           ^^^^^^^^^^^^^^^^^^^^^^^^^
/root/.venv/lib/python3.11/site-packages/requests/sessions.py:484: in prepare_request
    p.prepare(
/root/.venv/lib/python3.11/site-packages/requests/models.py:367: in prepare
    self.prepare_url(url, params)
/root/.venv/lib/python3.11/site-packages/requests/models.py:438: in prepare_url
    raise MissingSchema(
E   requests.exceptions.MissingSchema: Invalid URL '/api/banks': No scheme supplied. Perhaps you meant https:///api/banks?</failure></testcase><testcase classname="backend.tests.test_quotes_flow.TestBanksWithProducts" name="test_banks_post_accepts_products" time="0.001"><failure message="requests.exceptions.MissingSchema: Invalid URL '/api/banks': No scheme supplied. Perhaps you meant https:///api/banks?">backend/tests/test_quotes_flow.py:68: in test_banks_post_accepts_products
    response = requests.post(f"{BASE_URL}/api/banks", headers=headers, json={
/root/.venv/lib/python3.11/site-packages/requests/api.py:115: in post
    return request("post", url, data=data, json=json, **kwargs)
           ^^^^^^^^^^^^^^^^^^^^^^^^^^^^^^^^^^^^^^^^^^^^^^^^^^^^
/root/.venv/lib/python3.11/site-packages/requests/api.py:59: in request
    return session.request(method=method, url=url, **kwargs)
           ^^^^^^^^^^^^^^^^^^^^^^^^^^^^^^^^^^^^^^^^^^^^^^^^^
/root/.venv/lib/python3.11/site-packages/requests/sessions.py:575: in request
    prep = self.prepare_request(req)
           ^^^^^^^^^^^^^^^^^^^^^^^^^
/root/.venv/lib/python3.11/site-packages/requests/sessions.py:484: in prepare_request
    p.prepare(
/root/.venv/lib/python3.11/site-packages/requests/models.py:367: in prepare
    self.prepare_url(url, params)
/root/.venv/lib/python3.11/site-packages/requests/models.py:438: in prepare_url
    raise MissingSchema(
E   requests.exceptions.MissingSchema: Invalid URL '/api/banks': No scheme supplied. Perhaps you meant https:///api/banks?</failure></testcase><testcase classname="backend.tests.test_quotes_flow.TestClientsEndpoint" name="test_clients_get_requires_auth" time="0.001"><failure message="requests.exceptions.MissingSchema: Invalid URL '/api/clients': No scheme supplied. Perhaps you meant https:///api/clients?">backend/tests/test_quotes_flow.py:93: in test_clients_get_requires_auth
    response = requests.get(f"{BASE_URL}/api/clients")
               ^^^^^^^^^^^^^^^^^^^^^^^^^^^^^^^^^^^^^^^
/root/.venv/lib/python3.11/site-packages/requests/api.py:73: in get
    return request("get", url, params=params, **kwargs)
           ^^^^^^^^^^^^^^^^^^^^^^^^^^^^^^^^^^^^^^^^^^^^
/root/.venv/lib/python3.11/site-packages/requests/api.py:59: in request
    return session.request(method=method, url=url, **kwargs)
           ^^^^^^^^^^^^^^^^^^^^^^^^^^^^^^^^^^^^^^^^^^^^^^^^^
/root/.venv/lib/python3.11/site-packages/requests/sessions.py:575: in request
    prep = self.prepare_request(req)
           ^^^^^^^^^^^^^^^^^^^^^^^^^
/root/.venv/lib/python3.11/site-packages/requests/sessions.py:484: in prepare_request
    p.prepare(
/root/.venv/lib/python3.11/site-packages/requests/models.py:367: in prepare
    self.prepare_url(url, params)
/root/.venv/lib/python3.11/site-packages/requests/models.py:438: in prepare_url
    raise MissingSchema(
E   requests.exceptions.MissingSchema: Invalid URL '/api/clients': No scheme supplied. Perhaps you meant https:///api/clients?</failure></testcase><testcase classname="backend.tests.test_quotes_flow.TestQuotePayloadValidation" name="test_quote_payload_structure" time="0.001"><failure message="requests.exceptions.MissingSchema: Invalid URL '/api/quotes': No scheme supplied. Perhaps you meant https:///api/quotes?">backend/tests/test_quotes_flow.py:122: in test_quote_payload_structure
    response = requests.post(f"{BASE_URL}/api/quotes", headers=headers, json=expected_payload)
               ^^^^^^^^^^^^^^^^^^^^^^^^^^^^^^^^^^^^^^^^^^^^^^^^^^^^^^^^^^^^^^^^^^^^^^^^^^^^^^^
/root/.venv/lib/python3.11/site-packages/requests/api.py:115: in post
    return request("post", url, data=data, json=json, **kwargs)
           ^^^^^^^^^^^^^^^^^^^^^^^^^^^^^^^^^^^^^^^^^^^^^^^^^^^^
/root/.venv/lib/python3.11/site-packages/requests/api.py:59: in request
    return session.request(method=method, url=url, **kwargs)
           ^^^^^^^^^^^^^^^^^^^^^^^^^^^^^^^^^^^^^^^^^^^^^^^^^
/root/.venv/lib/python3.11/site-packages/requests/sessions.py:575: in request
    prep = self.prepare_request(req)
           ^^^^^^^^^^^^^^^^^^^^^^^^^
/root/.venv/lib/python3.11/site-packages/requests/sessions.py:484: in prepare_request
    p.prepare(
/root/.venv/lib/python3.11/site-packages/requests/models.py:367: in prepare
    self.prepare_url(url, params)
/root/.venv/lib/python3.11/site-packages/requests/models.py:438: in prepare_url
    raise MissingSchema(
E   requests.exceptions.MissingSchema: Invalid URL '/api/quotes': No scheme supplied. Perhaps you meant https:///api/quotes?</failure></testcase><testcase classname="backend.tests.test_quotes_flow.TestQuotePayloadValidation" name="test_quote_types_valid_values" time="0.001"><failure message="requests.exceptions.MissingSchema: Invalid URL '/api/quotes': No scheme supplied. Perhaps you meant https:///api/quotes?">backend/tests/test_quotes_flow.py:133: in test_quote_types_valid_values
    response = requests.post(f"{BASE_URL}/api/quotes", headers=headers, json={
/root/.venv/lib/python3.11/site-packages/requests/api.py:115: in post
    return request("post", url, data=data, json=json, **kwargs)
           ^^^^^^^^^^^^^^^^^^^^^^^^^^^^^^^^^^^^^^^^^^^^^^^^^^^^
/root/.venv/lib/python3.11/site-packages/requests/api.py:59: in request
    return session.request(method=method, url=url, **kwargs)
           ^^^^^^^^^^^^^^^^^^^^^^^^^^^^^^^^^^^^^^^^^^^^^^^^^
/root/.venv/lib/python3.11/site-packages/requests/sessions.py:575: in request
    prep = self.prepare_request(req)
           ^^^^^^^^^^^^^^^^^^^^^^^^^
/root/.venv/lib/python3.11/site-packages/requests/sessions.py:484: in prepare_request
    p.prepare(
/root/.venv/lib/python3.11/site-packages/requests/models.py:367: in prepare
    self.prepare_url(url, params)
/root/.venv/lib/python3.11/site-packages/requests/models.py:438: in prepare_url
    raise MissingSchema(
E   requests.exceptions.MissingSchema: Invalid URL '/api/quotes': No scheme supplied. Perhaps you meant https:///api/quotes?</failure></testcase><testcase classname="backend.tests.test_quotes_flow.TestBankProductCompatibility" name="test_bank_product_compatibility_fields" time="0.001"><failure message="requests.exceptions.MissingSchema: Invalid URL '/api/banks': No scheme supplied. Perhaps you meant https:///api/banks?">backend/tests/test_quotes_flow.py:159: in test_bank_product_compatibility_fields
    response = requests.post(f"{BASE_URL}/api/banks", headers=headers, json={
/root/.venv/lib/python3.11/site-packages/requests/api.py:115: in post
    return request("post", url, data=data, json=json, **kwargs)
           ^^^^^^^^^^^^^^^^^^^^^^^^^^^^^^^^^^^^^^^^^^^^^^^^^^^^
/root/.venv/lib/python3.11/site-packages/requests/api.py:59: in request
    return session.request(method=method, url=url, **kwargs)
           ^^^^^^^^^^^^^^^^^^^^^^^^^^^^^^^^^^^^^^^^^^^^^^^^^
/root/.venv/lib/python3.11/site-packages/requests/sessions.py:575: in request
    prep = self.prepare_request(req)
           ^^^^^^^^^^^^^^^^^^^^^^^^^
/root/.venv/lib/python3.11/site-packages/requests/sessions.py:484: in prepare_request
    p.prepare(
/root/.venv/lib/python3.11/site-packages/requests/models.py:367: in prepare
    self.prepare_url(url, params)
/root/.venv/lib/python3.11/site-packages/requests/models.py:438: in prepare_url
    raise MissingSchema(
E   requests.exceptions.MissingSchema: Invalid URL '/api/banks': No scheme supplied. Perhaps you meant https:///api/banks?</failure></testcase><testcase classname="backend.tests.test_quotes_flow.TestExchangeRateForQuotes" name="test_exchange_rate_current_requires_auth" time="0.001"><failure message="requests.exceptions.MissingSchema: Invalid URL '/api/exchange-rate/current': No scheme supplied. Perhaps you meant https:///api/exchange-rate/current?">backend/tests/test_quotes_flow.py:175: in test_exchange_rate_current_requires_auth
    response = requests.get(f"{BASE_URL}/api/exchange-rate/current")
               ^^^^^^^^^^^^^^^^^^^^^^^^^^^^^^^^^^^^^^^^^^^^^^^^^^^^^
/root/.venv/lib/python3.11/site-packages/requests/api.py:73: in get
    return request("get", url, params=params, **kwargs)
           ^^^^^^^^^^^^^^^^^^^^^^^^^^^^^^^^^^^^^^^^^^^^
/root/.venv/lib/python3.11/site-packages/requests/api.py:59: in request
    return session.request(method=method, url=url, **kwargs)
           ^^^^^^^^^^^^^^^^^^^^^^^^^^^^^^^^^^^^^^^^^^^^^^^^^
/root/.venv/lib/python3.11/site-packages/requests/sessions.py:575: in request
    prep = self.prepare_request(req)
           ^^^^^^^^^^^^^^^^^^^^^^^^^
/root/.venv/lib/python3.11/site-packages/requests/sessions.py:484: in prepare_request
    p.prepare(
/root/.venv/lib/python3.11/site-packages/requests/models.py:367: in prepare
    self.prepare_url(url, params)
/root/.venv/lib/python3.11/site-packages/requests/models.py:438: in prepare_url
    raise MissingSchema(
E   requests.exceptions.MissingSchema: Invalid URL '/api/exchange-rate/current': No scheme supplied. Perhaps you meant https:///api/exchange-rate/current?</failure></testcase><testcase classname="backend.tests.test_quotes_flow.TestServicesEndpoint" name="test_services_with_compatibility_filter" time="0.002"><failure message="requests.exceptions.MissingSchema: Invalid URL '/api/services?compatibility=vpos': No scheme supplied. Perhaps you meant https:///api/services?compatibility=vpos?">backend/tests/test_quotes_flow.py:189: in test_services_with_compatibility_filter
    response = requests.get(f"{BASE_URL}/api/services?compatibility={f}")
               ^^^^^^^^^^^^^^^^^^^^^^^^^^^^^^^^^^^^^^^^^^^^^^^^^^^^^^^^^^
/root/.venv/lib/python3.11/site-packages/requests/api.py:73: in get
    return request("get", url, params=params, **kwargs)
           ^^^^^^^^^^^^^^^^^^^^^^^^^^^^^^^^^^^^^^^^^^^^
/root/.venv/lib/python3.11/site-packages/requests/api.py:59: in request
    return session.request(method=method, url=url, **kwargs)
           ^^^^^^^^^^^^^^^^^^^^^^^^^^^^^^^^^^^^^^^^^^^^^^^^^
/root/.venv/lib/python3.11/site-packages/requests/sessions.py:575: in request
    prep = self.prepare_request(req)
           ^^^^^^^^^^^^^^^^^^^^^^^^^
/root/.venv/lib/python3.11/site-packages/requests/sessions.py:484: in prepare_request
    p.prepare(
/root/.venv/lib/python3.11/site-packages/requests/models.py:367: in prepare
    self.prepare_url(url, params)
/root/.venv/lib/python3.11/site-packages/requests/models.py:438: in prepare_url
    raise MissingSchema(
E   requests.exceptions.MissingSchema: Invalid URL '/api/services?compatibility=vpos': No scheme supplied. Perhaps you meant https:///api/services?compatibility=vpos?</failure></testcase><testcase classname="backend.tests.test_quotes_flow.TestServicesEndpoint" name="test_services_compatibility_case_insensitive" time="0.001"><failure message="requests.exceptions.MissingSchema: Invalid URL '/api/services?compatibility=VPOS': No scheme supplied. Perhaps you meant https:///api/services?compatibility=VPOS?">backend/tests/test_quotes_flow.py:196: in test_services_compatibility_case_insensitive
    response = requests.get(f"{BASE_URL}/api/services?compatibility=VPOS")
               ^^^^^^^^^^^^^^^^^^^^^^^^^^^^^^^^^^^^^^^^^^^^^^^^^^^^^^^^^^^
/root/.venv/lib/python3.11/site-packages/requests/api.py:73: in get
    return request("get", url, params=params, **kwargs)
           ^^^^^^^^^^^^^^^^^^^^^^^^^^^^^^^^^^^^^^^^^^^^
/root/.venv/lib/python3.11/site-packages/requests/api.py:59: in request
    return session.request(method=method, url=url, **kwargs)
           ^^^^^^^^^^^^^^^^^^^^^^^^^^^^^^^^^^^^^^^^^^^^^^^^^
/root/.venv/lib/python3.11/site-packages/requests/sessions.py:575: in request
    prep = self.prepare_request(req)
           ^^^^^^^^^^^^^^^^^^^^^^^^^
/root/.venv/lib/python3.11/site-packages/requests/sessions.py:484: in prepare_request
    p.prepare(
/root/.venv/lib/python3.11/site-packages/requests/models.py:367: in prepare
    self.prepare_url(url, params)
/root/.venv/lib/python3.11/site-packages/requests/models.py:438: in prepare_url
    raise MissingSchema(
E   requests.exceptions.MissingSchema: Invalid URL '/api/services?compatibility=VPOS': No scheme supplied. Perhaps you meant https:///api/services?compatibility=VPOS?</failure></testcase><testcase classname="backend.tests.test_quotes_flow.TestAPIResponseCodes" name="test_404_for_nonexistent_quote" time="0.001"><failure message="requests.exceptions.MissingSchema: Invalid URL '/api/quotes/nonexistent_id': No scheme supplied. Perhaps you meant https:///api/quotes/nonexistent_id?">backend/tests/test_quotes_flow.py:206: in test_404_for_nonexistent_quote
    response = requests.get(f"{BASE_URL}/api/quotes/nonexistent_id")
               ^^^^^^^^^^^^^^^^^^^^^^^^^^^^^^^^^^^^^^^^^^^^^^^^^^^^^
/root/.venv/lib/python3.11/site-packages/requests/api.py:73: in get
    return request("get", url, params=params, **kwargs)
           ^^^^^^^^^^^^^^^^^^^^^^^^^^^^^^^^^^^^^^^^^^^^
/root/.venv/lib/python3.11/site-packages/requests/api.py:59: in request
    return session.request(method=method, url=url, **kwargs)
           ^^^^^^^^^^^^^^^^^^^^^^^^^^^^^^^^^^^^^^^^^^^^^^^^^
/root/.venv/lib/python3.11/site-packages/requests/sessions.py:575: in request
    prep = self.prepare_request(req)
           ^^^^^^^^^^^^^^^^^^^^^^^^^
/root/.venv/lib/python3.11/site-packages/requests/sessions.py:484: in prepare_request
    p.prepare(
/root/.venv/lib/python3.11/site-packages/requests/models.py:367: in prepare
    self.prepare_url(url, params)
/root/.venv/lib/python3.11/site-packages/requests/models.py:438: in prepare_url
    raise MissingSchema(
E   requests.exceptions.MissingSchema: Invalid URL '/api/quotes/nonexistent_id': No scheme supplied. Perhaps you meant https:///api/quotes/nonexistent_id?</failure></testcase><testcase classname="backend.tests.test_quotes_flow.TestAPIResponseCodes" name="test_404_for_nonexistent_client" time="0.001"><failure message="requests.exceptions.MissingSchema: Invalid URL '/api/clients/nonexistent_id': No scheme supplied. Perhaps you meant https:///api/clients/nonexistent_id?">backend/tests/test_quotes_flow.py:213: in test_404_for_nonexistent_client
    response = requests.get(f"{BASE_URL}/api/clients/nonexistent_id")
               ^^^^^^^^^^^^^^^^^^^^^^^^^^^^^^^^^^^^^^^^^^^^^^^^^^^^^^
/root/.venv/lib/python3.11/site-packages/requests/api.py:73: in get
    return request("get", url, params=params, **kwargs)
           ^^^^^^^^^^^^^^^^^^^^^^^^^^^^^^^^^^^^^^^^^^^^
/root/.venv/lib/python3.11/site-packages/requests/api.py:59: in request
    return session.request(method=method, url=url, **kwargs)
           ^^^^^^^^^^^^^^^^^^^^^^^^^^^^^^^^^^^^^^^^^^^^^^^^^
/root/.venv/lib/python3.11/site-packages/requests/sessions.py:575: in request
    prep = self.prepare_request(req)
           ^^^^^^^^^^^^^^^^^^^^^^^^^
/root/.venv/lib/python3.11/site-packages/requests/sessions.py:484: in prepare_request
    p.prepare(
/root/.venv/lib/python3.11/site-packages/requests/models.py:367: in prepare
    self.prepare_url(url, params)
/root/.venv/lib/python3.11/site-packages/requests/models.py:438: in prepare_url
    raise MissingSchema(
E   requests.exceptions.MissingSchema: Invalid URL '/api/clients/nonexistent_id': No scheme supplied. Perhaps you meant https:///api/clients/nonexistent_id?</failure></testcase><testcase classname="backend.tests.test_quotes_flow.TestAPIResponseCodes" name="test_404_for_nonexistent_bank" time="0.001"><failure message="requests.exceptions.MissingSchema: Invalid URL '/api/banks/nonexistent_id': No scheme supplied. Perhaps you meant https:///api/banks/nonexistent_id?">backend/tests/test_quotes_flow.py:219: in test_404_for_nonexistent_bank
    response = requests.delete(f"{BASE_URL}/api/banks/nonexistent_id")
               ^^^^^^^^^^^^^^^^^^^^^^^^^^^^^^^^^^^^^^^^^^^^^^^^^^^^^^^
/root/.venv/lib/python3.11/site-packages/requests/api.py:157: in delete
    return request("delete", url, **kwargs)
           ^^^^^^^^^^^^^^^^^^^^^^^^^^^^^^^^
/root/.venv/lib/python3.11/site-packages/requests/api.py:59: in request
    return session.request(method=method, url=url, **kwargs)
           ^^^^^^^^^^^^^^^^^^^^^^^^^^^^^^^^^^^^^^^^^^^^^^^^^
/root/.venv/lib/python3.11/site-packages/requests/sessions.py:575: in request
    prep = self.prepare_request(req)
           ^^^^^^^^^^^^^^^^^^^^^^^^^
/root/.venv/lib/python3.11/site-packages/requests/sessions.py:484: in prepare_request
    p.prepare(
/root/.venv/lib/python3.11/site-packages/requests/models.py:367: in prepare
    self.prepare_url(url, params)
/root/.venv/lib/python3.11/site-packages/requests/models.py:438: in prepare_url
    raise MissingSchema(
E   requests.exceptions.MissingSchema: Invalid URL '/api/banks/nonexistent_id': No scheme supplied. Perhaps you meant https:///api/banks/nonexistent_id?</failure></testcase><testcase classname="backend.tests.test_services_compatibility.TestServicesCompatibilityFilterNoAuth" name="test_services_without_compatibility_returns_401" time="0.001"><failure message="requests.exceptions.MissingSchema: Invalid URL '/api/services': No scheme supplied. Perhaps you meant https:///api/services?">backend/tests/test_services_compatibility.py:28: in test_services_without_compatibility_returns_401
    response = requests.get(f"{BASE_URL}/api/services")
               ^^^^^^^^^^^^^^^^^^^^^^^^^^^^^^^^^^^^^^^^
/root/.venv/lib/python3.11/site-packages/requests/api.py:73: in get
    return request("get", url, params=params, **kwargs)
           ^^^^^^^^^^^^^^^^^^^^^^^^^^^^^^^^^^^^^^^^^^^^
/root/.venv/lib/python3.11/site-packages/requests/api.py:59: in request
    return session.request(method=method, url=url, **kwargs)
           ^^^^^^^^^^^^^^^^^^^^^^^^^^^^^^^^^^^^^^^^^^^^^^^^^
/root/.venv/lib/python3.11/site-packages/requests/sessions.py:575: in request
    prep = self.prepare_request(req)
           ^^^^^^^^^^^^^^^^^^^^^^^^^
/root/.venv/lib/python3.11/site-packages/requests/sessions.py:484: in prepare_request
    p.prepare(
/root/.venv/lib/python3.11/site-packages/requests/models.py:367: in prepare
    self.prepare_url(url, params)
/root/.venv/lib/python3.11/site-packages/requests/models.py:438: in prepare_url
    raise MissingSchema(
E   requests.exceptions.MissingSchema: Invalid URL '/api/services': No scheme supplied. Perhaps you meant https:///api/services?</failure></testcase><testcase classname="backend.tests.test_services_compatibility.TestServicesCompatibilityFilterNoAuth" name="test_services_with_vpos_compatibility_returns_401" time="0.001"><failure message="requests.exceptions.MissingSchema: Invalid URL '/api/services?compatibility=vpos': No scheme supplied. Perhaps you meant https:///api/services?compatibility=vpos?">backend/tests/test_services_compatibility.py:34: in test_services_with_vpos_compatibility_returns_401
    response = requests.get(f"{BASE_URL}/api/services?compatibility=vpos")
               ^^^^^^^^^^^^^^^^^^^^^^^^^^^^^^^^^^^^^^^^^^^^^^^^^^^^^^^^^^^
/root/.venv/lib/python3.11/site-packages/requests/api.py:73: in get
    return request("get", url, params=params, **kwargs)
           ^^^^^^^^^^^^^^^^^^^^^^^^^^^^^^^^^^^^^^^^^^^^
/root/.venv/lib/python3.11/site-packages/requests/api.py:59: in request
    return session.request(method=method, url=url, **kwargs)
           ^^^^^^^^^^^^^^^^^^^^^^^^^^^^^^^^^^^^^^^^^^^^^^^^^
/root/.venv/lib/python3.11/site-packages/requests/sessions.py:575: in request
    prep = self.prepare_request(req)
           ^^^^^^^^^^^^^^^^^^^^^^^^^
/root/.venv/lib/python3.11/site-packages/requests/sessions.py:484: in prepare_request
    p.prepare(
/root/.venv/lib/python3.11/site-packages/requests/models.py:367: in prepare
    self.prepare_url(url, params)
/root/.venv/lib/python3.11/site-packages/requests/models.py:438: in prepare_url
    raise MissingSchema(
E   requests.exceptions.MissingSchema: Invalid URL '/api/services?compatibility=vpos': No scheme supplied. Perhaps you meant https:///api/services?compatibility=vpos?</failure></testcase><testcase classname="backend.tests.test_services_compatibility.TestServicesCompatibilityFilterNoAuth" name="test_services_with_gateway_compatibility_returns_401" time="0.001"><failure message="requests.exceptions.MissingSchema: Invalid URL '/api/services?compatibility=gateway': No scheme supplied. Perhaps you meant https:///api/services?compatibility=gateway?">backend/tests/test_services_compatibility.py:40: in test_services_with_gateway_compatibility_returns_401
    response = requests.get(f"{BASE_URL}/api/services?compatibility=gateway")
               ^^^^^^^^^^^^^^^^^^^^^^^^^^^^^^^^^^^^^^^^^^^^^^^^^^^^^^^^^^^^^^
/root/.venv/lib/python3.11/site-packages/requests/api.py:73: in get
    return request("get", url, params=params, **kwargs)
           ^^^^^^^^^^^^^^^^^^^^^^^^^^^^^^^^^^^^^^^^^^^^
/root/.venv/lib/python3.11/site-packages/requests/api.py:59: in request
    return session.request(method=method, url=url, **kwargs)
           ^^^^^^^^^^^^^^^^^^^^^^^^^^^^^^^^^^^^^^^^^^^^^^^^^
/root/.venv/lib/python3.11/site-packages/requests/sessions.py:575: in request
    prep = self.prepare_request(req)
           ^^^^^^^^^^^^^^^^^^^^^^^^^
/root/.venv/lib/python3.11/site-packages/requests/sessions.py:484: in prepare_request
    p.prepare(
/root/.venv/lib/python3.11/site-packages/requests/models.py:367: in prepare
    self.prepare_url(url, params)
/root/.venv/lib/python3.11/site-packages/requests/models.py:438: in prepare_url
    raise MissingSchema(
E   requests.exceptions.MissingSchema: Invalid URL '/api/services?compatibility=gateway': No scheme supplied. Perhaps you meant https:///api/services?compatibility=gateway?</failure></testcase><testcase classname="backend.tests.test_services_compatibility.TestServicesCompatibilityFilterNoAuth" name="test_services_with_mpos_compatibility_returns_401" time="0.001"><failure message="requests.exceptions.MissingSchema: Invalid URL '/api/services?compatibility=mpos': No scheme supplied. Perhaps you meant https:///api/services?compatibility=mpos?">backend/tests/test_services_compatibility.py:46: in test_services_with_mpos_compatibility_returns_401
    response = requests.get(f"{BASE_URL}/api/services?compatibility=mpos")
               ^^^^^^^^^^^^^^^^^^^^^^^^^^^^^^^^^^^^^^^^^^^^^^^^^^^^^^^^^^^
/root/.venv/lib/python3.11/site-packages/requests/api.py:73: in get
    return request("get", url, params=params, **kwargs)
           ^^^^^^^^^^^^^^^^^^^^^^^^^^^^^^^^^^^^^^^^^^^^
/root/.venv/lib/python3.11/site-packages/requests/api.py:59: in request
    return session.request(method=method, url=url, **kwargs)
           ^^^^^^^^^^^^^^^^^^^^^^^^^^^^^^^^^^^^^^^^^^^^^^^^^
/root/.venv/lib/python3.11/site-packages/requests/sessions.py:575: in request
    prep = self.prepare_request(req)
           ^^^^^^^^^^^^^^^^^^^^^^^^^
/root/.venv/lib/python3.11/site-packages/requests/sessions.py:484: in prepare_request
    p.prepare(
/root/.venv/lib/python3.11/site-packages/requests/models.py:367: in prepare
    self.prepare_url(url, params)
/root/.venv/lib/python3.11/site-packages/requests/models.py:438: in prepare_url
    raise MissingSchema(
E   requests.exceptions.MissingSchema: Invalid URL '/api/services?compatibility=mpos': No scheme supplied. Perhaps you meant https:///api/services?compatibility=mpos?</failure></testcase><testcase classname="backend.tests.test_services_compatibility.TestServicesCompatibilityFilterNoAuth" name="test_services_with_link_compatibility_returns_401" time="0.001"><failure message="requests.exceptions.MissingSchema: Invalid URL '/api/services?compatibility=link': No scheme supplied. Perhaps you meant https:///api/services?compatibility=link?">backend/tests/test_services_compatibility.py:52: in test_services_with_link_compatibility_returns_401
    response = requests.get(f"{BASE_URL}/api/services?compatibility=link")
               ^^^^^^^^^^^^^^^^^^^^^^^^^^^^^^^^^^^^^^^^^^^^^^^^^^^^^^^^^^^
/root/.venv/lib/python3.11/site-packages/requests/api.py:73: in get
    return request("get", url, params=params, **kwargs)
           ^^^^^^^^^^^^^^^^^^^^^^^^^^^^^^^^^^^^^^^^^^^^
/root/.venv/lib/python3.11/site-packages/requests/api.py:59: in request
    return session.request(method=method, url=url, **kwargs)
[...]
    prep = self.prepare_request(req)
           ^^^^^^^^^^^^^^^^^^^^^^^^^
/root/.venv/lib/python3.11/site-packages/requests/sessions.py:484: in prepare_request
    p.prepare(
/root/.venv/lib/python3.11/site-packages/requests/models.py:367: in prepare
    self.prepare_url(url, params)
/root/.venv/lib/python3.11/site-packages/requests/models.py:438: in prepare_url
    raise MissingSchema(
E   requests.exceptions.MissingSchema: Invalid URL '/api/services?compatibility=invalid_value': No scheme supplied. Perhaps you meant https:///api/services?compatibility=invalid_value?</failure></testcase><testcase classname="backend.tests.test_services_compatibility.TestServicesWithInvalidToken" name="test_services_vpos_filter_with_invalid_token" time="0.001"><failure message="requests.exceptions.MissingSchema: Invalid URL '/api/services?compatibility=vpos': No scheme supplied. Perhaps you meant https:///api/services?compatibility=vpos?">backend/tests/test_services_compatibility.py:83: in test_services_vpos_filter_with_invalid_token
    response = requests.get(
/root/.venv/lib/python3.11/site-packages/requests/api.py:73: in get
    return request("get", url, params=params, **kwargs)
           ^^^^^^^^^^^^^^^^^^^^^^^^^^^^^^^^^^^^^^^^^^^^
/root/.venv/lib/python3.11/site-packages/requests/api.py:59: in request
    return session.request(method=method, url=url, **kwargs)
           ^^^^^^^^^^^^^^^^^^^^^^^^^^^^^^^^^^^^^^^^^^^^^^^^^
/root/.venv/lib/python3.11/site-packages/requests/sessions.py:575: in request
    prep = self.prepare_request(req)
           ^^^^^^^^^^^^^^^^^^^^^^^^^
/root/.venv/lib/python3.11/site-packages/requests/sessions.py:484: in prepare_request
    p.prepare(
/root/.venv/lib/python3.11/site-packages/requests/models.py:367: in prepare
    self.prepare_url(url, params)
/root/.venv/lib/python3.11/site-packages/requests/models.py:438: in prepare_url
    raise MissingSchema(
E   requests.exceptions.MissingSchema: Invalid URL '/api/services?compatibility=vpos': No scheme supplied. Perhaps you meant https:///api/services?compatibility=vpos?</failure></testcase><testcase classname="backend.tests.test_services_compatibility.TestServicesWithInvalidToken" name="test_services_gateway_filter_with_invalid_token" time="0.001"><failure message="requests.exceptions.MissingSchema: Invalid URL '/api/services?compatibility=gateway': No scheme supplied. Perhaps you meant https:///api/services?compatibility=gateway?">backend/tests/test_services_compatibility.py:93: in test_services_gateway_filter_with_invalid_token
    response = requests.get(
/root/.venv/lib/python3.11/site-packages/requests/api.py:73: in get
    return request("get", url, params=params, **kwargs)
           ^^^^^^^^^^^^^^^^^^^^^^^^^^^^^^^^^^^^^^^^^^^^
/root/.venv/lib/python3.11/site-packages/requests/api.py:59: in request
    return session.request(method=method, url=url, **kwargs)
           ^^^^^^^^^^^^^^^^^^^^^^^^^^^^^^^^^^^^^^^^^^^^^^^^^
/root/.venv/lib/python3.11/site-packages/requests/sessions.py:575: in request
    prep = self.prepare_request(req)
           ^^^^^^^^^^^^^^^^^^^^^^^^^
/root/.venv/lib/python3.11/site-packages/requests/sessions.py:484: in prepare_request
    p.prepare(
/root/.venv/lib/python3.11/site-packages/requests/models.py:367: in prepare
    self.prepare_url(url, params)
/root/.venv/lib/python3.11/site-packages/requests/models.py:438: in prepare_url
    raise MissingSchema(
E   requests.exceptions.MissingSchema: Invalid URL '/api/services?compatibility=gateway': No scheme supplied. Perhaps you meant https:///api/services?compatibility=gateway?</failure></testcase><testcase classname="backend.tests.test_services_compatibility.TestServicesWithInvalidToken" name="test_services_mpos_filter_with_invalid_token" time="0.001"><failure message="requests.exceptions.MissingSchema: Invalid URL '/api/services?compatibility=mpos': No scheme supplied. Perhaps you meant https:///api/services?compatibility=mpos?">backend/tests/test_services_compatibility.py:103: in test_services_mpos_filter_with_invalid_token
    response = requests.get(
/root/.venv/lib/python3.11/site-packages/requests/api.py:73: in get
    return request("get", url, params=params, **kwargs)
           ^^^^^^^^^^^^^^^^^^^^^^^^^^^^^^^^^^^^^^^^^^^^
/root/.venv/lib/python3.11/site-packages/requests/api.py:59: in request
    return session.request(method=method, url=url, **kwargs)
           ^^^^^^^^^^^^^^^^^^^^^^^^^^^^^^^^^^^^^^^^^^^^^^^^^
/root/.venv/lib/python3.11/site-packages/requests/sessions.py:575: in request
    prep = self.prepare_request(req)
           ^^^^^^^^^^^^^^^^^^^^^^^^^
/root/.venv/lib/python3.11/site-packages/requests/sessions.py:484: in prepare_request
    p.prepare(
/root/.venv/lib/python3.11/site-packages/requests/models.py:367: in prepare
    self.prepare_url(url, params)
/root/.venv/lib/python3.11/site-packages/requests/models.py:438: in prepare_url
    raise MissingSchema(
E   requests.exceptions.MissingSchema: Invalid URL '/api/services?compatibility=mpos': No scheme supplied. Perhaps you meant https:///api/services?compatibility=mpos?</failure></testcase><testcase classname="backend.tests.test_services_compatibility.TestServicesWithInvalidToken" name="test_services_link_filter_with_invalid_token" time="0.001"><failure message="requests.exceptions.MissingSchema: Invalid URL '/api/services?compatibility=link': No scheme supplied. Perhaps you meant https:///api/services?compatibility=link?">backend/tests/test_services_compatibility.py:113: in test_services_link_filter_with_invalid_token
    response = requests.get(
/root/.venv/lib/python3.11/site-packages/requests/api.py:73: in get
    return request("get", url, params=params, **kwargs)
           ^^^^^^^^^^^^^^^^^^^^^^^^^^^^^^^^^^^^^^^^^^^^
/root/.venv/lib/python3.11/site-packages/requests/api.py:59: in request
    return session.request(method=method, url=url, **kwargs)
           ^^^^^^^^^^^^^^^^^^^^^^^^^^^^^^^^^^^^^^^^^^^^^^^^^
/root/.venv/lib/python3.11/site-packages/requests/sessions.py:575: in request
    prep = self.prepare_request(req)
           ^^^^^^^^^^^^^^^^^^^^^^^^^
/root/.venv/lib/python3.11/site-packages/requests/sessions.py:484: in prepare_request
    p.prepare(
/root/.venv/lib/python3.11/site-packages/requests/models.py:367: in prepare
    self.prepare_url(url, params)
/root/.venv/lib/python3.11/site-packages/requests/models.py:438: in prepare_url
    raise MissingSchema(
E   requests.exceptions.MissingSchema: Invalid URL '/api/services?compatibility=link': No scheme supplied. Perhaps you meant https:///api/services?compatibility=link?</failure></testcase><testcase classname="backend.tests.test_services_compatibility.TestServiceModelFields" name="test_post_service_with_all_compatibility_fields" time="0.001"><failure message="requests.exceptions.MissingSchema: Invalid URL '/api/services': No scheme supplied. Perhaps you meant https:///api/services?">backend/tests/test_services_compatibility.py:144: in test_post_service_with_all_compatibility_fields
    response = requests.post(
/root/.venv/lib/python3.11/site-packages/requests/api.py:115: in post
    return request("post", url, data=data, json=json, **kwargs)
           ^^^^^^^^^^^^^^^^^^^^^^^^^^^^^^^^^^^^^^^^^^^^^^^^^^^^
/root/.venv/lib/python3.11/site-packages/requests/api.py:59: in request
    return session.request(method=method, url=url, **kwargs)
           ^^^^^^^^^^^^^^^^^^^^^^^^^^^^^^^^^^^^^^^^^^^^^^^^^
/root/.venv/lib/python3.11/site-packages/requests/sessions.py:575: in request
    prep = self.prepare_request(req)
           ^^^^^^^^^^^^^^^^^^^^^^^^^
/root/.venv/lib/python3.11/site-packages/requests/sessions.py:484: in prepare_request
    p.prepare(
/root/.venv/lib/python3.11/site-packages/requests/models.py:367: in prepare
    self.prepare_url(url, params)
/root/.venv/lib/python3.11/site-packages/requests/models.py:438: in prepare_url
    raise MissingSchema(
E   requests.exceptions.MissingSchema: Invalid URL '/api/services': No scheme supplied. Perhaps you meant https:///api/services?</failure></testcase><testcase classname="backend.tests.test_services_compatibility.TestServiceModelFields" name="test_post_service_with_only_vpos_enabled" time="0.001"><failure message="requests.exceptions.MissingSchema: Invalid URL '/api/services': No scheme supplied. Perhaps you meant https:///api/services?">backend/tests/test_services_compatibility.py:170: in test_post_service_with_only_vpos_enabled
    response = requests.post(
/root/.venv/lib/python3.11/site-packages/requests/api.py:115: in post
    return request("post", url, data=data, json=json, **kwargs)
           ^^^^^^^^^^^^^^^^^^^^^^^^^^^^^^^^^^^^^^^^^^^^^^^^^^^^
/root/.venv/lib/python3.11/site-packages/requests/api.py:59: in request
    return session.request(method=method, url=url, **kwargs)
           ^^^^^^^^^^^^^^^^^^^^^^^^^^^^^^^^^^^^^^^^^^^^^^^^^
/root/.venv/lib/python3.11/site-packages/requests/sessions.py:575: in request
    prep = self.prepare_request(req)
           ^^^^^^^^^^^^^^^^^^^^^^^^^
/root/.venv/lib/python3.11/site-packages/requests/sessions.py:484: in prepare_request
    p.prepare(
/root/.venv/lib/python3.11/site-packages/requests/models.py:367: in prepare
    self.prepare_url(url, params)
/root/.venv/lib/python3.11/site-packages/requests/models.py:438: in prepare_url
    raise MissingSchema(
E   requests.exceptions.MissingSchema: Invalid URL '/api/services': No scheme supplied. Perhaps you meant https:///api/services?</failure></testcase><testcase classname="backend.tests.test_services_compatibility.TestServiceModelFields" name="test_post_service_with_only_gateway_enabled" time="0.001"><failure message="requests.exceptions.MissingSchema: Invalid URL '/api/services': No scheme supplied. Perhaps you meant https:///api/services?">backend/tests/test_services_compatibility.py:194: in test_post_service_with_only_gateway_enabled
    response = requests.post(
/root/.venv/lib/python3.11/site-packages/requests/api.py:115: in post
    return request("post", url, data=data, json=json, **kwargs)
           ^^^^^^^^^^^^^^^^^^^^^^^^^^^^^^^^^^^^^^^^^^^^^^^^^^^^
/root/.venv/lib/python3.11/site-packages/requests/api.py:59: in request
    return session.request(method=method, url=url, **kwargs)
           ^^^^^^^^^^^^^^^^^^^^^^^^^^^^^^^^^^^^^^^^^^^^^^^^^
/root/.venv/lib/python3.11/site-packages/requests/sessions.py:575: in request
    prep = self.prepare_request(req)
           ^^^^^^^^^^^^^^^^^^^^^^^^^
/root/.venv/lib/python3.11/site-packages/requests/sessions.py:484: in prepare_request
    p.prepare(
/root/.venv/lib/python3.11/site-packages/requests/models.py:367: in prepare
    self.prepare_url(url, params)
/root/.venv/lib/python3.11/site-packages/requests/models.py:438: in prepare_url
    raise MissingSchema(
E   requests.exceptions.MissingSchema: Invalid URL '/api/services': No scheme supplied. Perhaps you meant https:///api/services?</failure></testcase><testcase classname="backend.tests.test_services_compatibility.TestClientsBanksHardwareNoAuth" name="test_get_clients_requires_auth" time="0.001"><failure message="requests.exceptions.MissingSchema: Invalid URL '/api/clients': No scheme supplied. Perhaps you meant https:///api/clients?">backend/tests/test_services_compatibility.py:208: in test_get_clients_requires_auth
    response = requests.get(f"{BASE_URL}/api/clients")
               ^^^^^^^^^^^^^^^^^^^^^^^^^^^^^^^^^^^^^^^
/root/.venv/lib/python3.11/site-packages/requests/api.py:73: in get
    return request("get", url, params=params, **kwargs)
           ^^^^^^^^^^^^^^^^^^^^^^^^^^^^^^^^^^^^^^^^^^^^
/root/.venv/lib/python3.11/site-packages/requests/api.py:59: in request
    return session.request(method=method, url=url, **kwargs)
           ^^^^^^^^^^^^^^^^^^^^^^^^^^^^^^^^^^^^^^^^^^^^^^^^^
/root/.venv/lib/python3.11/site-packages/requests/sessions.py:575: in request
    prep = self.prepare_request(req)
           ^^^^^^^^^^^^^^^^^^^^^^^^^
/root/.venv/lib/python3.11/site-packages/requests/sessions.py:484: in prepare_request
    p.prepare(
/root/.venv/lib/python3.11/site-packages/requests/models.py:367: in prepare
    self.prepare_url(url, params)
/root/.venv/lib/python3.11/site-packages/requests/models.py:438: in prepare_url
    raise MissingSchema(
E   requests.exceptions.MissingSchema: Invalid URL '/api/clients': No scheme supplied. Perhaps you meant https:///api/clients?</failure></testcase><testcase classname="backend.tests.test_services_compatibility.TestClientsBanksHardwareNoAuth" name="test_get_banks_requires_auth" time="0.001"><failure message="requests.exceptions.MissingSchema: Invalid URL '/api/banks': No scheme supplied. Perhaps you meant https:///api/banks?">backend/tests/test_services_compatibility.py:214: in test_get_banks_requires_auth
    response = requests.get(f"{BASE_URL}/api/banks")
               ^^^^^^^^^^^^^^^^^^^^^^^^^^^^^^^^^^^^^
/root/.venv/lib/python3.11/site-packages/requests/api.py:73: in get
    return request("get", url, params=params, **kwargs)
           ^^^^^^^^^^^^^^^^^^^^^^^^^^^^^^^^^^^^^^^^^^^^
/root/.venv/lib/python3.11/site-packages/requests/api.py:59: in request
    return session.request(method=method, url=url, **kwargs)
           ^^^^^^^^^^^^^^^^^^^^^^^^^^^^^^^^^^^^^^^^^^^^^^^^^
/root/.venv/lib/python3.11/site-packages/requests/sessions.py:575: in request
    prep = self.prepare_request(req)
           ^^^^^^^^^^^^^^^^^^^^^^^^^
/root/.venv/lib/python3.11/site-packages/requests/sessions.py:484: in prepare_request
    p.prepare(
/root/.venv/lib/python3.11/site-packages/requests/models.py:367: in prepare
    self.prepare_url(url, params)
/root/.venv/lib/python3.11/site-packages/requests/models.py:438: in prepare_url
    raise MissingSchema(
E   requests.exceptions.MissingSchema: Invalid URL '/api/banks': No scheme supplied. Perhaps you meant https:///api/banks?</failure></testcase><testcase classname="backend.tests.test_services_compatibility.TestClientsBanksHardwareNoAuth" name="test_get_hardware_requires_auth" time="0.001"><failure message="requests.exceptions.MissingSchema: Invalid URL '/api/hardware': No scheme supplied. Perhaps you meant https:///api/hardware?">backend/tests/test_services_compatibility.py:220: in test_get_hardware_requires_auth
    response = requests.get(f"{BASE_URL}/api/hardware")
               ^^^^^^^^^^^^^^^^^^^^^^^^^^^^^^^^^^^^^^^^
/root/.venv/lib/python3.11/site-packages/requests/api.py:73: in get
    return request("get", url, params=params, **kwargs)
           ^^^^^^^^^^^^^^^^^^^^^^^^^^^^^^^^^^^^^^^^^^^^
/root/.venv/lib/python3.11/site-packages/requests/api.py:59: in request
    return session.request(method=method, url=url, **kwargs)
           ^^^^^^^^^^^^^^^^^^^^^^^^^^^^^^^^^^^^^^^^^^^^^^^^^
/root/.venv/lib/python3.11/site-packages/requests/sessions.py:575: in request
    prep = self.prepare_request(req)
           ^^^^^^^^^^^^^^^^^^^^^^^^^
/root/.venv/lib/python3.11/site-packages/requests/sessions.py:484: in prepare_request
    p.prepare(
/root/.venv/lib/python3.11/site-packages/requests/models.py:367: in prepare
    self.prepare_url(url, params)
/root/.venv/lib/python3.11/site-packages/requests/models.py:438: in prepare_url
    raise MissingSchema(
E   requests.exceptions.MissingSchema: Invalid URL '/api/hardware': No scheme supplied. Perhaps you meant https:///api/hardware?</failure></testcase><testcase classname="backend.tests.test_services_compatibility.TestClientsBanksHardwareNoAuth" name="test_get_quotes_requires_auth" time="0.001"><failure message="requests.exceptions.MissingSchema: Invalid URL '/api/quotes': No scheme supplied. Perhaps you meant https:///api/quotes?">backend/tests/test_services_compatibility.py:226: in test_get_quotes_requires_auth
    response = requests.get(f"{BASE_URL}/api/quotes")
               ^^^^^^^^^^^^^^^^^^^^^^^^^^^^^^^^^^^^^^
/root/.venv/lib/python3.11/site-packages/requests/api.py:73: in get
    return request("get", url, params=params, **kwargs)
           ^^^^^^^^^^^^^^^^^^^^^^^^^^^^^^^^^^^^^^^^^^^^
/root/.venv/lib/python3.11/site-packages/requests/api.py:59: in request
    return session.request(method=method, url=url, **kwargs)
           ^^^^^^^^^^^^^^^^^^^^^^^^^^^^^^^^^^^^^^^^^^^^^^^^^
/root/.venv/lib/python3.11/site-packages/requests/sessions.py:575: in request
    prep = self.prepare_request(req)
           ^^^^^^^^^^^^^^^^^^^^^^^^^
/root/.venv/lib/python3.11/site-packages/requests/sessions.py:484: in prepare_request
    p.prepare(
/root/.venv/lib/python3.11/site-packages/requests/models.py:367: in prepare
    self.prepare_url(url, params)
/root/.venv/lib/python3.11/site-packages/requests/models.py:438: in prepare_url
    raise MissingSchema(
E   requests.exceptions.MissingSchema: Invalid URL '/api/quotes': No scheme supplied. Perhaps you meant https:///api/quotes?</failure></testcase><testcase classname="backend.tests.test_services_compatibility.TestExchangeRateEndpoints" name="test_get_exchange_rate_current_requires_auth" time="0.001"><failure message="requests.exceptions.MissingSchema: Invalid URL '/api/exchange-rate/current': No scheme supplied. Perhaps you meant https:///api/exchange-rate/current?">backend/tests/test_services_compatibility.py:236: in test_get_exchange_rate_current_requires_auth
    response = requests.get(f"{BASE_URL}/api/exchange-rate/current")
               ^^^^^^^^^^^^^^^^^^^^^^^^^^^^^^^^^^^^^^^^^^^^^^^^^^^^^
/root/.venv/lib/python3.11/site-packages/requests/api.py:73: in get
    return request("get", url, params=params, **kwargs)
           ^^^^^^^^^^^^^^^^^^^^^^^^^^^^^^^^^^^^^^^^^^^^
/root/.venv/lib/python3.11/site-packages/requests/api.py:59: in request
    return session.request(method=method, url=url, **kwargs)
           ^^^^^^^^^^^^^^^^^^^^^^^^^^^^^^^^^^^^^^^^^^^^^^^^^
/root/.venv/lib/python3.11/site-packages/requests/sessions.py:575: in request
    prep = self.prepare_request(req)
           ^^^^^^^^^^^^^^^^^^^^^^^^^
/root/.venv/lib/python3.11/site-packages/requests/sessions.py:484: in prepare_request
    p.prepare(
/root/.venv/lib/python3.11/site-packages/requests/models.py:367: in prepare
    self.prepare_url(url, params)
/root/.venv/lib/python3.11/site-packages/requests/models.py:438: in prepare_url
    raise MissingSchema(
E   requests.exceptions.MissingSchema: Invalid URL '/api/exchange-rate/current': No scheme supplied. Perhaps you meant https:///api/exchange-rate/current?</failure></testcase><testcase classname="backend.tests.test_services_compatibility.TestExchangeRateEndpoints" name="test_post_exchange_rate_update_requires_auth" time="0.001"><failure message="requests.exceptions.MissingSchema: Invalid URL '/api/exchange-rate/update': No scheme supplied. Perhaps you meant https:///api/exchange-rate/update?">backend/tests/test_services_compatibility.py:242: in test_post_exchange_rate_update_requires_auth
    response = requests.post(f"{BASE_URL}/api/exchange-rate/update")
               ^^^^^^^^^^^^^^^^^^^^^^^^^^^^^^^^^^^^^^^^^^^^^^^^^^^^^
/root/.venv/lib/python3.11/site-packages/requests/api.py:115: in post
    return request("post", url, data=data, json=json, **kwargs)
           ^^^^^^^^^^^^^^^^^^^^^^^^^^^^^^^^^^^^^^^^^^^^^^^^^^^^
/root/.venv/lib/python3.11/site-packages/requests/api.py:59: in request
    return session.request(method=method, url=url, **kwargs)
           ^^^^^^^^^^^^^^^^^^^^^^^^^^^^^^^^^^^^^^^^^^^^^^^^^
/root/.venv/lib/python3.11/site-packages/requests/sessions.py:575: in request
    prep = self.prepare_request(req)
           ^^^^^^^^^^^^^^^^^^^^^^^^^
/root/.venv/lib/python3.11/site-packages/requests/sessions.py:484: in prepare_request
    p.prepare(
/root/.venv/lib/python3.11/site-packages/requests/models.py:367: in prepare
    self.prepare_url(url, params)
/root/.venv/lib/python3.11/site-packages/requests/models.py:438: in prepare_url
    raise MissingSchema(
E   requests.exceptions.MissingSchema: Invalid URL '/api/exchange-rate/update': No scheme supplied. Perhaps you meant https:///api/exchange-rate/update?</failure></testcase></testsuite></testsuites>