<?xml version="1.0" encoding="utf-8"?><testsuites name="pytest tests"><testsuite name="pytest" errors="0" failures="0" skipped="0" tests="12" time="4.970" timestamp="2026-02-18T19:14:41.642529+00:00" hostname="agent-env-72a46ee0-1805-47b5-8475-780784f1d3a2"><testcase classname="tests.test_integration_hardware_quotes.TestHardwareEndpoint" name="test_get_hardware_returns_200" time="0.819" /><testcase classname="tests.test_integration_hardware_quotes.TestHardwareEndpoint" name="test_hardware_has_pinpad_type" time="0.414" /><testcase classname="tests.test_integration_hardware_quotes.TestHardwareEndpoint" name="test_hardware_has_required_fields" time="0.234" /><testcase classname="tests.test_integration_hardware_quotes.TestIntegratorsEndpoint" name="test_get_integrators_returns_200" time="0.545" /><testcase classname="tests.test_integration_hardware_quotes.TestIntegratorsEndpoint" name="test_integrators_have_certificado_status" time="0.229" /><testcase classname="tests.test_integration_hardware_quotes.TestIntegratorsEndpoint" name="test_integrators_have_required_fields" time="0.267" /><testcase classname="tests.test_integration_hardware_quotes.TestBanksEndpoint" name="test_get_banks_returns_200" time="0.211" /><testcase classname="tests.test_integration_hardware_quotes.TestBanksEndpoint" name="test_banks_have_required_fields" time="0.234" /><testcase classname="tests.test_integration_hardware_quotes.TestQuotePDFGeneration" name="test_generate_pdf_with_integration_fields" time="0.258" /><testcase classname="tests.test_integration_hardware_quotes.TestQuotePDFGeneration" name="test_generate_pdf_without_integration_fields" time="0.295" /><testcase classname="tests.test_integration_hardware_quotes.TestQuoteDataValidation" name="test_quote_type_options" time="0.428" /><testcase classname="tests.test_integration_hardware_quotes.TestQuoteDataValidation" name="test_clients_available" time="0.167" /></testsuite></testsuites>