<?xml version="1.0" encoding="utf-8"?><testsuites name="pytest tests"><testsuite name="pytest" errors="0" failures="0" skipped="0" tests="17" time="14.463" timestamp="2026-04-01T05:03:52.368044+00:00" hostname="agent-env-7b6ec94c-1629-4b84-873e-4bbb6e117852"><testcase classname="backend.tests.test_iteration142_project_template_vars.TestProjectTemplateVariables" name="test_get_template_variables_returns_all_variables" time="1.653" /><testcase classname="backend.tests.test_iteration142_project_template_vars.TestProjectTemplateVariables" name="test_nombre_cliente_resolves_to_razon_social" time="0.705" /><testcase classname="backend.tests.test_iteration142_project_template_vars.TestProjectTemplateVariables" name="test_integrador_resolves_to_integrator_name" time="0.743" /><testcase classname="backend.tests.test_iteration142_project_template_vars.TestProjectTemplateVariables" name="test_nombre_sucursal_resolves_for_multistore" time="0.683" /><testcase classname="backend.tests.test_iteration142_project_template_vars.TestProjectTemplateVariables" name="test_cantidad_cajas_resolves_for_multistore" time="0.681" /><testcase classname="backend.tests.test_iteration142_project_template_vars.TestProjectTemplateVariables" name="test_matriz_bancos_productos_generates_html_table" time="0.679" /><testcase classname="backend.tests.test_iteration142_project_template_vars.TestProjectTemplateVariables" name="test_available_tags_includes_all_variables" time="0.682" /><testcase classname="backend.tests.test_iteration142_project_template_vars.TestPreviewNotification" name="test_preview_client_notification" time="0.677" /><testcase classname="backend.tests.test_iteration142_project_template_vars.TestPreviewNotification" name="test_preview_bank_notification" time="1.347" /><testcase classname="backend.tests.test_iteration142_project_template_vars.TestPreviewNotification" name="test_preview_notification_invalid_level" time="0.688" /><testcase classname="backend.tests.test_iteration142_project_template_vars.TestPreviewAdhocEmail" name="test_preview_adhoc_email_renders_variables" time="0.680" /><testcase classname="backend.tests.test_iteration142_project_template_vars.TestPreviewAdhocEmail" name="test_preview_adhoc_email_with_matrix" time="0.678" /><testcase classname="backend.tests.test_iteration142_project_template_vars.TestPreviewAdhocEmail" name="test_preview_adhoc_email_without_matrix" time="0.680" /><testcase classname="backend.tests.test_iteration142_project_template_vars.TestContactoPrincipal" name="test_contacto_principal_resolves_to_first_contact" time="0.666" /><testcase classname="backend.tests.test_iteration142_project_template_vars.TestRBACAnalistaReparaciones" name="test_analista_login_has_special_permissions" time="1.677" /><testcase classname="backend.tests.test_iteration142_project_template_vars.TestProjectExists" name="test_project_exists" time="0.682" /><testcase classname="backend.tests.test_iteration142_project_template_vars.TestProjectExists" name="test_project_is_multistore" time="0.688" /></testsuite></testsuites>