<?xml version="1.0" encoding="utf-8"?><testsuites name="pytest tests"><testsuite name="pytest" errors="0" failures="0" skipped="0" tests="20" time="95.152" timestamp="2026-03-16T13:41:04.424802+00:00" hostname="agent-env-10ae3c18-25b8-4acd-b54a-1db544e9f3b4"><testcase classname="tests.test_iteration104_delivery_pdf_regression.TestDeliveryPDFRegression" name="test_01_user_registration" time="1.277" /><testcase classname="tests.test_iteration104_delivery_pdf_regression.TestDeliveryPDFRegression" name="test_02_user_login" time="0.953" /><testcase classname="tests.test_iteration104_delivery_pdf_regression.TestDeliveryPDFRegression" name="test_03_create_pos_hardware" time="1.715" /><testcase classname="tests.test_iteration104_delivery_pdf_regression.TestDeliveryPDFRegression" name="test_04_list_hardware" time="1.419" /><testcase classname="tests.test_iteration104_delivery_pdf_regression.TestDeliveryPDFRegression" name="test_05_create_warehouse" time="1.468" /><testcase classname="tests.test_iteration104_delivery_pdf_regression.TestDeliveryPDFRegression" name="test_06_list_warehouses" time="1.423" /><testcase classname="tests.test_iteration104_delivery_pdf_regression.TestDeliveryPDFRegression" name="test_07_inventory_entry_with_serials" time="2.861" /><testcase classname="tests.test_iteration104_delivery_pdf_regression.TestDeliveryPDFRegression" name="test_08_verify_stock_with_serials" time="2.159" /><testcase classname="tests.test_iteration104_delivery_pdf_regression.TestDeliveryPDFRegression" name="test_09_create_client" time="1.415" /><testcase classname="tests.test_iteration104_delivery_pdf_regression.TestDeliveryPDFRegression" name="test_10_list_clients" time="2.142" /><testcase classname="tests.test_iteration104_delivery_pdf_regression.TestDeliveryPDFRegression" name="test_11_create_equipment_quote" time="3.468" /><testcase classname="tests.test_iteration104_delivery_pdf_regression.TestDeliveryPDFRegression" name="test_12_delivery_prep_endpoint" time="6.938" /><testcase classname="tests.test_iteration104_delivery_pdf_regression.TestDeliveryPDFRegression" name="test_13_delivery_prep_with_warehouse_returns_stock" time="7.559" /><testcase classname="tests.test_iteration104_delivery_pdf_regression.TestDeliveryPDFRegression" name="test_14_execute_delivery_generates_pdf" time="6.919" /><testcase classname="tests.test_iteration104_delivery_pdf_regression.TestDeliveryPDFRegression" name="test_15_delivery_with_items_generates_pdf_url" time="8.548" /><testcase classname="tests.test_iteration104_delivery_pdf_regression.TestDeliveryPDFRegression" name="test_16_pdf_download_accessible" time="8.960" /><testcase classname="tests.test_iteration104_delivery_pdf_regression.TestDeliveryPDFRegression" name="test_17_multipage_pdf_many_items" time="29.984" /><testcase classname="tests.test_iteration104_delivery_pdf_regression.TestDeliveryPDFRegression" name="test_18_kardex_endpoint" time="2.955" /><testcase classname="tests.test_iteration104_delivery_pdf_regression.TestDeliveryPDFRegression" name="test_19_search_by_client" time="1.393" /><testcase classname="tests.test_iteration104_delivery_pdf_regression.TestDeliveryPDFRegression" name="test_20_search_by_client_minimum_chars" time="1.380" /></testsuite></testsuites>