<?xml version="1.0" encoding="utf-8"?><testsuites name="pytest tests"><testsuite name="pytest" errors="0" failures="0" skipped="3" tests="7" time="2.233" timestamp="2026-02-20T14:43:19.444254+00:00" hostname="agent-env-9c976633-6c4a-4fac-9d21-4fd778693ec9"><testcase classname="tests.test_iteration23_optional_fields_and_delete.TestDeleteQuoteAnyState" name="test_delete_quote_in_borrador_state" time="0.338"><skipped type="pytest.skip" message="No valid session available - skipping authenticated tests">/app/backend/tests/test_iteration23_optional_fields_and_delete.py:34: No valid session available - skipping authenticated tests</skipped></testcase><testcase classname="tests.test_iteration23_optional_fields_and_delete.TestDeleteQuoteAnyState" name="test_delete_quote_in_enviada_state" time="0.153"><skipped type="pytest.skip" message="No valid session available - skipping authenticated tests">/app/backend/tests/test_iteration23_optional_fields_and_delete.py:71: No valid session available - skipping authenticated tests</skipped></testcase><testcase classname="tests.test_iteration23_optional_fields_and_delete.TestDeleteQuoteAnyState" name="test_delete_quote_in_aprobada_state" time="0.180"><skipped type="pytest.skip" message="No valid session available - skipping authenticated tests">/app/backend/tests/test_iteration23_optional_fields_and_delete.py:110: No valid session available - skipping authenticated tests</skipped></testcase><testcase classname="tests.test_iteration23_optional_fields_and_delete.TestOptionalPinpadAndSponsorBank" name="test_create_quote_without_pinpad_and_sponsor_bank" time="0.448" /><testcase classname="tests.test_iteration23_optional_fields_and_delete.TestOptionalPinpadAndSponsorBank" name="test_create_quote_with_only_integrator" time="0.370" /><testcase classname="tests.test_iteration23_optional_fields_and_delete.TestDeleteEndpointResponse" name="test_delete_nonexistent_quote_returns_404" time="0.186" /><testcase classname="tests.test_iteration23_optional_fields_and_delete.TestDeleteEndpointResponse" name="test_delete_quote_returns_success_message" time="0.368" /></testsuite></testsuites>