<?xml version="1.0" encoding="utf-8"?><testsuites name="pytest tests"><testsuite name="pytest" errors="0" failures="0" skipped="0" tests="9" time="5.272" timestamp="2026-03-06T00:25:12.663695+00:00" hostname="agent-env-333ea837-ba4b-4eec-b893-ee6b86a45232"><testcase classname="backend.tests.test_iteration60_pdf_generation_fix.TestPDFGenerationFix" name="test_vpos_quote_creates_pdf_with_pdf_data" time="0.901" /><testcase classname="backend.tests.test_iteration60_pdf_generation_fix.TestPDFGenerationFix" name="test_pg_quote_creates_pdf_without_pdf_data" time="0.544" /><testcase classname="backend.tests.test_iteration60_pdf_generation_fix.TestPDFGenerationFix" name="test_pdf_download_works" time="0.700" /><testcase classname="backend.tests.test_iteration60_pdf_generation_fix.TestPDFGenerationFix" name="test_get_quote_shows_attachments" time="0.823" /><testcase classname="backend.tests.test_iteration60_pdf_generation_fix.TestPDFGenerationFix" name="test_get_quote_attachments_endpoint" time="0.810" /><testcase classname="backend.tests.test_iteration60_pdf_generation_fix.TestPDFGenerationFix" name="test_latest_vpos_quote_has_pdf" time="0.632" /><testcase classname="backend.tests.test_iteration60_pdf_generation_fix.TestQuoteAPIBasics" name="test_health_check" time="0.108" /><testcase classname="backend.tests.test_iteration60_pdf_generation_fix.TestQuoteAPIBasics" name="test_login_works" time="0.191" /><testcase classname="backend.tests.test_iteration60_pdf_generation_fix.TestQuoteAPIBasics" name="test_quotes_list_endpoint" time="0.302" /></testsuite></testsuites>