<?xml version="1.0" encoding="utf-8"?><testsuites name="pytest tests"><testsuite name="pytest" errors="0" failures="0" skipped="0" tests="10" time="17.093" timestamp="2026-04-01T05:42:13.209687+00:00" hostname="agent-env-7b6ec94c-1629-4b84-873e-4bbb6e117852"><testcase classname="backend.tests.test_iteration143_email_templates_panel.TestEmailTemplatesIteration143" name="test_get_email_templates_includes_project_templates" time="2.126" /><testcase classname="backend.tests.test_iteration143_email_templates_panel.TestEmailTemplatesIteration143" name="test_get_project_notify_client_template" time="1.606" /><testcase classname="backend.tests.test_iteration143_email_templates_panel.TestEmailTemplatesIteration143" name="test_get_project_notify_bank_template" time="1.427" /><testcase classname="backend.tests.test_iteration143_email_templates_panel.TestEmailTemplatesIteration143" name="test_put_email_template_no_405_error" time="2.162" /><testcase classname="backend.tests.test_iteration143_email_templates_panel.TestEmailTemplatesIteration143" name="test_post_email_template_creates_new" time="2.055" /><testcase classname="backend.tests.test_iteration143_email_templates_panel.TestEmailTemplatesIteration143" name="test_template_variables_includes_implementador_vars" time="1.432" /><testcase classname="backend.tests.test_iteration143_email_templates_panel.TestEmailTemplatesIteration143" name="test_preview_notification_resolves_implementador_vars" time="1.474" /><testcase classname="backend.tests.test_iteration143_email_templates_panel.TestEmailTemplatesIteration143" name="test_sede_templates_exist" time="1.625" /><testcase classname="backend.tests.test_iteration143_email_templates_panel.TestEmailTemplatesIteration143" name="test_project_templates_are_global" time="1.622" /><testcase classname="backend.tests.test_iteration143_email_templates_panel.TestEmailTemplatesEditorVariables" name="test_project_notify_client_has_19_variables" time="1.418" /></testsuite></testsuites>