<?xml version="1.0" encoding="utf-8"?><testsuites name="pytest tests"><testsuite name="pytest" errors="0" failures="0" skipped="0" tests="17" time="2.576" timestamp="2026-03-16T20:53:07.270300+00:00" hostname="agent-env-10ae3c18-25b8-4acd-b54a-1db544e9f3b4"><testcase classname="backend.tests.test_iteration108_pipeline_mirroring.TestPipelineMirroring" name="test_01_create_new_product_in_pipeline" time="0.585" /><testcase classname="backend.tests.test_iteration108_pipeline_mirroring.TestPipelineMirroring" name="test_02_bank_detail_includes_pipeline_products" time="0.041" /><testcase classname="backend.tests.test_iteration108_pipeline_mirroring.TestPipelineMirroring" name="test_03_advance_product_to_desa" time="0.082" /><testcase classname="backend.tests.test_iteration108_pipeline_mirroring.TestPipelineMirroring" name="test_04_product_visible_in_pipeline_as_desa" time="0.084" /><testcase classname="backend.tests.test_iteration108_pipeline_mirroring.TestPipelineMirroring" name="test_05_advance_product_to_sqa" time="0.094" /><testcase classname="backend.tests.test_iteration108_pipeline_mirroring.TestPipelineMirroring" name="test_06_product_visible_in_pipeline_as_sqa" time="0.085" /><testcase classname="backend.tests.test_iteration108_pipeline_mirroring.TestHandoffAndBidirectionalLink" name="test_07_advance_to_imple_triggers_handoff" time="0.088" /><testcase classname="backend.tests.test_iteration108_pipeline_mirroring.TestHandoffAndBidirectionalLink" name="test_08_integration_has_source_product_id" time="0.078" /><testcase classname="backend.tests.test_iteration108_pipeline_mirroring.TestHandoffAndBidirectionalLink" name="test_09_product_not_in_pipeline_after_promotion" time="0.080" /><testcase classname="backend.tests.test_iteration108_pipeline_mirroring.TestPhaseAValidation" name="test_10_create_product_for_phase_a_validation" time="0.165" /><testcase classname="backend.tests.test_iteration108_pipeline_mirroring.TestPhaseAValidation" name="test_11_manually_create_integration_with_source_product" time="0.078" /><testcase classname="backend.tests.test_iteration108_pipeline_mirroring.TestPhaseAValidation" name="test_12_phase_b_status_change_allowed" time="0.080" /><testcase classname="backend.tests.test_iteration108_pipeline_mirroring.TestPhaseAValidation" name="test_13_verify_bidirectional_sync_updates_product" time="0.082" /><testcase classname="backend.tests.test_iteration108_pipeline_mirroring.TestPhaseABlockingValidation" name="test_14_create_product_stay_in_desa" time="0.168" /><testcase classname="backend.tests.test_iteration108_pipeline_mirroring.TestPhaseABlockingValidation" name="test_15_promote_to_get_integration_then_rollback_product" time="0.168" /><testcase classname="backend.tests.test_iteration108_pipeline_mirroring.TestPhaseABlockingValidation" name="test_16_verify_integration_created_correctly" time="0.043" /><testcase classname="backend.tests.test_iteration108_pipeline_mirroring.TestCleanup" name="test_99_cleanup_test_products" time="0.404" /></testsuite></testsuites>