<?xml version="1.0" encoding="utf-8"?><testsuites name="pytest tests"><testsuite name="pytest" errors="0" failures="0" skipped="0" tests="14" time="12.104" timestamp="2026-03-07T03:38:23.174679+00:00" hostname="agent-env-77dab282-e054-438d-a995-b31d863a7ffc"><testcase classname="backend.tests.test_iteration67_matrix_fix.TestProjectMatrixFix" name="test_projects_list_returns_data" time="2.426" /><testcase classname="backend.tests.test_iteration67_matrix_fix.TestProjectMatrixFix" name="test_matrix_contains_only_additional_items" time="0.921" /><testcase classname="backend.tests.test_iteration67_matrix_fix.TestProjectMatrixFix" name="test_matrix_excludes_recurring_items" time="0.683" /><testcase classname="backend.tests.test_iteration67_matrix_fix.TestProjectMatrixFix" name="test_specific_project_prj_27c658a31dd2" time="0.657" /><testcase classname="backend.tests.test_iteration67_matrix_fix.TestProjectStats" name="test_stats_endpoint" time="0.659" /><testcase classname="backend.tests.test_iteration67_matrix_fix.TestMigrateMatrix" name="test_migrate_endpoint_works" time="0.668" /><testcase classname="backend.tests.test_iteration67_matrix_fix.TestMatrixPhaseUpdate" name="test_update_phase_valid" time="1.322" /><testcase classname="backend.tests.test_iteration67_matrix_fix.TestMatrixPhaseUpdate" name="test_update_phase_invalid_phase" time="0.654" /><testcase classname="backend.tests.test_iteration67_matrix_fix.TestMatrixPhaseUpdate" name="test_verify_phase_persisted" time="0.672" /><testcase classname="backend.tests.test_iteration67_matrix_fix.TestAllPhasesValid" name="test_each_phase[Notificado]" time="0.653" /><testcase classname="backend.tests.test_iteration67_matrix_fix.TestAllPhasesValid" name="test_each_phase[Recibido]" time="0.661" /><testcase classname="backend.tests.test_iteration67_matrix_fix.TestAllPhasesValid" name="test_each_phase[Configurado]" time="0.662" /><testcase classname="backend.tests.test_iteration67_matrix_fix.TestAllPhasesValid" name="test_each_phase[Testeado]" time="0.661" /><testcase classname="backend.tests.test_iteration67_matrix_fix.TestAllPhasesValid" name="test_each_phase[En Producci\xf3n]" time="0.654" /></testsuite></testsuites>