<?xml version="1.0" encoding="utf-8"?><testsuites name="pytest tests"><testsuite name="pytest" errors="0" failures="0" skipped="0" tests="10" time="15.423" timestamp="2026-03-09T19:47:43.990989+00:00" hostname="agent-env-e384f246-1de9-4a0c-99c9-0a5a3ed5962b"><testcase classname="backend.tests.test_iteration83_project_actions.TestProjectActions" name="test_01_get_projects" time="1.885" /><testcase classname="backend.tests.test_iteration83_project_actions.TestProjectActions" name="test_02_get_project_stats" time="0.705" /><testcase classname="backend.tests.test_iteration83_project_actions.TestProjectActions" name="test_03_get_implementers_list" time="0.720" /><testcase classname="backend.tests.test_iteration83_project_actions.TestProjectActions" name="test_04_get_project_by_id" time="1.370" /><testcase classname="backend.tests.test_iteration83_project_actions.TestProjectActions" name="test_05_status_change_endpoint_validation" time="1.447" /><testcase classname="backend.tests.test_iteration83_project_actions.TestProjectActions" name="test_06_status_change_with_full_payload" time="2.761" /><testcase classname="backend.tests.test_iteration83_project_actions.TestProjectActions" name="test_07_assign_endpoint_with_full_payload" time="2.845" /><testcase classname="backend.tests.test_iteration83_project_actions.TestProjectActions" name="test_08_verify_notes_contain_reassignment_info" time="1.426" /><testcase classname="backend.tests.test_iteration83_project_actions.TestProjectActions" name="test_09_project_not_found" time="0.720" /><testcase classname="backend.tests.test_iteration83_project_actions.TestProjectActions" name="test_10_implementer_not_found" time="1.400" /></testsuite></testsuites>