<?xml version="1.0" encoding="utf-8"?><testsuites name="pytest tests"><testsuite name="pytest" errors="0" failures="1" skipped="0" tests="11" time="3.407" timestamp="2026-02-26T01:14:16.868145+00:00" hostname="agent-env-197bde30-ceee-44fd-8c55-b05143686dd1"><testcase classname="backend.tests.test_pg_gateway_filter_outsourcing_pricing.TestGatewayAvailableFiltering" name="test_banks_have_gateway_available_flag" time="0.960" /><testcase classname="backend.tests.test_pg_gateway_filter_outsourcing_pricing.TestGatewayAvailableFiltering" name="test_banco_de_venezuela_gateway_products" time="0.110" /><testcase classname="backend.tests.test_pg_gateway_filter_outsourcing_pricing.TestGatewayAvailableFiltering" name="test_banco_mercantil_gateway_products" time="0.156" /><testcase classname="backend.tests.test_pg_gateway_filter_outsourcing_pricing.TestServicesOutsourcingPricing" name="test_services_have_gateway_enabled_flag" time="0.332" /><testcase classname="backend.tests.test_pg_gateway_filter_outsourcing_pricing.TestServicesOutsourcingPricing" name="test_persona_juridica_outsourcing_price" time="0.208" /><testcase classname="backend.tests.test_pg_gateway_filter_outsourcing_pricing.TestServicesOutsourcingPricing" name="test_tdc_outsourcing_price" time="0.139" /><testcase classname="backend.tests.test_pg_gateway_filter_outsourcing_pricing.TestServicesOutsourcingPricing" name="test_p2c_outsourcing_price" time="0.124" /><testcase classname="backend.tests.test_pg_gateway_filter_outsourcing_pricing.TestServicesOutsourcingPricing" name="test_c2p_outsourcing_price" time="0.105" /><testcase classname="backend.tests.test_pg_gateway_filter_outsourcing_pricing.TestPgDefaultsEndpoint" name="test_pg_defaults_returns_persona_juridica" time="0.263" /><testcase classname="backend.tests.test_pg_gateway_filter_outsourcing_pricing.TestPGQuoteCreationWithOutsourcingPrices" name="test_create_pg_quote_with_outsourcing_prices" time="0.543"><failure message="AssertionError: Quote ID not returned&#10;assert None is not None">backend/tests/test_pg_gateway_filter_outsourcing_pricing.py:280: in test_create_pg_quote_with_outsourcing_prices
    assert quote_id is not None, "Quote ID not returned"
E   AssertionError: Quote ID not returned
E   assert None is not None</failure></testcase><testcase classname="backend.tests.test_pg_gateway_filter_outsourcing_pricing.TestVPOSMPOSRegression" name="test_banks_have_vpos_available_products" time="0.228" /></testsuite></testsuites>