<?xml version="1.0" encoding="utf-8"?><testsuites name="pytest tests"><testsuite name="pytest" errors="0" failures="0" skipped="0" tests="18" time="2.149" timestamp="2026-04-16T17:33:01.771153+00:00" hostname="agent-env-87fe3970-0b5c-4295-9396-d56d745005c3"><testcase classname="backend.tests.test_iteration167_repair_flow.TestRepairSuppliesEndpoint" name="test_repair_supplies_returns_200" time="0.382" /><testcase classname="backend.tests.test_iteration167_repair_flow.TestRepairSuppliesEndpoint" name="test_repair_supplies_returns_list" time="0.190" /><testcase classname="backend.tests.test_iteration167_repair_flow.TestRepairSuppliesEndpoint" name="test_repair_supplies_item_structure" time="0.197" /><testcase classname="backend.tests.test_iteration167_repair_flow.TestRepairSuppliesEndpoint" name="test_repair_supplies_filters_correct_types" time="0.139" /><testcase classname="backend.tests.test_iteration167_repair_flow.TestRepairQuoteInvoice" name="test_get_repair_quote_for_invoice_test" time="0.119" /><testcase classname="backend.tests.test_iteration167_repair_flow.TestRepairQuoteInvoice" name="test_email_templates_repair_invoice_exist" time="0.135" /><testcase classname="backend.tests.test_iteration167_repair_flow.TestRepairQuoteCollect" name="test_email_templates_repair_collect_warehouse_exist" time="0.157" /><testcase classname="backend.tests.test_iteration167_repair_flow.TestRepairDeliverEndpoint" name="test_repair_delivery_prep_endpoint" time="0.320" /><testcase classname="backend.tests.test_iteration167_repair_flow.TestConfigEmailsBySede" name="test_config_has_emails_by_sede" time="0.155" /><testcase classname="backend.tests.test_iteration167_repair_flow.TestWarehousesTBP" name="test_warehouse_tbp_exists" time="0.132" /><testcase classname="backend.tests.test_iteration167_repair_flow.TestFrontendRepairDeliveryDialogFields" name="test_repair_delivery_dialog_has_invoice_field" time="0.001" /><testcase classname="backend.tests.test_iteration167_repair_flow.TestFrontendRepairDeliveryDialogFields" name="test_repair_delivery_dialog_has_supplies_selector" time="0.001" /><testcase classname="backend.tests.test_iteration167_repair_flow.TestFrontendRepairDeliveryDialogFields" name="test_repair_delivery_dialog_has_add_remove_supply" time="0.001" /><testcase classname="backend.tests.test_iteration167_repair_flow.TestBackendCodeReview" name="test_invoice_repair_uses_correct_template" time="0.001" /><testcase classname="backend.tests.test_iteration167_repair_flow.TestBackendCodeReview" name="test_invoice_repair_sends_to_operations" time="0.001" /><testcase classname="backend.tests.test_iteration167_repair_flow.TestBackendCodeReview" name="test_collect_repair_uses_correct_template" time="0.001" /><testcase classname="backend.tests.test_iteration167_repair_flow.TestBackendCodeReview" name="test_repair_deliver_accepts_invoice_and_supplies" time="0.001" /><testcase classname="backend.tests.test_iteration167_repair_flow.TestBackendCodeReview" name="test_repair_deliver_registers_inventory_exits" time="0.001" /></testsuite></testsuites>