<?xml version="1.0" encoding="utf-8"?><testsuites name="pytest tests"><testsuite name="pytest" errors="0" failures="0" skipped="0" tests="9" time="8.803" timestamp="2026-03-10T15:00:02.807444+00:00" hostname="agent-env-aa74ce23-a3ef-4786-a117-f450c5572dc5"><testcase classname="backend.tests.test_iteration86_equipment_pdf_bugs.TestEquipmentQuotePDFBugs" name="test_01_generate_equipment_pdf_returns_pdf_content_type" time="1.001" /><testcase classname="backend.tests.test_iteration86_equipment_pdf_bugs.TestEquipmentQuotePDFBugs" name="test_02_generate_equipment_pdf_has_quote_headers" time="1.025" /><testcase classname="backend.tests.test_iteration86_equipment_pdf_bugs.TestEquipmentQuotePDFBugs" name="test_03_generate_equipment_pdf_creates_quote_in_db" time="0.815" /><testcase classname="backend.tests.test_iteration86_equipment_pdf_bugs.TestEquipmentQuotePDFBugs" name="test_04_generate_equipment_pdf_creates_attachment" time="0.842" /><testcase classname="backend.tests.test_iteration86_equipment_pdf_bugs.TestEquipmentQuotePDFBugs" name="test_05_pdf_file_exists_on_server" time="1.122" /><testcase classname="backend.tests.test_iteration86_equipment_pdf_bugs.TestEquipmentQuotePDFBugs" name="test_06_accessory_type_pdf_generation" time="1.050" /><testcase classname="backend.tests.test_iteration86_equipment_pdf_bugs.TestEquipmentQuotePDFBugs" name="test_07_repair_type_pdf_generation" time="1.250" /><testcase classname="backend.tests.test_iteration86_equipment_pdf_bugs.TestEquipmentQuotePDFBugs" name="test_08_pinpad_type_pdf_generation" time="1.208" /><testcase classname="backend.tests.test_iteration86_equipment_pdf_bugs.TestQuotesListWithEquipmentQuotes" name="test_equipment_quotes_in_list" time="0.318" /></testsuite></testsuites>