<?xml version="1.0" encoding="utf-8"?><testsuites name="pytest tests"><testsuite name="pytest" errors="0" failures="0" skipped="0" tests="7" time="22.117" timestamp="2026-04-22T02:24:20.352292+00:00" hostname="agent-env-f863f4e0-6eef-4132-8cf9-799e057ab9e5"><testcase classname="backend.tests.test_iteration177_email_footer.TestEmailFooterEndpoints" name="test_get_email_footer_returns_200_with_schema" time="0.286" /><testcase classname="backend.tests.test_iteration177_email_footer.TestEmailFooterEndpoints" name="test_put_email_footer_admin_persists_and_returns_metadata" time="0.370" /><testcase classname="backend.tests.test_iteration177_email_footer.TestEmailFooterEndpoints" name="test_put_email_footer_rejects_non_admin" time="0.336" /><testcase classname="backend.tests.test_iteration177_email_footer.TestEmailFooterEndpoints" name="test_preview_resolves_variables" time="0.101" /><testcase classname="backend.tests.test_iteration177_email_footer.TestFooterInjectionInEmails" name="test_footer_injection_via_send_email_unit" time="5.741" /><testcase classname="backend.tests.test_iteration177_email_footer.TestFooterInjectionInEmails" name="test_footer_injection_via_email_logs_quote" time="14.548" /><testcase classname="backend.tests.test_iteration177_email_footer.TestFooterInjectionInEmails" name="test_cache_invalidation_after_put" time="0.606" /></testsuite></testsuites>