<?xml version="1.0" encoding="utf-8"?><testsuites name="pytest tests"><testsuite name="pytest" errors="0" failures="0" skipped="0" tests="8" time="4.282" timestamp="2026-04-05T14:21:25.759524+00:00" hostname="agent-env-c405c1a4-c07e-4331-8623-59552b8095c7"><testcase classname="backend.tests.test_iteration158_referidor_feature.TestReferidorOptions" name="test_referidor_options_returns_banks_and_clients" time="0.259" /><testcase classname="backend.tests.test_iteration158_referidor_feature.TestCreateClientWithReferidor" name="test_create_client_with_referidor_tipo_banco" time="0.287" /><testcase classname="backend.tests.test_iteration158_referidor_feature.TestCreateClientWithReferidor" name="test_create_client_with_referidor_tipo_cliente" time="0.541" /><testcase classname="backend.tests.test_iteration158_referidor_feature.TestCreateClientWithReferidor" name="test_create_client_with_referidor_tipo_otro" time="0.349" /><testcase classname="backend.tests.test_iteration158_referidor_feature.TestUpdateClientReferidor" name="test_update_client_referidor_tipo" time="0.635" /><testcase classname="backend.tests.test_iteration158_referidor_feature.TestGetClientWithReferidor" name="test_get_client_returns_referidor_fields" time="0.392" /><testcase classname="backend.tests.test_iteration158_referidor_feature.TestImportTemplateReferidorColumns" name="test_template_has_referidor_columns" time="1.069" /><testcase classname="backend.tests.test_iteration158_referidor_feature.TestImportWithReferidorValidation" name="test_import_with_banco_referidor" time="0.577" /></testsuite></testsuites>