<?xml version="1.0" encoding="utf-8"?><testsuites name="pytest tests"><testsuite name="pytest" errors="0" failures="0" skipped="0" tests="15" time="2.907" timestamp="2026-02-22T00:36:33.993245+00:00" hostname="agent-env-17d71f1c-fa33-49b8-ad09-a0402e99b5d7"><testcase classname="backend.tests.test_delete_referential_integrity.TestDeleteReferentialIntegrity" name="test_delete_client_without_quotes" time="0.623" /><testcase classname="backend.tests.test_delete_referential_integrity.TestDeleteReferentialIntegrity" name="test_delete_bank_without_quotes" time="0.235" /><testcase classname="backend.tests.test_delete_referential_integrity.TestDeleteReferentialIntegrity" name="test_delete_service_without_quotes" time="0.258" /><testcase classname="backend.tests.test_delete_referential_integrity.TestDeleteReferentialIntegrity" name="test_delete_hardware_without_quotes" time="0.219" /><testcase classname="backend.tests.test_delete_referential_integrity.TestDeleteReferentialIntegrity" name="test_delete_integrator_without_quotes" time="0.201" /><testcase classname="backend.tests.test_delete_referential_integrity.TestDeleteAPIEndpoints" name="test_delete_nonexistent_client" time="0.083" /><testcase classname="backend.tests.test_delete_referential_integrity.TestDeleteAPIEndpoints" name="test_delete_nonexistent_bank" time="0.100" /><testcase classname="backend.tests.test_delete_referential_integrity.TestDeleteAPIEndpoints" name="test_delete_nonexistent_service" time="0.084" /><testcase classname="backend.tests.test_delete_referential_integrity.TestDeleteAPIEndpoints" name="test_delete_nonexistent_hardware" time="0.100" /><testcase classname="backend.tests.test_delete_referential_integrity.TestDeleteAPIEndpoints" name="test_delete_nonexistent_integrator" time="0.104" /><testcase classname="backend.tests.test_delete_referential_integrity.TestCRUDEndpoints" name="test_clients_api" time="0.118" /><testcase classname="backend.tests.test_delete_referential_integrity.TestCRUDEndpoints" name="test_banks_api" time="0.150" /><testcase classname="backend.tests.test_delete_referential_integrity.TestCRUDEndpoints" name="test_services_api" time="0.214" /><testcase classname="backend.tests.test_delete_referential_integrity.TestCRUDEndpoints" name="test_hardware_api" time="0.082" /><testcase classname="backend.tests.test_delete_referential_integrity.TestCRUDEndpoints" name="test_integrators_api" time="0.196" /></testsuite></testsuites>