<?xml version="1.0" encoding="utf-8"?><testsuites name="pytest tests"><testsuite name="pytest" errors="0" failures="0" skipped="15" tests="18" time="4.833" timestamp="2026-02-19T16:17:09.599382+00:00" hostname="agent-env-811ed48d-cc20-4fb8-988a-08746c15e1c0"><testcase classname="backend.tests.test_iteration18_email_templates.TestEmailTemplatesEndpoints" name="test_get_email_templates_requires_auth" time="0.562" /><testcase classname="backend.tests.test_iteration18_email_templates.TestEmailTemplatesEndpoints" name="test_get_email_templates_returns_4_templates" time="0.895"><skipped type="pytest.skip" message="Authentication required - token expired">/app/backend/tests/test_iteration18_email_templates.py:61: Authentication required - token expired</skipped></testcase><testcase classname="backend.tests.test_iteration18_email_templates.TestEmailTemplatesEndpoints" name="test_get_email_templates_has_required_fields" time="0.235"><skipped type="pytest.skip" message="Authentication required - token expired">/app/backend/tests/test_iteration18_email_templates.py:80: Authentication required - token expired</skipped></testcase><testcase classname="backend.tests.test_iteration18_email_templates.TestEmailTemplatesEndpoints" name="test_get_single_email_template" time="0.185"><skipped type="pytest.skip" message="Authentication required - token expired">/app/backend/tests/test_iteration18_email_templates.py:96: Authentication required - token expired</skipped></testcase><testcase classname="backend.tests.test_iteration18_email_templates.TestEmailTemplatesEndpoints" name="test_get_nonexistent_template_returns_404" time="0.212"><skipped type="pytest.skip" message="Authentication required - token expired">/app/backend/tests/test_iteration18_email_templates.py:110: Authentication required - token expired</skipped></testcase><testcase classname="backend.tests.test_iteration18_email_templates.TestEmailTemplatesEndpoints" name="test_update_email_template" time="0.223"><skipped type="pytest.skip" message="Authentication required - token expired">/app/backend/tests/test_iteration18_email_templates.py:121: Authentication required - token expired</skipped></testcase><testcase classname="backend.tests.test_iteration18_email_templates.TestEmailTemplatesEndpoints" name="test_update_template_requires_matching_id" time="0.200"><skipped type="pytest.skip" message="Authentication required - token expired">/app/backend/tests/test_iteration18_email_templates.py:163: Authentication required - token expired</skipped></testcase><testcase classname="backend.tests.test_iteration18_email_templates.TestEmailTemplatesEndpoints" name="test_reset_email_template" time="0.269"><skipped type="pytest.skip" message="Authentication required - token expired">/app/backend/tests/test_iteration18_email_templates.py:175: Authentication required - token expired</skipped></testcase><testcase classname="backend.tests.test_iteration18_email_templates.TestEmailTemplatesEndpoints" name="test_reset_nonexistent_template_returns_404" time="0.079"><skipped type="pytest.skip" message="Authentication required - token expired">/app/backend/tests/test_iteration18_email_templates.py:196: Authentication required - token expired</skipped></testcase><testcase classname="backend.tests.test_iteration18_email_templates.TestQuoteUpdateEndpoint" name="test_update_quote_requires_auth" time="0.134" /><testcase classname="backend.tests.test_iteration18_email_templates.TestQuoteUpdateEndpoint" name="test_update_quote_in_draft_status" time="0.440"><skipped type="pytest.skip" message="Authentication required - token expired">/app/backend/tests/test_iteration18_email_templates.py:219: Authentication required - token expired</skipped></testcase><testcase classname="backend.tests.test_iteration18_email_templates.TestQuoteUpdateEndpoint" name="test_update_quote_non_draft_fails" time="0.177"><skipped type="pytest.skip" message="Authentication required - token expired">/app/backend/tests/test_iteration18_email_templates.py:257: Authentication required - token expired</skipped></testcase><testcase classname="backend.tests.test_iteration18_email_templates.TestQuoteDuplicateEndpoint" name="test_duplicate_quote_requires_auth" time="0.374" /><testcase classname="backend.tests.test_iteration18_email_templates.TestQuoteDuplicateEndpoint" name="test_duplicate_quote_creates_new_version" time="0.082"><skipped type="pytest.skip" message="Authentication required - token expired">/app/backend/tests/test_iteration18_email_templates.py:297: Authentication required - token expired</skipped></testcase><testcase classname="backend.tests.test_iteration18_email_templates.TestQuoteDuplicateEndpoint" name="test_duplicate_nonexistent_quote_returns_404" time="0.096"><skipped type="pytest.skip" message="Authentication required - token expired">/app/backend/tests/test_iteration18_email_templates.py:339: Authentication required - token expired</skipped></testcase><testcase classname="backend.tests.test_iteration18_email_templates.TestTemplateVariables" name="test_quote_sent_template_has_correct_variables" time="0.179"><skipped type="pytest.skip" message="Authentication required - token expired">/app/backend/tests/test_iteration18_email_templates.py:352: Authentication required - token expired</skipped></testcase><testcase classname="backend.tests.test_iteration18_email_templates.TestTemplateVariables" name="test_implementation_template_has_technical_variables" time="0.124"><skipped type="pytest.skip" message="Authentication required - token expired">/app/backend/tests/test_iteration18_email_templates.py:368: Authentication required - token expired</skipped></testcase><testcase classname="backend.tests.test_iteration18_email_templates.TestTemplateVariables" name="test_warehouse_template_has_delivery_variables" time="0.195"><skipped type="pytest.skip" message="Authentication required - token expired">/app/backend/tests/test_iteration18_email_templates.py:383: Authentication required - token expired</skipped></testcase></testsuite></testsuites>