<?xml version="1.0" encoding="utf-8"?><testsuites name="pytest tests"><testsuite name="pytest" errors="0" failures="1" skipped="0" tests="13" time="7.244" timestamp="2026-02-25T14:38:11.815505+00:00" hostname="agent-env-7025ab56-8b32-4848-90cd-21cc089d636c"><testcase classname="backend.tests.test_clients_import.TestClientImportTemplate" name="test_template_endpoint_returns_excel" time="2.704" /><testcase classname="backend.tests.test_clients_import.TestClientImportTemplate" name="test_template_has_three_sheets" time="1.352" /><testcase classname="backend.tests.test_clients_import.TestClientImportTemplate" name="test_plantilla_sheet_has_required_columns" time="0.208" /><testcase classname="backend.tests.test_clients_import.TestClientImportTemplate" name="test_plantilla_sheet_has_sample_data" time="0.220" /><testcase classname="backend.tests.test_clients_import.TestClientImportTemplate" name="test_valores_validos_has_segments_and_roles" time="0.238" /><testcase classname="backend.tests.test_clients_import.TestClientImportValidation" name="test_import_valid_client" time="0.303" /><testcase classname="backend.tests.test_clients_import.TestClientImportValidation" name="test_import_validates_rif_sucursal_unique_key" time="0.429" /><testcase classname="backend.tests.test_clients_import.TestClientImportValidation" name="test_import_allows_same_rif_different_sucursal" time="0.385" /><testcase classname="backend.tests.test_clients_import.TestClientImportValidation" name="test_import_validates_required_fields" time="0.159" /><testcase classname="backend.tests.test_clients_import.TestClientImportValidation" name="test_import_validates_nombre_juridico_required" time="0.163" /><testcase classname="backend.tests.test_clients_import.TestClientImportValidation" name="test_import_creates_crm_contacts" time="0.237"><failure message="AssertionError: assert 'error' == 'success'&#10;  &#10;  - success&#10;  + error">backend/tests/test_clients_import.py:322: in test_import_creates_crm_contacts
    assert result['status'] == 'success'
E   AssertionError: assert 'error' == 'success'
E     
E     - success
E     + error</failure></testcase><testcase classname="backend.tests.test_clients_import.TestClientImportValidation" name="test_import_returns_detailed_error_result" time="0.173" /><testcase classname="backend.tests.test_clients_import.TestClientImportIntegration" name="test_download_template_then_import" time="0.363" /></testsuite></testsuites>