<?xml version="1.0" encoding="utf-8"?><testsuites name="pytest tests"><testsuite name="pytest" errors="0" failures="0" skipped="0" tests="12" time="40.480" timestamp="2026-04-03T01:41:26.215091+00:00" hostname="agent-env-3a1ff8c5-d6d5-4d21-afaa-7fda199909ed"><testcase classname="tests.test_iteration149_variable_resolution.TestVariableResolutionBugFix" name="test_custom_html_nombre_cliente_resolved" time="4.772" /><testcase classname="tests.test_iteration149_variable_resolution.TestVariableResolutionBugFix" name="test_custom_html_nombre_implementador_resolved" time="3.743" /><testcase classname="tests.test_iteration149_variable_resolution.TestVariableResolutionBugFix" name="test_custom_html_lista_vtid_resolved" time="4.086" /><testcase classname="tests.test_iteration149_variable_resolution.TestVariableResolutionBugFix" name="test_custom_html_contacto_principal_resolved" time="4.596" /><testcase classname="tests.test_iteration149_variable_resolution.TestVariableResolutionBugFix" name="test_custom_subject_variables_resolved" time="4.661" /><testcase classname="tests.test_iteration149_variable_resolution.TestVariableResolutionBugFix" name="test_html_cleaning_bold_tags_in_variable" time="4.530" /><testcase classname="tests.test_iteration149_variable_resolution.TestVariableResolutionBugFix" name="test_adhoc_email_variables_resolved" time="4.012" /><testcase classname="tests.test_iteration149_variable_resolution.TestVariableResolutionBugFix" name="test_normal_flow_without_custom_html" time="4.481" /><testcase classname="tests.test_iteration149_variable_resolution.TestVariableResolutionBugFix" name="test_datos_contacto_full_info" time="0.247" /><testcase classname="tests.test_iteration149_variable_resolution.TestVariableResolutionBugFix" name="test_correo_implementador_returns_email" time="0.228" /><testcase classname="tests.test_iteration149_variable_resolution.TestVariableResolutionBugFix" name="test_multiple_variables_all_resolved" time="4.683" /><testcase classname="tests.test_iteration149_variable_resolution.TestCleanHtmlInBraces" name="test_preview_adhoc_cleans_html_in_braces" time="0.232" /></testsuite></testsuites>