<?xml version="1.0" encoding="utf-8"?><testsuites name="pytest tests"><testsuite name="pytest" errors="0" failures="0" skipped="0" tests="9" time="55.220" timestamp="2026-08-07T02:04:25.604836+00:00" hostname="agent-env-9a6efecc-acc4-43fe-b05c-e58b12af4e79"><testcase classname="backend.tests.test_workload_pdf.TestWorkloadPdfBugFix" name="test_no_filters_returns_pdf" time="7.513" /><testcase classname="backend.tests.test_workload_pdf.TestWorkloadPdfBugFix" name="test_no_filters_group_by_type" time="6.458" /><testcase classname="backend.tests.test_workload_pdf.TestWorkloadPdfDateRange" name="test_full_report_baseline" time="7.345" /><testcase classname="backend.tests.test_workload_pdf.TestWorkloadPdfDateRange" name="test_range_with_data_smaller_than_full" time="14.693" /><testcase classname="backend.tests.test_workload_pdf.TestWorkloadPdfDateRange" name="test_empty_range_2030_returns_valid_pdf" time="0.597" /><testcase classname="backend.tests.test_workload_pdf.TestWorkloadPdfDateRange" name="test_only_date_from" time="9.669" /><testcase classname="backend.tests.test_workload_pdf.TestWorkloadPdfDateRange" name="test_only_date_to" time="5.458" /><testcase classname="backend.tests.test_workload_pdf.TestWorkloadPdfDateRange" name="test_single_day_range" time="2.454" /><testcase classname="backend.tests.test_workload_pdf.TestWorkloadPdfDateRange" name="test_no_regression_with_status_filter" time="0.450" /></testsuite></testsuites>